10:38:56.563 [main                     ] DEBUG Logger               - Configured Logger
10:38:56.581 [main                     ] DEBUG GameApplication      - Logging settings
Title: TankWar
Version: 1.0
Width: 800
Height: 600
Fullscreen: false
Intro: false
Profiling: false
Single step:false
App Mode: DEVELOPER
Menu Key: ESCAPE
Stage Style: DECORATED
Scene Factory: class com.almasb.fxgl.app.scene.SceneFactory

10:38:56.921 [JavaFX Application Thread] DEBUG FXGLApplication      - Initializing FXGL
10:38:56.925 [JavaFX Application Thread] INFO  Engine               - FXGL-17.1 (24.03.2022 17.34) on WINDOWS (J:18.0.2.1 FX:18.0.2)
10:38:56.925 [JavaFX Application Thread] DEBUG Engine               - JRE Vendor Name: Oracle Corporation
10:38:56.926 [JavaFX Application Thread] DEBUG Engine               - Running on OS: Windows 10 version 10.0
10:38:56.926 [JavaFX Application Thread] DEBUG Engine               - Architecture: amd64
10:38:56.926 [JavaFX Application Thread] INFO  Engine               - Source code and latest versions at: https://github.com/AlmasB/FXGL
10:38:56.926 [JavaFX Application Thread] INFO  Engine               -       Ask questions and discuss at: https://github.com/AlmasB/FXGL/discussions
10:38:56.926 [JavaFX Application Thread] INFO  Engine               -              Join the FXGL chat at: https://gitter.im/AlmasB/FXGL
10:38:56.987 [JavaFX Application Thread] DEBUG PrimaryStageWindow   - Creating a JavaFX scene
10:38:57.020 [JavaFX Application Thread] DEBUG PrimaryStageWindow   - Target settings size: 800.0 x 600.0
10:38:57.020 [JavaFX Application Thread] DEBUG PrimaryStageWindow   - Scaled scene size:    800.0 x 600.0
10:38:57.021 [JavaFX Application Thread] DEBUG PrimaryStageWindow   - Scaled ratio: (1.0, 1.0)
10:38:57.021 [JavaFX Application Thread] DEBUG PrimaryStageWindow   - Set initial scene to FXGLStartupScene
10:38:57.025 [JavaFX Application Thread] DEBUG PrimaryStageWindow   - Opening main window
10:38:57.080 [JavaFX Application Thread] DEBUG PrimaryStageWindow   - Window border size: (14.4000244140625, 37.5999755859375)
10:38:57.080 [JavaFX Application Thread] DEBUG PrimaryStageWindow   - Scaled size: 800.0 x 600.0
10:38:57.081 [JavaFX Application Thread] DEBUG PrimaryStageWindow   - Scaled ratio: (1.0, 1.0)
10:38:57.081 [JavaFX Application Thread] DEBUG PrimaryStageWindow   - Scene size: 800.0 x 600.0
10:38:57.081 [JavaFX Application Thread] DEBUG PrimaryStageWindow   - Stage size: 814.4000244140625 x 637.5999755859375
10:38:57.085 [FXGL Background Thread 1 ] DEBUG Engine               - Initializing environment variables
10:38:57.114 [FXGL Background Thread 1 ] DEBUG FXGLAssetLoaderServi - User app class for loading assets: class henu.soft.tankwar.TankApp
10:38:57.114 [FXGL Background Thread 1 ] DEBUG GameApplicationServi - Applying CSS: fxgl_dark.css
10:38:57.115 [FXGL Background Thread 1 ] DEBUG FXGLAssetLoaderServi - Loading from file system: jar:file:///C:/Users/lenovo/.m2/repository/com/github/almasb/fxgl/17.1/fxgl-17.1.jar!/fxglassets/ui/css/fxgl_dark.css
10:38:57.144 [FXGL Background Thread 1 ] DEBUG GameApplicationServi - Initializing application scenes
10:38:57.201 [FXGL Background Thread 1 ] DEBUG GameWorld            - Game world initialized
10:38:57.240 [FXGL Background Thread 1 ] DEBUG PhysicsWorld         - Physics world initialized: appHeight=600, physics.ppm=50.0
10:38:57.240 [FXGL Background Thread 1 ] DEBUG PhysicsWorld         - Using strategy: BRUTE_FORCE
10:38:57.242 [FXGL Background Thread 1 ] DEBUG GameScene            - Game scene initialized: 800x600
10:38:57.249 [FXGL Background Thread 1 ] DEBUG FXGL.DefaultMenu     - createMenuBodyGameMenu()
10:38:57.258 [FXGL Background Thread 1 ] DEBUG FXGL.DefaultMenu     - createOptionsMenu()
10:38:57.265 [FXGL Background Thread 1 ] DEBUG FXGLAssetLoaderServi - Loading from file system: jar:file:///C:/Users/lenovo/.m2/repository/com/github/almasb/fxgl/17.1/fxgl-17.1.jar!/fxglassets/textures/particles/smoke.png
10:38:57.321 [FXGL Background Thread 1 ] DEBUG FXGLAssetLoaderServi - Loading from file system: jar:file:///C:/Users/lenovo/.m2/repository/com/github/almasb/fxgl/17.1/fxgl-17.1.jar!/fxglassets/textures/particles/trace_horizontal.png
10:38:57.341 [FXGL Background Thread 1 ] DEBUG GameApplicationServi - Application scenes initialized
10:38:57.347 [FXGL Background Thread 1 ] DEBUG SystemBundleService  - Loading FXGL system data
10:38:57.349 [FXGL Background Thread 1 ] DEBUG FileSystemAccess     - Reading from: G:\code file\2022\2022.12\java\TankWar\system\fxgl.bundle
10:38:57.354 [FXGL Background Thread 1 ] DEBUG SystemBundleService  - Bundle FXGL: {}
10:38:57.354 [FXGL Background Thread 1 ] DEBUG UpdaterService       - Checking for updates
10:38:57.357 [FXGL Background Thread 4 ] DEBUG FXGLApplication      - Loading fonts
10:38:57.357 [FXGL Background Thread 1 ] DEBUG FXGLApplication      - Loading default localization
10:38:57.357 [FXGL Background Thread 4 ] DEBUG FXGLAssetLoaderServi - Loading from file system: jar:file:///C:/Users/lenovo/.m2/repository/com/github/almasb/fxgl/17.1/fxgl-17.1.jar!/fxglassets/ui/fonts/VarelaRound-Regular.ttf
10:38:57.357 [FXGL Background Thread 1 ] DEBUG FXGLAssetLoaderServi - Loading from file system: jar:file:///C:/Users/lenovo/.m2/repository/com/github/almasb/fxgl/17.1/fxgl-17.1.jar!/fxglassets/languages/english.lang
10:38:57.366 [FXGL Background Thread 1 ] INFO  FXGLApplication      - FXGL initialization took: 0.282 sec
10:38:57.373 [JavaFX Application Thread] DEBUG Input                - Registered new binding: action0 - D
10:38:57.373 [JavaFX Application Thread] DEBUG Input                - Registered new binding: action1 - A
10:38:57.373 [JavaFX Application Thread] DEBUG Input                - Registered new binding: action2 - W
10:38:57.373 [JavaFX Application Thread] DEBUG Input                - Registered new binding: action3 - S
10:38:57.374 [JavaFX Application Thread] DEBUG Input                - Registered new binding: action4 - Space
10:38:57.374 [JavaFX Application Thread] DEBUG FXGLAssetLoaderServi - Loading from file system: file:/G:/code%20file/2022/2022.12/java/TankWar/target/classes/assets/textures/10.gif
10:38:57.378 [JavaFX Application Thread] DEBUG FXGLAssetLoaderServi - Loading from file system: jar:file:///C:/Users/lenovo/.m2/repository/com/github/almasb/fxgl/17.1/fxgl-17.1.jar!/fxglassets/textures/fxgl_default_cursor.png
10:38:57.380 [JavaFX Application Thread] DEBUG Input                - Registered new binding: Screenshot - CTRL+8
10:38:57.380 [JavaFX Application Thread] DEBUG Input                - Registered new binding: System info dump - CTRL+9
10:38:57.380 [JavaFX Application Thread] DEBUG Input                - Registered new binding: Restart - CTRL+R
10:38:57.380 [JavaFX Application Thread] DEBUG Input                - Registered new binding: Toggle Debug Camera - CTRL+7
10:38:57.382 [JavaFX Application Thread] DEBUG LoopRunner           - Starting loop
10:38:57.382 [JavaFX Application Thread] DEBUG LoopRunner           - Initializing JavaFX AnimationTimerLoop
10:38:57.382 [JavaFX Application Thread] DEBUG GameApplicationServi - Starting new game
10:38:57.383 [JavaFX Application Thread] DEBUG Input                - Clearing active input actions
10:38:57.388 [JavaFX Application Thread] DEBUG GameApplicationServi - Removing overlay from FXGLStartupScene and adding to FXGLLoadingScene
10:38:57.389 [JavaFX Application Thread] DEBUG PrimaryStageWindow   - FXGLStartupScene -> FXGLLoadingScene
10:38:57.389 [JavaFX Application Thread] DEBUG GameApplicationServi - Clearing previous game
10:38:57.389 [JavaFX Application Thread] DEBUG GameScene            - Clearing game scene
10:38:57.389 [JavaFX Application Thread] DEBUG GameWorld            - Clearing game world
10:38:57.389 [JavaFX Application Thread] DEBUG PhysicsWorld         - Clearing physics world
10:38:57.390 [FXGL Background Thread 1 ] DEBUG FXGLApplication      - Initializing game
10:38:57.396 [FXGL Background Thread 1 ] DEBUG FXGLAssetLoaderServi - Loading from file system: file:/G:/code%20file/2022/2022.12/java/TankWar/target/classes/assets/textures/tankR.gif
10:38:57.408 [FXGL Background Thread 1 ] DEBUG FXGLAssetLoaderServi - Loading from file system: file:/G:/code%20file/2022/2022.12/java/TankWar/target/classes/assets/textures/bricks.gif
10:38:57.437 [FXGL Background Thread 1 ] INFO  FXGLApplication      - Game initialization took: 0.046 sec
10:38:57.469 [FXGL Background Thread 4 ] DEBUG FXGLAssetLoaderServi - Loading from file system: jar:file:///C:/Users/lenovo/.m2/repository/com/github/almasb/fxgl/17.1/fxgl-17.1.jar!/fxglassets/ui/fonts/Abel-Regular.ttf
10:38:57.482 [JavaFX Application Thread] DEBUG Input                - Clearing active input actions
10:38:57.482 [FXGL Background Thread 4 ] DEBUG FXGLAssetLoaderServi - Loading from file system: jar:file:///C:/Users/lenovo/.m2/repository/com/github/almasb/fxgl/17.1/fxgl-17.1.jar!/fxglassets/ui/fonts/TerminalLandMono-Regular.otf
10:38:57.488 [FXGL Background Thread 4 ] DEBUG FXGLAssetLoaderServi - Loading from file system: jar:file:///C:/Users/lenovo/.m2/repository/com/github/almasb/fxgl/17.1/fxgl-17.1.jar!/fxglassets/ui/fonts/Courier-Prime.ttf
10:38:57.489 [JavaFX Application Thread] DEBUG GameApplicationServi - Removing overlay from FXGLLoadingScene and adding to GameScene
10:38:57.489 [JavaFX Application Thread] DEBUG PrimaryStageWindow   - FXGLLoadingScene -> GameScene
10:38:57.506 [JavaFX Application Thread] DEBUG FXGLApplication      - Registering font factories with UI factory
10:38:57.564 [FXGL Background Thread 2 ] WARN  UpdaterService       - Failed to find updates: javax.net.ssl.SSLHandshakeException: PKIX path building failed: sun.security.provider.certpath.SunCertPathBuilderException: unable to find valid certification path to requested target
10:39:00.358 [FXGL Background Thread 3 ] DEBUG Engine               - Logging environment variables
10:39:00.358 [FXGL Background Thread 3 ] DEBUG Engine               - achievements: []
10:39:00.358 [FXGL Background Thread 3 ] DEBUG Engine               - actualHeight: 600.0
10:39:00.358 [FXGL Background Thread 3 ] DEBUG Engine               - actualHeightProperty: ReadOnlyDoubleProperty [value: 600.0]
10:39:00.358 [FXGL Background Thread 3 ] DEBUG Engine               - actualWidth: 800.0
10:39:00.358 [FXGL Background Thread 3 ] DEBUG Engine               - actualWidthProperty: ReadOnlyDoubleProperty [value: 800.0]
10:39:00.358 [FXGL Background Thread 3 ] DEBUG Engine               - appIcon: 10.gif
10:39:00.358 [FXGL Background Thread 3 ] DEBUG Engine               - applicationMode: DEVELOPER
10:39:00.358 [FXGL Background Thread 3 ] DEBUG Engine               - cSSList: [fxgl_dark.css]
10:39:00.359 [FXGL Background Thread 3 ] DEBUG Engine               - collisionDetectionStrategy: BRUTE_FORCE
10:39:00.359 [FXGL Background Thread 3 ] DEBUG Engine               - configClass: Optional.empty
10:39:00.359 [FXGL Background Thread 3 ] DEBUG Engine               - credits: []
10:39:00.359 [FXGL Background Thread 3 ] DEBUG Engine               - defaultCursor: CursorInfo(imageName=fxgl_default_cursor.png, hotspotX=7.0, hotspotY=6.0)
10:39:00.359 [FXGL Background Thread 3 ] DEBUG Engine               - devBBoxColorProperty: ObjectProperty [value: 0xff0000ff]
10:39:00.359 [FXGL Background Thread 3 ] DEBUG Engine               - devEnableDebugCameraProperty: BooleanProperty [value: false]
10:39:00.359 [FXGL Background Thread 3 ] DEBUG Engine               - devSensorColorProperty: ObjectProperty [value: 0xffff00ff]
10:39:00.359 [FXGL Background Thread 3 ] DEBUG Engine               - devShowBBoxProperty: BooleanProperty [value: false]
10:39:00.359 [FXGL Background Thread 3 ] DEBUG Engine               - devShowPositionProperty: BooleanProperty [value: false]
10:39:00.359 [FXGL Background Thread 3 ] DEBUG Engine               - enabledMenuItems: []
10:39:00.359 [FXGL Background Thread 3 ] DEBUG Engine               - engineServices: [class com.almasb.fxgl.app.services.FXGLAssetLoaderService, class com.almasb.fxgl.app.FXGLApplication$GameApplicationService, class com.almasb.fxgl.app.services.FXGLDialogService, class com.almasb.fxgl.app.services.IOTaskExecutorService, class com.almasb.fxgl.io.FileSystemService, class com.almasb.fxgl.localization.LocalizationService, class com.almasb.fxgl.app.services.SystemBundleService, class com.almasb.fxgl.profile.SaveLoadService, class com.almasb.fxgl.ui.FXGLUIFactoryServiceProvider, class com.almasb.fxgl.ui.FXGLDialogFactoryServiceProvider, class com.almasb.fxgl.audio.AudioPlayer, class com.almasb.fxgl.notification.impl.NotificationServiceProvider, class com.almasb.fxgl.achievement.AchievementService, class com.almasb.fxgl.cutscene.CutsceneService, class com.almasb.fxgl.minigames.MiniGameService, class com.almasb.fxgl.net.NetService, class com.almasb.fxgl.app.services.UpdaterService, class com.almasb.fxgl.dev.DevService]
10:39:00.359 [FXGL Background Thread 3 ] DEBUG Engine               - fontGame: Abel-Regular.ttf
10:39:00.359 [FXGL Background Thread 3 ] DEBUG Engine               - fontMono: TerminalLandMono-Regular.otf
10:39:00.359 [FXGL Background Thread 3 ] DEBUG Engine               - fontText: Courier-Prime.ttf
10:39:00.360 [FXGL Background Thread 3 ] DEBUG Engine               - fontUI: VarelaRound-Regular.ttf
10:39:00.360 [FXGL Background Thread 3 ] DEBUG Engine               - fullScreen: BooleanProperty [value: false]
10:39:00.360 [FXGL Background Thread 3 ] DEBUG Engine               - gameDifficulty: MEDIUM
10:39:00.360 [FXGL Background Thread 3 ] DEBUG Engine               - gameDifficultyProperty: ObjectProperty [value: MEDIUM]
10:39:00.360 [FXGL Background Thread 3 ] DEBUG Engine               - globalMusicVolume: 0.5
10:39:00.360 [FXGL Background Thread 3 ] DEBUG Engine               - globalMusicVolumeProperty: DoubleProperty [value: 0.5]
10:39:00.360 [FXGL Background Thread 3 ] DEBUG Engine               - globalSoundVolume: 0.5
10:39:00.360 [FXGL Background Thread 3 ] DEBUG Engine               - globalSoundVolumeProperty: DoubleProperty [value: 0.5]
10:39:00.360 [FXGL Background Thread 3 ] DEBUG Engine               - height: 600
10:39:00.360 [FXGL Background Thread 3 ] DEBUG Engine               - is3D: false
10:39:00.360 [FXGL Background Thread 3 ] DEBUG Engine               - isAndroid: false
10:39:00.360 [FXGL Background Thread 3 ] DEBUG Engine               - isBrowser: false
10:39:00.360 [FXGL Background Thread 3 ] DEBUG Engine               - isClickFeedbackEnabled: false
10:39:00.360 [FXGL Background Thread 3 ] DEBUG Engine               - isCloseConfirmation: false
10:39:00.360 [FXGL Background Thread 3 ] DEBUG Engine               - isDesktop: true
10:39:00.360 [FXGL Background Thread 3 ] DEBUG Engine               - isDeveloperMenuEnabled: false
10:39:00.360 [FXGL Background Thread 3 ] DEBUG Engine               - isEmbedded: false
10:39:00.360 [FXGL Background Thread 3 ] DEBUG Engine               - isEntityPreloadEnabled: true
10:39:00.360 [FXGL Background Thread 3 ] DEBUG Engine               - isExperimentalTiledLargeMap: false
10:39:00.360 [FXGL Background Thread 3 ] DEBUG Engine               - isFileSystemWriteAllowed: true
10:39:00.360 [FXGL Background Thread 3 ] DEBUG Engine               - isFullScreenAllowed: false
10:39:00.360 [FXGL Background Thread 3 ] DEBUG Engine               - isFullScreenFromStart: false
10:39:00.360 [FXGL Background Thread 3 ] DEBUG Engine               - isGameMenuEnabled: true
10:39:00.361 [FXGL Background Thread 3 ] DEBUG Engine               - isIOS: false
10:39:00.361 [FXGL Background Thread 3 ] DEBUG Engine               - isIntroEnabled: false
10:39:00.361 [FXGL Background Thread 3 ] DEBUG Engine               - isLinux: false
10:39:00.361 [FXGL Background Thread 3 ] DEBUG Engine               - isMac: false
10:39:00.361 [FXGL Background Thread 3 ] DEBUG Engine               - isMainMenuEnabled: false
10:39:00.361 [FXGL Background Thread 3 ] DEBUG Engine               - isManualResizeEnabled: false
10:39:00.361 [FXGL Background Thread 3 ] DEBUG Engine               - isMobile: false
10:39:00.361 [FXGL Background Thread 3 ] DEBUG Engine               - isNative: false
10:39:00.361 [FXGL Background Thread 3 ] DEBUG Engine               - isPauseMusicWhenMinimized: true
10:39:00.361 [FXGL Background Thread 3 ] DEBUG Engine               - isPreserveResizeRatio: false
10:39:00.361 [FXGL Background Thread 3 ] DEBUG Engine               - isProfilingEnabled: false
10:39:00.361 [FXGL Background Thread 3 ] DEBUG Engine               - isScaleAffectedOnResize: true
10:39:00.361 [FXGL Background Thread 3 ] DEBUG Engine               - isSingleStep: false
10:39:00.361 [FXGL Background Thread 3 ] DEBUG Engine               - isUserProfileEnabled: false
10:39:00.361 [FXGL Background Thread 3 ] DEBUG Engine               - isWindows: true
10:39:00.361 [FXGL Background Thread 3 ] DEBUG Engine               - language: ObjectProperty [value: ENGLISH]
10:39:00.361 [FXGL Background Thread 3 ] DEBUG Engine               - menuKey: ESCAPE
10:39:00.361 [FXGL Background Thread 3 ] DEBUG Engine               - mouseSensitivity: 0.2
10:39:00.361 [FXGL Background Thread 3 ] DEBUG Engine               - notificationViewClass: class com.almasb.fxgl.notification.view.XboxNotificationView
10:39:00.361 [FXGL Background Thread 3 ] DEBUG Engine               - pixelsPerMeter: 50.0
10:39:00.361 [FXGL Background Thread 3 ] DEBUG Engine               - platform: WINDOWS
10:39:00.361 [FXGL Background Thread 3 ] DEBUG Engine               - prefHeightProperty: ReadOnlyDoubleProperty [value: 600.0]
10:39:00.361 [FXGL Background Thread 3 ] DEBUG Engine               - prefWidthProperty: ReadOnlyDoubleProperty [value: 800.0]
10:39:00.361 [FXGL Background Thread 3 ] DEBUG Engine               - profileDir: profiles/
10:39:00.362 [FXGL Background Thread 3 ] DEBUG Engine               - profileName: StringProperty [value: DEFAULT]
10:39:00.362 [FXGL Background Thread 3 ] DEBUG Engine               - randomSeed: -1
10:39:00.362 [FXGL Background Thread 3 ] DEBUG Engine               - runtimeInfo: RuntimeInfo(platform=WINDOWS, version=17.1, build=24.03.2022 17.34)
10:39:00.362 [FXGL Background Thread 3 ] DEBUG Engine               - saveFileExt: sav
10:39:00.362 [FXGL Background Thread 3 ] DEBUG Engine               - scaledHeightProp$fxgl: DoubleProperty [bound, value: 600.0]
10:39:00.362 [FXGL Background Thread 3 ] DEBUG Engine               - scaledWidthProp$fxgl: DoubleProperty [bound, value: 800.0]
10:39:00.362 [FXGL Background Thread 3 ] DEBUG Engine               - sceneFactory: com.almasb.fxgl.app.scene.SceneFactory@40d4321e
10:39:00.362 [FXGL Background Thread 3 ] DEBUG Engine               - secondsIn24h: 60
10:39:00.362 [FXGL Background Thread 3 ] DEBUG Engine               - soundMenuBack: menu/back.wav
10:39:00.362 [FXGL Background Thread 3 ] DEBUG Engine               - soundMenuPress: menu/press.wav
10:39:00.362 [FXGL Background Thread 3 ] DEBUG Engine               - soundMenuSelect: menu/select.wav
10:39:00.362 [FXGL Background Thread 3 ] DEBUG Engine               - soundNotification: core/notification.wav
10:39:00.362 [FXGL Background Thread 3 ] DEBUG Engine               - stageStyle: DECORATED
10:39:00.362 [FXGL Background Thread 3 ] DEBUG Engine               - supportedLanguages: [ENGLISH, FRENCH, GERMAN, HUNGARIAN, RUSSIAN]
10:39:00.362 [FXGL Background Thread 3 ] DEBUG Engine               - ticksPerSecond: -1
10:39:00.362 [FXGL Background Thread 3 ] DEBUG Engine               - title: TankWar
10:39:00.362 [FXGL Background Thread 3 ] DEBUG Engine               - urlGithub: https://github.com/AlmasB/FXGL
10:39:00.362 [FXGL Background Thread 3 ] DEBUG Engine               - urlLeaderboard: http://fxgl-top.herokuapp.com/
10:39:00.362 [FXGL Background Thread 3 ] DEBUG Engine               - urlPOM: https://raw.githubusercontent.com/AlmasB/FXGL/release/README.md
10:39:00.362 [FXGL Background Thread 3 ] DEBUG Engine               - userAppClass: class henu.soft.tankwar.TankApp
10:39:00.362 [FXGL Background Thread 3 ] DEBUG Engine               - version: 1.0
10:39:00.362 [FXGL Background Thread 3 ] DEBUG Engine               - versionCheckDays: 7
10:39:00.362 [FXGL Background Thread 3 ] DEBUG Engine               - width: 800
10:39:00.362 [FXGL Background Thread 3 ] DEBUG Engine               - Logging services
10:39:00.362 [FXGL Background Thread 3 ] DEBUG Engine               - class com.almasb.fxgl.app.services.FXGLAssetLoaderService
10:39:00.363 [FXGL Background Thread 3 ] DEBUG Engine               - class com.almasb.fxgl.app.FXGLApplication$GameApplicationService
10:39:00.363 [FXGL Background Thread 3 ] DEBUG Engine               - class com.almasb.fxgl.app.services.FXGLDialogService
10:39:00.363 [FXGL Background Thread 3 ] DEBUG Engine               - class com.almasb.fxgl.app.services.IOTaskExecutorService
10:39:00.363 [FXGL Background Thread 3 ] DEBUG Engine               - class com.almasb.fxgl.io.FileSystemService
10:39:00.363 [FXGL Background Thread 3 ] DEBUG Engine               - class com.almasb.fxgl.localization.LocalizationService
10:39:00.363 [FXGL Background Thread 3 ] DEBUG Engine               - class com.almasb.fxgl.app.services.SystemBundleService
10:39:00.363 [FXGL Background Thread 3 ] DEBUG Engine               - class com.almasb.fxgl.profile.SaveLoadService
10:39:00.363 [FXGL Background Thread 3 ] DEBUG Engine               - class com.almasb.fxgl.ui.FXGLUIFactoryServiceProvider
10:39:00.363 [FXGL Background Thread 3 ] DEBUG Engine               - class com.almasb.fxgl.ui.FXGLDialogFactoryServiceProvider
10:39:00.363 [FXGL Background Thread 3 ] DEBUG Engine               - class com.almasb.fxgl.audio.AudioPlayer
10:39:00.363 [FXGL Background Thread 3 ] DEBUG Engine               - class com.almasb.fxgl.notification.impl.NotificationServiceProvider
10:39:00.363 [FXGL Background Thread 3 ] DEBUG Engine               - class com.almasb.fxgl.achievement.AchievementService
10:39:00.363 [FXGL Background Thread 3 ] DEBUG Engine               - class com.almasb.fxgl.cutscene.CutsceneService
10:39:00.363 [FXGL Background Thread 3 ] DEBUG Engine               - class com.almasb.fxgl.minigames.MiniGameService
10:39:00.363 [FXGL Background Thread 3 ] DEBUG Engine               - class com.almasb.fxgl.net.NetService
10:39:00.363 [FXGL Background Thread 3 ] DEBUG Engine               - class com.almasb.fxgl.app.services.UpdaterService
10:39:00.363 [FXGL Background Thread 3 ] DEBUG Engine               - class com.almasb.fxgl.dev.DevService
10:39:12.405 [JavaFX Application Thread] DEBUG FXGLApplication      - Exiting FXGL
10:39:12.406 [JavaFX Application Thread] DEBUG LoopRunner           - Stopping loop
10:39:12.406 [JavaFX Application Thread] DEBUG SystemBundleService  - Saving FXGL system data
10:39:12.407 [JavaFX Application Thread] DEBUG FileSystemAccess     - Writing to: G:\code file\2022\2022.12\java\TankWar\system\fxgl.bundle
10:39:12.408 [JavaFX Application Thread] DEBUG Async                - Shutting down background threads
10:39:12.408 [JavaFX Application Thread] DEBUG PrimaryStageWindow   - Closing main window
10:39:12.416 [JavaFX Application Thread] DEBUG Logger               - Closing Logger
