15:32:44.880 [main                     ] DEBUG Logger               - Configured Logger
15:32:44.899 [main                     ] DEBUG GameApplication      - Logging settings
Title: TankWar
Version: 1.0
Width: 800
Height: 600
Fullscreen: false
Intro: false
Profiling: false
Single step:false
App Mode: DEVELOPER
Menu Key: ESCAPE
Stage Style: DECORATED
Scene Factory: class com.almasb.fxgl.app.scene.SceneFactory

15:32:45.265 [JavaFX Application Thread] DEBUG FXGLApplication      - Initializing FXGL
15:32:45.269 [JavaFX Application Thread] INFO  Engine               - FXGL-17.1 (24.03.2022 17.34) on WINDOWS (J:18.0.2.1 FX:18.0.2)
15:32:45.270 [JavaFX Application Thread] DEBUG Engine               - JRE Vendor Name: Oracle Corporation
15:32:45.270 [JavaFX Application Thread] DEBUG Engine               - Running on OS: Windows 10 version 10.0
15:32:45.270 [JavaFX Application Thread] DEBUG Engine               - Architecture: amd64
15:32:45.270 [JavaFX Application Thread] INFO  Engine               - Source code and latest versions at: https://github.com/AlmasB/FXGL
15:32:45.270 [JavaFX Application Thread] INFO  Engine               -       Ask questions and discuss at: https://github.com/AlmasB/FXGL/discussions
15:32:45.270 [JavaFX Application Thread] INFO  Engine               -              Join the FXGL chat at: https://gitter.im/AlmasB/FXGL
15:32:45.331 [JavaFX Application Thread] DEBUG PrimaryStageWindow   - Creating a JavaFX scene
15:32:45.364 [JavaFX Application Thread] DEBUG PrimaryStageWindow   - Target settings size: 800.0 x 600.0
15:32:45.364 [JavaFX Application Thread] DEBUG PrimaryStageWindow   - Scaled scene size:    800.0 x 600.0
15:32:45.364 [JavaFX Application Thread] DEBUG PrimaryStageWindow   - Scaled ratio: (1.0, 1.0)
15:32:45.365 [JavaFX Application Thread] DEBUG PrimaryStageWindow   - Set initial scene to FXGLStartupScene
15:32:45.370 [JavaFX Application Thread] DEBUG PrimaryStageWindow   - Opening main window
15:32:45.428 [JavaFX Application Thread] DEBUG PrimaryStageWindow   - Window border size: (14.4000244140625, 37.5999755859375)
15:32:45.429 [JavaFX Application Thread] DEBUG PrimaryStageWindow   - Scaled size: 800.0 x 600.0
15:32:45.429 [JavaFX Application Thread] DEBUG PrimaryStageWindow   - Scaled ratio: (1.0, 1.0)
15:32:45.429 [JavaFX Application Thread] DEBUG PrimaryStageWindow   - Scene size: 800.0 x 600.0
15:32:45.429 [JavaFX Application Thread] DEBUG PrimaryStageWindow   - Stage size: 814.4000244140625 x 637.5999755859375
15:32:45.433 [FXGL Background Thread 1 ] DEBUG Engine               - Initializing environment variables
15:32:45.466 [FXGL Background Thread 1 ] DEBUG FXGLAssetLoaderServi - User app class for loading assets: class henu.soft.tankwar.TankApp
15:32:45.466 [FXGL Background Thread 1 ] DEBUG GameApplicationServi - Applying CSS: fxgl_dark.css
15:32:45.466 [FXGL Background Thread 1 ] DEBUG FXGLAssetLoaderServi - Loading from file system: jar:file:///C:/Users/lenovo/.m2/repository/com/github/almasb/fxgl/17.1/fxgl-17.1.jar!/fxglassets/ui/css/fxgl_dark.css
15:32:45.497 [FXGL Background Thread 1 ] DEBUG GameApplicationServi - Initializing application scenes
15:32:45.560 [FXGL Background Thread 1 ] DEBUG GameWorld            - Game world initialized
15:32:45.595 [FXGL Background Thread 1 ] DEBUG PhysicsWorld         - Physics world initialized: appHeight=600, physics.ppm=50.0
15:32:45.595 [FXGL Background Thread 1 ] DEBUG PhysicsWorld         - Using strategy: BRUTE_FORCE
15:32:45.598 [FXGL Background Thread 1 ] DEBUG GameScene            - Game scene initialized: 800x600
15:32:45.605 [FXGL Background Thread 1 ] DEBUG FXGL.DefaultMenu     - createMenuBodyGameMenu()
15:32:45.613 [FXGL Background Thread 1 ] DEBUG FXGL.DefaultMenu     - createOptionsMenu()
15:32:45.620 [FXGL Background Thread 1 ] DEBUG FXGLAssetLoaderServi - Loading from file system: jar:file:///C:/Users/lenovo/.m2/repository/com/github/almasb/fxgl/17.1/fxgl-17.1.jar!/fxglassets/textures/particles/smoke.png
15:32:45.680 [FXGL Background Thread 1 ] DEBUG FXGLAssetLoaderServi - Loading from file system: jar:file:///C:/Users/lenovo/.m2/repository/com/github/almasb/fxgl/17.1/fxgl-17.1.jar!/fxglassets/textures/particles/trace_horizontal.png
15:32:45.700 [FXGL Background Thread 1 ] DEBUG GameApplicationServi - Application scenes initialized
15:32:45.709 [FXGL Background Thread 1 ] DEBUG SystemBundleService  - Loading FXGL system data
15:32:45.712 [FXGL Background Thread 1 ] DEBUG FileSystemAccess     - Reading from: G:\code file\2022\2022.12\java\TankWar\system\fxgl.bundle
15:32:45.719 [FXGL Background Thread 1 ] DEBUG SystemBundleService  - Bundle FXGL: {}
15:32:45.719 [FXGL Background Thread 1 ] DEBUG UpdaterService       - Checking for updates
15:32:45.722 [FXGL Background Thread 4 ] DEBUG FXGLApplication      - Loading fonts
15:32:45.722 [FXGL Background Thread 1 ] DEBUG FXGLApplication      - Loading default localization
15:32:45.722 [FXGL Background Thread 4 ] DEBUG FXGLAssetLoaderServi - Loading from file system: jar:file:///C:/Users/lenovo/.m2/repository/com/github/almasb/fxgl/17.1/fxgl-17.1.jar!/fxglassets/ui/fonts/VarelaRound-Regular.ttf
15:32:45.722 [FXGL Background Thread 1 ] DEBUG FXGLAssetLoaderServi - Loading from file system: jar:file:///C:/Users/lenovo/.m2/repository/com/github/almasb/fxgl/17.1/fxgl-17.1.jar!/fxglassets/languages/english.lang
15:32:45.732 [FXGL Background Thread 1 ] INFO  FXGLApplication      - FXGL initialization took: 0.298 sec
15:32:45.738 [JavaFX Application Thread] DEBUG Input                - Registered new binding: action0 - D
15:32:45.738 [JavaFX Application Thread] DEBUG Input                - Registered new binding: action1 - A
15:32:45.738 [JavaFX Application Thread] DEBUG Input                - Registered new binding: action2 - W
15:32:45.738 [JavaFX Application Thread] DEBUG Input                - Registered new binding: action3 - S
15:32:45.739 [JavaFX Application Thread] DEBUG Input                - Registered new binding: shoot - Space
15:32:45.739 [JavaFX Application Thread] DEBUG FXGLAssetLoaderServi - Loading from file system: file:/G:/code%20file/2022/2022.12/java/TankWar/target/classes/assets/textures/10.gif
15:32:45.744 [JavaFX Application Thread] DEBUG FXGLAssetLoaderServi - Loading from file system: jar:file:///C:/Users/lenovo/.m2/repository/com/github/almasb/fxgl/17.1/fxgl-17.1.jar!/fxglassets/textures/fxgl_default_cursor.png
15:32:45.745 [JavaFX Application Thread] DEBUG Input                - Registered new binding: Screenshot - CTRL+8
15:32:45.746 [JavaFX Application Thread] DEBUG Input                - Registered new binding: System info dump - CTRL+9
15:32:45.746 [JavaFX Application Thread] DEBUG Input                - Registered new binding: Restart - CTRL+R
15:32:45.746 [JavaFX Application Thread] DEBUG Input                - Registered new binding: Toggle Debug Camera - CTRL+7
15:32:45.747 [JavaFX Application Thread] DEBUG LoopRunner           - Starting loop
15:32:45.747 [JavaFX Application Thread] DEBUG LoopRunner           - Initializing JavaFX AnimationTimerLoop
15:32:45.748 [JavaFX Application Thread] DEBUG GameApplicationServi - Starting new game
15:32:45.748 [JavaFX Application Thread] DEBUG Input                - Clearing active input actions
15:32:45.755 [JavaFX Application Thread] DEBUG GameApplicationServi - Removing overlay from FXGLStartupScene and adding to FXGLLoadingScene
15:32:45.756 [JavaFX Application Thread] DEBUG PrimaryStageWindow   - FXGLStartupScene -> FXGLLoadingScene
15:32:45.756 [JavaFX Application Thread] DEBUG GameApplicationServi - Clearing previous game
15:32:45.756 [JavaFX Application Thread] DEBUG GameScene            - Clearing game scene
15:32:45.756 [JavaFX Application Thread] DEBUG GameWorld            - Clearing game world
15:32:45.756 [JavaFX Application Thread] DEBUG PhysicsWorld         - Clearing physics world
15:32:45.757 [FXGL Background Thread 1 ] DEBUG FXGLApplication      - Initializing game
15:32:45.758 [FXGL Background Thread 1 ] DEBUG FXGLAssetLoaderServi - Loading from file system: file:/G:/code%20file/2022/2022.12/java/TankWar/target/classes/assets/textures/tankR.gif
15:32:45.765 [FXGL Background Thread 1 ] DEBUG FXGLAssetLoaderServi - Loading from file system: file:/G:/code%20file/2022/2022.12/java/TankWar/target/classes/assets/textures/tankD.gif
15:32:45.781 [FXGL Background Thread 1 ] INFO  FXGLApplication      - Game initialization took: 0.024 sec
15:32:45.781 [JavaFX Application Thread] DEBUG Input                - Clearing active input actions
15:32:45.788 [JavaFX Application Thread] DEBUG GameApplicationServi - Removing overlay from FXGLLoadingScene and adding to GameScene
15:32:45.788 [JavaFX Application Thread] DEBUG PrimaryStageWindow   - FXGLLoadingScene -> GameScene
15:32:45.844 [FXGL Background Thread 4 ] DEBUG FXGLAssetLoaderServi - Loading from file system: jar:file:///C:/Users/lenovo/.m2/repository/com/github/almasb/fxgl/17.1/fxgl-17.1.jar!/fxglassets/ui/fonts/Abel-Regular.ttf
15:32:45.854 [FXGL Background Thread 4 ] DEBUG FXGLAssetLoaderServi - Loading from file system: jar:file:///C:/Users/lenovo/.m2/repository/com/github/almasb/fxgl/17.1/fxgl-17.1.jar!/fxglassets/ui/fonts/TerminalLandMono-Regular.otf
15:32:45.860 [FXGL Background Thread 4 ] DEBUG FXGLAssetLoaderServi - Loading from file system: jar:file:///C:/Users/lenovo/.m2/repository/com/github/almasb/fxgl/17.1/fxgl-17.1.jar!/fxglassets/ui/fonts/Courier-Prime.ttf
15:32:45.868 [JavaFX Application Thread] DEBUG FXGLApplication      - Registering font factories with UI factory
15:32:46.163 [FXGL Background Thread 2 ] INFO  UpdaterService       - Your current version:  17.1
15:32:46.163 [FXGL Background Thread 2 ] INFO  UpdaterService       - Latest stable version: 17.2
15:32:48.396 [JavaFX Application Thread] DEBUG FXGLAssetLoaderServi - Loading from file system: file:/G:/code%20file/2022/2022.12/java/TankWar/target/classes/assets/textures/missileR.gif
15:32:48.722 [FXGL Background Thread 3 ] DEBUG Engine               - Logging environment variables
15:32:48.722 [FXGL Background Thread 3 ] DEBUG Engine               - achievements: []
15:32:48.722 [FXGL Background Thread 3 ] DEBUG Engine               - actualHeight: 600.0
15:32:48.722 [FXGL Background Thread 3 ] DEBUG Engine               - actualHeightProperty: ReadOnlyDoubleProperty [value: 600.0]
15:32:48.722 [FXGL Background Thread 3 ] DEBUG Engine               - actualWidth: 800.0
15:32:48.722 [FXGL Background Thread 3 ] DEBUG Engine               - actualWidthProperty: ReadOnlyDoubleProperty [value: 800.0]
15:32:48.722 [FXGL Background Thread 3 ] DEBUG Engine               - appIcon: 10.gif
15:32:48.722 [FXGL Background Thread 3 ] DEBUG Engine               - applicationMode: DEVELOPER
15:32:48.722 [FXGL Background Thread 3 ] DEBUG Engine               - cSSList: [fxgl_dark.css]
15:32:48.723 [FXGL Background Thread 3 ] DEBUG Engine               - collisionDetectionStrategy: BRUTE_FORCE
15:32:48.723 [FXGL Background Thread 3 ] DEBUG Engine               - configClass: Optional.empty
15:32:48.723 [FXGL Background Thread 3 ] DEBUG Engine               - credits: []
15:32:48.723 [FXGL Background Thread 3 ] DEBUG Engine               - defaultCursor: CursorInfo(imageName=fxgl_default_cursor.png, hotspotX=7.0, hotspotY=6.0)
15:32:48.723 [FXGL Background Thread 3 ] DEBUG Engine               - devBBoxColorProperty: ObjectProperty [value: 0xff0000ff]
15:32:48.723 [FXGL Background Thread 3 ] DEBUG Engine               - devEnableDebugCameraProperty: BooleanProperty [value: false]
15:32:48.723 [FXGL Background Thread 3 ] DEBUG Engine               - devSensorColorProperty: ObjectProperty [value: 0xffff00ff]
15:32:48.723 [FXGL Background Thread 3 ] DEBUG Engine               - devShowBBoxProperty: BooleanProperty [value: false]
15:32:48.723 [FXGL Background Thread 3 ] DEBUG Engine               - devShowPositionProperty: BooleanProperty [value: false]
15:32:48.723 [FXGL Background Thread 3 ] DEBUG Engine               - enabledMenuItems: []
15:32:48.723 [FXGL Background Thread 3 ] DEBUG Engine               - engineServices: [class com.almasb.fxgl.app.services.FXGLAssetLoaderService, class com.almasb.fxgl.app.FXGLApplication$GameApplicationService, class com.almasb.fxgl.app.services.FXGLDialogService, class com.almasb.fxgl.app.services.IOTaskExecutorService, class com.almasb.fxgl.io.FileSystemService, class com.almasb.fxgl.localization.LocalizationService, class com.almasb.fxgl.app.services.SystemBundleService, class com.almasb.fxgl.profile.SaveLoadService, class com.almasb.fxgl.ui.FXGLUIFactoryServiceProvider, class com.almasb.fxgl.ui.FXGLDialogFactoryServiceProvider, class com.almasb.fxgl.audio.AudioPlayer, class com.almasb.fxgl.notification.impl.NotificationServiceProvider, class com.almasb.fxgl.achievement.AchievementService, class com.almasb.fxgl.cutscene.CutsceneService, class com.almasb.fxgl.minigames.MiniGameService, class com.almasb.fxgl.net.NetService, class com.almasb.fxgl.app.services.UpdaterService, class com.almasb.fxgl.dev.DevService]
15:32:48.723 [FXGL Background Thread 3 ] DEBUG Engine               - fontGame: Abel-Regular.ttf
15:32:48.723 [FXGL Background Thread 3 ] DEBUG Engine               - fontMono: TerminalLandMono-Regular.otf
15:32:48.723 [FXGL Background Thread 3 ] DEBUG Engine               - fontText: Courier-Prime.ttf
15:32:48.723 [FXGL Background Thread 3 ] DEBUG Engine               - fontUI: VarelaRound-Regular.ttf
15:32:48.723 [FXGL Background Thread 3 ] DEBUG Engine               - fullScreen: BooleanProperty [value: false]
15:32:48.724 [FXGL Background Thread 3 ] DEBUG Engine               - gameDifficulty: MEDIUM
15:32:48.724 [FXGL Background Thread 3 ] DEBUG Engine               - gameDifficultyProperty: ObjectProperty [value: MEDIUM]
15:32:48.724 [FXGL Background Thread 3 ] DEBUG Engine               - globalMusicVolume: 0.5
15:32:48.724 [FXGL Background Thread 3 ] DEBUG Engine               - globalMusicVolumeProperty: DoubleProperty [value: 0.5]
15:32:48.724 [FXGL Background Thread 3 ] DEBUG Engine               - globalSoundVolume: 0.5
15:32:48.724 [FXGL Background Thread 3 ] DEBUG Engine               - globalSoundVolumeProperty: DoubleProperty [value: 0.5]
15:32:48.724 [FXGL Background Thread 3 ] DEBUG Engine               - height: 600
15:32:48.724 [FXGL Background Thread 3 ] DEBUG Engine               - is3D: false
15:32:48.724 [FXGL Background Thread 3 ] DEBUG Engine               - isAndroid: false
15:32:48.724 [FXGL Background Thread 3 ] DEBUG Engine               - isBrowser: false
15:32:48.724 [FXGL Background Thread 3 ] DEBUG Engine               - isClickFeedbackEnabled: false
15:32:48.724 [FXGL Background Thread 3 ] DEBUG Engine               - isCloseConfirmation: false
15:32:48.724 [FXGL Background Thread 3 ] DEBUG Engine               - isDesktop: true
15:32:48.724 [FXGL Background Thread 3 ] DEBUG Engine               - isDeveloperMenuEnabled: false
15:32:48.724 [FXGL Background Thread 3 ] DEBUG Engine               - isEmbedded: false
15:32:48.724 [FXGL Background Thread 3 ] DEBUG Engine               - isEntityPreloadEnabled: true
15:32:48.724 [FXGL Background Thread 3 ] DEBUG Engine               - isExperimentalTiledLargeMap: false
15:32:48.724 [FXGL Background Thread 3 ] DEBUG Engine               - isFileSystemWriteAllowed: true
15:32:48.724 [FXGL Background Thread 3 ] DEBUG Engine               - isFullScreenAllowed: false
15:32:48.724 [FXGL Background Thread 3 ] DEBUG Engine               - isFullScreenFromStart: false
15:32:48.725 [FXGL Background Thread 3 ] DEBUG Engine               - isGameMenuEnabled: true
15:32:48.725 [FXGL Background Thread 3 ] DEBUG Engine               - isIOS: false
15:32:48.725 [FXGL Background Thread 3 ] DEBUG Engine               - isIntroEnabled: false
15:32:48.725 [FXGL Background Thread 3 ] DEBUG Engine               - isLinux: false
15:32:48.725 [FXGL Background Thread 3 ] DEBUG Engine               - isMac: false
15:32:48.725 [FXGL Background Thread 3 ] DEBUG Engine               - isMainMenuEnabled: false
15:32:48.725 [FXGL Background Thread 3 ] DEBUG Engine               - isManualResizeEnabled: false
15:32:48.725 [FXGL Background Thread 3 ] DEBUG Engine               - isMobile: false
15:32:48.725 [FXGL Background Thread 3 ] DEBUG Engine               - isNative: false
15:32:48.725 [FXGL Background Thread 3 ] DEBUG Engine               - isPauseMusicWhenMinimized: true
15:32:48.725 [FXGL Background Thread 3 ] DEBUG Engine               - isPreserveResizeRatio: false
15:32:48.725 [FXGL Background Thread 3 ] DEBUG Engine               - isProfilingEnabled: false
15:32:48.725 [FXGL Background Thread 3 ] DEBUG Engine               - isScaleAffectedOnResize: true
15:32:48.725 [FXGL Background Thread 3 ] DEBUG Engine               - isSingleStep: false
15:32:48.725 [FXGL Background Thread 3 ] DEBUG Engine               - isUserProfileEnabled: false
15:32:48.725 [FXGL Background Thread 3 ] DEBUG Engine               - isWindows: true
15:32:48.725 [FXGL Background Thread 3 ] DEBUG Engine               - language: ObjectProperty [value: ENGLISH]
15:32:48.725 [FXGL Background Thread 3 ] DEBUG Engine               - menuKey: ESCAPE
15:32:48.725 [FXGL Background Thread 3 ] DEBUG Engine               - mouseSensitivity: 0.2
15:32:48.725 [FXGL Background Thread 3 ] DEBUG Engine               - notificationViewClass: class com.almasb.fxgl.notification.view.XboxNotificationView
15:32:48.725 [FXGL Background Thread 3 ] DEBUG Engine               - pixelsPerMeter: 50.0
15:32:48.725 [FXGL Background Thread 3 ] DEBUG Engine               - platform: WINDOWS
15:32:48.726 [FXGL Background Thread 3 ] DEBUG Engine               - prefHeightProperty: ReadOnlyDoubleProperty [value: 600.0]
15:32:48.726 [FXGL Background Thread 3 ] DEBUG Engine               - prefWidthProperty: ReadOnlyDoubleProperty [value: 800.0]
15:32:48.726 [FXGL Background Thread 3 ] DEBUG Engine               - profileDir: profiles/
15:32:48.726 [FXGL Background Thread 3 ] DEBUG Engine               - profileName: StringProperty [value: DEFAULT]
15:32:48.726 [FXGL Background Thread 3 ] DEBUG Engine               - randomSeed: -1
15:32:48.726 [FXGL Background Thread 3 ] DEBUG Engine               - runtimeInfo: RuntimeInfo(platform=WINDOWS, version=17.1, build=24.03.2022 17.34)
15:32:48.726 [FXGL Background Thread 3 ] DEBUG Engine               - saveFileExt: sav
15:32:48.726 [FXGL Background Thread 3 ] DEBUG Engine               - scaledHeightProp$fxgl: DoubleProperty [bound, value: 600.0]
15:32:48.726 [FXGL Background Thread 3 ] DEBUG Engine               - scaledWidthProp$fxgl: DoubleProperty [bound, value: 800.0]
15:32:48.726 [FXGL Background Thread 3 ] DEBUG Engine               - sceneFactory: com.almasb.fxgl.app.scene.SceneFactory@2150e4d0
15:32:48.726 [FXGL Background Thread 3 ] DEBUG Engine               - secondsIn24h: 60
15:32:48.726 [FXGL Background Thread 3 ] DEBUG Engine               - soundMenuBack: menu/back.wav
15:32:48.726 [FXGL Background Thread 3 ] DEBUG Engine               - soundMenuPress: menu/press.wav
15:32:48.726 [FXGL Background Thread 3 ] DEBUG Engine               - soundMenuSelect: menu/select.wav
15:32:48.726 [FXGL Background Thread 3 ] DEBUG Engine               - soundNotification: core/notification.wav
15:32:48.726 [FXGL Background Thread 3 ] DEBUG Engine               - stageStyle: DECORATED
15:32:48.726 [FXGL Background Thread 3 ] DEBUG Engine               - supportedLanguages: [ENGLISH, FRENCH, GERMAN, HUNGARIAN, RUSSIAN]
15:32:48.726 [FXGL Background Thread 3 ] DEBUG Engine               - ticksPerSecond: -1
15:32:48.726 [FXGL Background Thread 3 ] DEBUG Engine               - title: TankWar
15:32:48.727 [FXGL Background Thread 3 ] DEBUG Engine               - urlGithub: https://github.com/AlmasB/FXGL
15:32:48.727 [FXGL Background Thread 3 ] DEBUG Engine               - urlLeaderboard: http://fxgl-top.herokuapp.com/
15:32:48.727 [FXGL Background Thread 3 ] DEBUG Engine               - urlPOM: https://raw.githubusercontent.com/AlmasB/FXGL/release/README.md
15:32:48.727 [FXGL Background Thread 3 ] DEBUG Engine               - userAppClass: class henu.soft.tankwar.TankApp
15:32:48.727 [FXGL Background Thread 3 ] DEBUG Engine               - version: 1.0
15:32:48.727 [FXGL Background Thread 3 ] DEBUG Engine               - versionCheckDays: 7
15:32:48.727 [FXGL Background Thread 3 ] DEBUG Engine               - width: 800
15:32:48.727 [FXGL Background Thread 3 ] DEBUG Engine               - Logging services
15:32:48.727 [FXGL Background Thread 3 ] DEBUG Engine               - class com.almasb.fxgl.app.services.FXGLAssetLoaderService
15:32:48.727 [FXGL Background Thread 3 ] DEBUG Engine               - class com.almasb.fxgl.app.FXGLApplication$GameApplicationService
15:32:48.727 [FXGL Background Thread 3 ] DEBUG Engine               - class com.almasb.fxgl.app.services.FXGLDialogService
15:32:48.727 [FXGL Background Thread 3 ] DEBUG Engine               - class com.almasb.fxgl.app.services.IOTaskExecutorService
15:32:48.727 [FXGL Background Thread 3 ] DEBUG Engine               - class com.almasb.fxgl.io.FileSystemService
15:32:48.727 [FXGL Background Thread 3 ] DEBUG Engine               - class com.almasb.fxgl.localization.LocalizationService
15:32:48.727 [FXGL Background Thread 3 ] DEBUG Engine               - class com.almasb.fxgl.app.services.SystemBundleService
15:32:48.727 [FXGL Background Thread 3 ] DEBUG Engine               - class com.almasb.fxgl.profile.SaveLoadService
15:32:48.727 [FXGL Background Thread 3 ] DEBUG Engine               - class com.almasb.fxgl.ui.FXGLUIFactoryServiceProvider
15:32:48.727 [FXGL Background Thread 3 ] DEBUG Engine               - class com.almasb.fxgl.ui.FXGLDialogFactoryServiceProvider
15:32:48.727 [FXGL Background Thread 3 ] DEBUG Engine               - class com.almasb.fxgl.audio.AudioPlayer
15:32:48.727 [FXGL Background Thread 3 ] DEBUG Engine               - class com.almasb.fxgl.notification.impl.NotificationServiceProvider
15:32:48.727 [FXGL Background Thread 3 ] DEBUG Engine               - class com.almasb.fxgl.achievement.AchievementService
15:32:48.727 [FXGL Background Thread 3 ] DEBUG Engine               - class com.almasb.fxgl.cutscene.CutsceneService
15:32:48.728 [FXGL Background Thread 3 ] DEBUG Engine               - class com.almasb.fxgl.minigames.MiniGameService
15:32:48.728 [FXGL Background Thread 3 ] DEBUG Engine               - class com.almasb.fxgl.net.NetService
15:32:48.728 [FXGL Background Thread 3 ] DEBUG Engine               - class com.almasb.fxgl.app.services.UpdaterService
15:32:48.728 [FXGL Background Thread 3 ] DEBUG Engine               - class com.almasb.fxgl.dev.DevService
15:32:51.969 [JavaFX Application Thread] DEBUG FXGLApplication      - Exiting FXGL
15:32:51.969 [JavaFX Application Thread] DEBUG LoopRunner           - Stopping loop
15:32:51.969 [JavaFX Application Thread] DEBUG SystemBundleService  - Saving FXGL system data
15:32:51.971 [JavaFX Application Thread] DEBUG FileSystemAccess     - Writing to: G:\code file\2022\2022.12\java\TankWar\system\fxgl.bundle
15:32:51.972 [JavaFX Application Thread] DEBUG Async                - Shutting down background threads
15:32:51.972 [JavaFX Application Thread] DEBUG PrimaryStageWindow   - Closing main window
15:32:51.981 [JavaFX Application Thread] DEBUG Logger               - Closing Logger
