10:28:44.307 [main                     ] DEBUG Logger               - Configured Logger
10:28:44.324 [main                     ] DEBUG GameApplication      - Logging settings
Title: TankWar
Version: 1.0
Width: 800
Height: 600
Fullscreen: false
Intro: false
Profiling: false
Single step:false
App Mode: DEVELOPER
Menu Key: ESCAPE
Stage Style: DECORATED
Scene Factory: class com.almasb.fxgl.app.scene.SceneFactory

10:28:44.682 [JavaFX Application Thread] DEBUG FXGLApplication      - Initializing FXGL
10:28:44.686 [JavaFX Application Thread] INFO  Engine               - FXGL-17.1 (24.03.2022 17.34) on WINDOWS (J:18.0.2.1 FX:18.0.2)
10:28:44.687 [JavaFX Application Thread] DEBUG Engine               - JRE Vendor Name: Oracle Corporation
10:28:44.687 [JavaFX Application Thread] DEBUG Engine               - Running on OS: Windows 10 version 10.0
10:28:44.687 [JavaFX Application Thread] DEBUG Engine               - Architecture: amd64
10:28:44.687 [JavaFX Application Thread] INFO  Engine               - Source code and latest versions at: https://github.com/AlmasB/FXGL
10:28:44.687 [JavaFX Application Thread] INFO  Engine               -       Ask questions and discuss at: https://github.com/AlmasB/FXGL/discussions
10:28:44.687 [JavaFX Application Thread] INFO  Engine               -              Join the FXGL chat at: https://gitter.im/AlmasB/FXGL
10:28:44.746 [JavaFX Application Thread] DEBUG PrimaryStageWindow   - Creating a JavaFX scene
10:28:44.775 [JavaFX Application Thread] DEBUG PrimaryStageWindow   - Target settings size: 800.0 x 600.0
10:28:44.775 [JavaFX Application Thread] DEBUG PrimaryStageWindow   - Scaled scene size:    800.0 x 600.0
10:28:44.775 [JavaFX Application Thread] DEBUG PrimaryStageWindow   - Scaled ratio: (1.0, 1.0)
10:28:44.776 [JavaFX Application Thread] DEBUG PrimaryStageWindow   - Set initial scene to FXGLStartupScene
10:28:44.780 [JavaFX Application Thread] DEBUG PrimaryStageWindow   - Opening main window
10:28:44.843 [JavaFX Application Thread] DEBUG PrimaryStageWindow   - Window border size: (14.4000244140625, 37.5999755859375)
10:28:44.843 [JavaFX Application Thread] DEBUG PrimaryStageWindow   - Scaled size: 800.0 x 600.0
10:28:44.843 [JavaFX Application Thread] DEBUG PrimaryStageWindow   - Scaled ratio: (1.0, 1.0)
10:28:44.843 [JavaFX Application Thread] DEBUG PrimaryStageWindow   - Scene size: 800.0 x 600.0
10:28:44.844 [JavaFX Application Thread] DEBUG PrimaryStageWindow   - Stage size: 814.4000244140625 x 637.5999755859375
10:28:44.848 [FXGL Background Thread 1 ] DEBUG Engine               - Initializing environment variables
10:28:44.879 [FXGL Background Thread 1 ] DEBUG FXGLAssetLoaderServi - User app class for loading assets: class henu.soft.tankwar.TankApp
10:28:44.879 [FXGL Background Thread 1 ] DEBUG GameApplicationServi - Applying CSS: fxgl_dark.css
10:28:44.880 [FXGL Background Thread 1 ] DEBUG FXGLAssetLoaderServi - Loading from file system: jar:file:///C:/Users/lenovo/.m2/repository/com/github/almasb/fxgl/17.1/fxgl-17.1.jar!/fxglassets/ui/css/fxgl_dark.css
10:28:44.908 [FXGL Background Thread 1 ] DEBUG GameApplicationServi - Initializing application scenes
10:28:44.963 [FXGL Background Thread 1 ] DEBUG GameWorld            - Game world initialized
10:28:45.001 [FXGL Background Thread 1 ] DEBUG PhysicsWorld         - Physics world initialized: appHeight=600, physics.ppm=50.0
10:28:45.001 [FXGL Background Thread 1 ] DEBUG PhysicsWorld         - Using strategy: BRUTE_FORCE
10:28:45.003 [FXGL Background Thread 1 ] DEBUG GameScene            - Game scene initialized: 800x600
10:28:45.010 [FXGL Background Thread 1 ] DEBUG FXGL.DefaultMenu     - createMenuBodyGameMenu()
10:28:45.018 [FXGL Background Thread 1 ] DEBUG FXGL.DefaultMenu     - createOptionsMenu()
10:28:45.025 [FXGL Background Thread 1 ] DEBUG FXGLAssetLoaderServi - Loading from file system: jar:file:///C:/Users/lenovo/.m2/repository/com/github/almasb/fxgl/17.1/fxgl-17.1.jar!/fxglassets/textures/particles/smoke.png
10:28:45.082 [FXGL Background Thread 1 ] DEBUG FXGLAssetLoaderServi - Loading from file system: jar:file:///C:/Users/lenovo/.m2/repository/com/github/almasb/fxgl/17.1/fxgl-17.1.jar!/fxglassets/textures/particles/trace_horizontal.png
10:28:45.102 [FXGL Background Thread 1 ] DEBUG GameApplicationServi - Application scenes initialized
10:28:45.109 [FXGL Background Thread 1 ] DEBUG SystemBundleService  - Loading FXGL system data
10:28:45.112 [FXGL Background Thread 1 ] DEBUG FileSystemAccess     - Reading from: G:\code file\2022\2022.12\java\TankWar\system\fxgl.bundle
10:28:45.118 [FXGL Background Thread 1 ] DEBUG SystemBundleService  - Bundle FXGL: {}
10:28:45.118 [FXGL Background Thread 1 ] DEBUG UpdaterService       - Checking for updates
10:28:45.121 [FXGL Background Thread 4 ] DEBUG FXGLApplication      - Loading fonts
10:28:45.121 [FXGL Background Thread 1 ] DEBUG FXGLApplication      - Loading default localization
10:28:45.121 [FXGL Background Thread 4 ] DEBUG FXGLAssetLoaderServi - Loading from file system: jar:file:///C:/Users/lenovo/.m2/repository/com/github/almasb/fxgl/17.1/fxgl-17.1.jar!/fxglassets/ui/fonts/VarelaRound-Regular.ttf
10:28:45.122 [FXGL Background Thread 1 ] DEBUG FXGLAssetLoaderServi - Loading from file system: jar:file:///C:/Users/lenovo/.m2/repository/com/github/almasb/fxgl/17.1/fxgl-17.1.jar!/fxglassets/languages/english.lang
10:28:45.131 [FXGL Background Thread 1 ] INFO  FXGLApplication      - FXGL initialization took: 0.283 sec
10:28:45.137 [JavaFX Application Thread] DEBUG Input                - Registered new binding: action0 - D
10:28:45.138 [JavaFX Application Thread] DEBUG Input                - Registered new binding: action1 - A
10:28:45.138 [JavaFX Application Thread] DEBUG Input                - Registered new binding: action2 - W
10:28:45.138 [JavaFX Application Thread] DEBUG Input                - Registered new binding: action3 - S
10:28:45.138 [JavaFX Application Thread] DEBUG Input                - Registered new binding: action4 - Space
10:28:45.138 [JavaFX Application Thread] DEBUG FXGLAssetLoaderServi - Loading from file system: file:/G:/code%20file/2022/2022.12/java/TankWar/target/classes/assets/textures/10.gif
10:28:45.143 [JavaFX Application Thread] DEBUG FXGLAssetLoaderServi - Loading from file system: jar:file:///C:/Users/lenovo/.m2/repository/com/github/almasb/fxgl/17.1/fxgl-17.1.jar!/fxglassets/textures/fxgl_default_cursor.png
10:28:45.145 [JavaFX Application Thread] DEBUG Input                - Registered new binding: Screenshot - CTRL+8
10:28:45.145 [JavaFX Application Thread] DEBUG Input                - Registered new binding: System info dump - CTRL+9
10:28:45.145 [JavaFX Application Thread] DEBUG Input                - Registered new binding: Restart - CTRL+R
10:28:45.146 [JavaFX Application Thread] DEBUG Input                - Registered new binding: Toggle Debug Camera - CTRL+7
10:28:45.147 [JavaFX Application Thread] DEBUG LoopRunner           - Starting loop
10:28:45.147 [JavaFX Application Thread] DEBUG LoopRunner           - Initializing JavaFX AnimationTimerLoop
10:28:45.148 [JavaFX Application Thread] DEBUG GameApplicationServi - Starting new game
10:28:45.148 [JavaFX Application Thread] DEBUG Input                - Clearing active input actions
10:28:45.154 [JavaFX Application Thread] DEBUG GameApplicationServi - Removing overlay from FXGLStartupScene and adding to FXGLLoadingScene
10:28:45.154 [JavaFX Application Thread] DEBUG PrimaryStageWindow   - FXGLStartupScene -> FXGLLoadingScene
10:28:45.154 [JavaFX Application Thread] DEBUG GameApplicationServi - Clearing previous game
10:28:45.154 [JavaFX Application Thread] DEBUG GameScene            - Clearing game scene
10:28:45.154 [JavaFX Application Thread] DEBUG GameWorld            - Clearing game world
10:28:45.154 [JavaFX Application Thread] DEBUG PhysicsWorld         - Clearing physics world
10:28:45.155 [FXGL Background Thread 1 ] DEBUG FXGLApplication      - Initializing game
10:28:45.161 [FXGL Background Thread 1 ] DEBUG FXGLAssetLoaderServi - Loading from file system: file:/G:/code%20file/2022/2022.12/java/TankWar/target/classes/assets/textures/tankR.gif
10:28:45.184 [FXGL Background Thread 1 ] DEBUG FXGLAssetLoaderServi - Loading from file system: file:/G:/code%20file/2022/2022.12/java/TankWar/target/classes/assets/textures/bricks.gif
10:28:45.208 [FXGL Background Thread 4 ] DEBUG FXGLAssetLoaderServi - Loading from file system: jar:file:///C:/Users/lenovo/.m2/repository/com/github/almasb/fxgl/17.1/fxgl-17.1.jar!/fxglassets/ui/fonts/Abel-Regular.ttf
10:28:45.215 [FXGL Background Thread 4 ] DEBUG FXGLAssetLoaderServi - Loading from file system: jar:file:///C:/Users/lenovo/.m2/repository/com/github/almasb/fxgl/17.1/fxgl-17.1.jar!/fxglassets/ui/fonts/TerminalLandMono-Regular.otf
10:28:45.215 [FXGL Background Thread 1 ] INFO  FXGLApplication      - Game initialization took: 0.059 sec
10:28:45.215 [JavaFX Application Thread] DEBUG Input                - Clearing active input actions
10:28:45.227 [JavaFX Application Thread] DEBUG GameApplicationServi - Removing overlay from FXGLLoadingScene and adding to GameScene
10:28:45.227 [JavaFX Application Thread] DEBUG PrimaryStageWindow   - FXGLLoadingScene -> GameScene
10:28:45.228 [FXGL Background Thread 4 ] DEBUG FXGLAssetLoaderServi - Loading from file system: jar:file:///C:/Users/lenovo/.m2/repository/com/github/almasb/fxgl/17.1/fxgl-17.1.jar!/fxglassets/ui/fonts/Courier-Prime.ttf
10:28:45.240 [JavaFX Application Thread] DEBUG FXGLApplication      - Registering font factories with UI factory
10:28:45.303 [FXGL Background Thread 2 ] WARN  UpdaterService       - Failed to find updates: javax.net.ssl.SSLHandshakeException: PKIX path building failed: sun.security.provider.certpath.SunCertPathBuilderException: unable to find valid certification path to requested target
10:28:47.771 [JavaFX Application Thread] DEBUG FXGLApplication      - Exiting FXGL
10:28:47.771 [JavaFX Application Thread] DEBUG LoopRunner           - Stopping loop
10:28:47.771 [JavaFX Application Thread] DEBUG SystemBundleService  - Saving FXGL system data
10:28:47.772 [JavaFX Application Thread] DEBUG FileSystemAccess     - Writing to: G:\code file\2022\2022.12\java\TankWar\system\fxgl.bundle
10:28:47.773 [JavaFX Application Thread] DEBUG Async                - Shutting down background threads
10:28:47.774 [JavaFX Application Thread] DEBUG PrimaryStageWindow   - Closing main window
10:28:47.780 [JavaFX Application Thread] DEBUG Logger               - Closing Logger
