15:17:35.589 [main                     ] DEBUG Logger               - Configured Logger
15:17:35.613 [main                     ] DEBUG GameApplication      - Logging settings
Title: TankWar
Version: 1.0
Width: 800
Height: 600
Fullscreen: false
Intro: false
Profiling: false
Single step:false
App Mode: DEVELOPER
Menu Key: ESCAPE
Stage Style: DECORATED
Scene Factory: class com.almasb.fxgl.app.scene.SceneFactory

15:17:35.996 [JavaFX Application Thread] DEBUG FXGLApplication      - Initializing FXGL
15:17:36.001 [JavaFX Application Thread] INFO  Engine               - FXGL-17.1 (24.03.2022 17.34) on WINDOWS (J:18.0.2.1 FX:18.0.2)
15:17:36.001 [JavaFX Application Thread] DEBUG Engine               - JRE Vendor Name: Oracle Corporation
15:17:36.001 [JavaFX Application Thread] DEBUG Engine               - Running on OS: Windows 10 version 10.0
15:17:36.001 [JavaFX Application Thread] DEBUG Engine               - Architecture: amd64
15:17:36.001 [JavaFX Application Thread] INFO  Engine               - Source code and latest versions at: https://github.com/AlmasB/FXGL
15:17:36.002 [JavaFX Application Thread] INFO  Engine               -       Ask questions and discuss at: https://github.com/AlmasB/FXGL/discussions
15:17:36.002 [JavaFX Application Thread] INFO  Engine               -              Join the FXGL chat at: https://gitter.im/AlmasB/FXGL
15:17:36.066 [JavaFX Application Thread] DEBUG PrimaryStageWindow   - Creating a JavaFX scene
15:17:36.098 [JavaFX Application Thread] DEBUG PrimaryStageWindow   - Target settings size: 800.0 x 600.0
15:17:36.099 [JavaFX Application Thread] DEBUG PrimaryStageWindow   - Scaled scene size:    800.0 x 600.0
15:17:36.099 [JavaFX Application Thread] DEBUG PrimaryStageWindow   - Scaled ratio: (1.0, 1.0)
15:17:36.100 [JavaFX Application Thread] DEBUG PrimaryStageWindow   - Set initial scene to FXGLStartupScene
15:17:36.105 [JavaFX Application Thread] DEBUG PrimaryStageWindow   - Opening main window
15:17:36.164 [JavaFX Application Thread] DEBUG PrimaryStageWindow   - Window border size: (14.4000244140625, 37.5999755859375)
15:17:36.165 [JavaFX Application Thread] DEBUG PrimaryStageWindow   - Scaled size: 800.0 x 600.0
15:17:36.165 [JavaFX Application Thread] DEBUG PrimaryStageWindow   - Scaled ratio: (1.0, 1.0)
15:17:36.165 [JavaFX Application Thread] DEBUG PrimaryStageWindow   - Scene size: 800.0 x 600.0
15:17:36.165 [JavaFX Application Thread] DEBUG PrimaryStageWindow   - Stage size: 814.4000244140625 x 637.5999755859375
15:17:36.169 [FXGL Background Thread 1 ] DEBUG Engine               - Initializing environment variables
15:17:36.203 [FXGL Background Thread 1 ] DEBUG FXGLAssetLoaderServi - User app class for loading assets: class henu.soft.tankwar.TankApp
15:17:36.203 [FXGL Background Thread 1 ] DEBUG GameApplicationServi - Applying CSS: fxgl_dark.css
15:17:36.204 [FXGL Background Thread 1 ] DEBUG FXGLAssetLoaderServi - Loading from file system: jar:file:///C:/Users/lenovo/.m2/repository/com/github/almasb/fxgl/17.1/fxgl-17.1.jar!/fxglassets/ui/css/fxgl_dark.css
15:17:36.238 [FXGL Background Thread 1 ] DEBUG GameApplicationServi - Initializing application scenes
15:17:36.307 [FXGL Background Thread 1 ] DEBUG GameWorld            - Game world initialized
15:17:36.344 [FXGL Background Thread 1 ] DEBUG PhysicsWorld         - Physics world initialized: appHeight=600, physics.ppm=50.0
15:17:36.345 [FXGL Background Thread 1 ] DEBUG PhysicsWorld         - Using strategy: BRUTE_FORCE
15:17:36.348 [FXGL Background Thread 1 ] DEBUG GameScene            - Game scene initialized: 800x600
15:17:36.356 [FXGL Background Thread 1 ] DEBUG FXGL.DefaultMenu     - createMenuBodyGameMenu()
15:17:36.365 [FXGL Background Thread 1 ] DEBUG FXGL.DefaultMenu     - createOptionsMenu()
15:17:36.372 [FXGL Background Thread 1 ] DEBUG FXGLAssetLoaderServi - Loading from file system: jar:file:///C:/Users/lenovo/.m2/repository/com/github/almasb/fxgl/17.1/fxgl-17.1.jar!/fxglassets/textures/particles/smoke.png
15:17:36.434 [FXGL Background Thread 1 ] DEBUG FXGLAssetLoaderServi - Loading from file system: jar:file:///C:/Users/lenovo/.m2/repository/com/github/almasb/fxgl/17.1/fxgl-17.1.jar!/fxglassets/textures/particles/trace_horizontal.png
15:17:36.457 [FXGL Background Thread 1 ] DEBUG GameApplicationServi - Application scenes initialized
15:17:36.466 [FXGL Background Thread 1 ] DEBUG SystemBundleService  - Loading FXGL system data
15:17:36.469 [FXGL Background Thread 1 ] DEBUG FileSystemAccess     - Reading from: G:\code file\2022\2022.12\java\TankWar\system\fxgl.bundle
15:17:36.476 [FXGL Background Thread 1 ] DEBUG SystemBundleService  - Bundle FXGL: {}
15:17:36.476 [FXGL Background Thread 1 ] DEBUG UpdaterService       - Checking for updates
15:17:36.479 [FXGL Background Thread 4 ] DEBUG FXGLApplication      - Loading fonts
15:17:36.479 [FXGL Background Thread 1 ] DEBUG FXGLApplication      - Loading default localization
15:17:36.479 [FXGL Background Thread 4 ] DEBUG FXGLAssetLoaderServi - Loading from file system: jar:file:///C:/Users/lenovo/.m2/repository/com/github/almasb/fxgl/17.1/fxgl-17.1.jar!/fxglassets/ui/fonts/VarelaRound-Regular.ttf
15:17:36.479 [FXGL Background Thread 1 ] DEBUG FXGLAssetLoaderServi - Loading from file system: jar:file:///C:/Users/lenovo/.m2/repository/com/github/almasb/fxgl/17.1/fxgl-17.1.jar!/fxglassets/languages/english.lang
15:17:36.491 [FXGL Background Thread 1 ] INFO  FXGLApplication      - FXGL initialization took: 0.321 sec
15:17:36.499 [JavaFX Application Thread] DEBUG Input                - Registered new binding: action0 - D
15:17:36.499 [JavaFX Application Thread] DEBUG Input                - Registered new binding: action1 - A
15:17:36.500 [JavaFX Application Thread] DEBUG Input                - Registered new binding: action2 - W
15:17:36.500 [JavaFX Application Thread] DEBUG Input                - Registered new binding: action3 - S
15:17:36.500 [JavaFX Application Thread] DEBUG Input                - Registered new binding: shoot - Space
15:17:36.500 [JavaFX Application Thread] DEBUG FXGLAssetLoaderServi - Loading from file system: file:/G:/code%20file/2022/2022.12/java/TankWar/target/classes/assets/textures/10.gif
15:17:36.506 [JavaFX Application Thread] DEBUG FXGLAssetLoaderServi - Loading from file system: jar:file:///C:/Users/lenovo/.m2/repository/com/github/almasb/fxgl/17.1/fxgl-17.1.jar!/fxglassets/textures/fxgl_default_cursor.png
15:17:36.508 [JavaFX Application Thread] DEBUG Input                - Registered new binding: Screenshot - CTRL+8
15:17:36.508 [JavaFX Application Thread] DEBUG Input                - Registered new binding: System info dump - CTRL+9
15:17:36.509 [JavaFX Application Thread] DEBUG Input                - Registered new binding: Restart - CTRL+R
15:17:36.509 [JavaFX Application Thread] DEBUG Input                - Registered new binding: Toggle Debug Camera - CTRL+7
15:17:36.510 [JavaFX Application Thread] DEBUG LoopRunner           - Starting loop
15:17:36.510 [JavaFX Application Thread] DEBUG LoopRunner           - Initializing JavaFX AnimationTimerLoop
15:17:36.511 [JavaFX Application Thread] DEBUG GameApplicationServi - Starting new game
15:17:36.511 [JavaFX Application Thread] DEBUG Input                - Clearing active input actions
15:17:36.518 [JavaFX Application Thread] DEBUG GameApplicationServi - Removing overlay from FXGLStartupScene and adding to FXGLLoadingScene
15:17:36.518 [JavaFX Application Thread] DEBUG PrimaryStageWindow   - FXGLStartupScene -> FXGLLoadingScene
15:17:36.518 [JavaFX Application Thread] DEBUG GameApplicationServi - Clearing previous game
15:17:36.518 [JavaFX Application Thread] DEBUG GameScene            - Clearing game scene
15:17:36.518 [JavaFX Application Thread] DEBUG GameWorld            - Clearing game world
15:17:36.518 [JavaFX Application Thread] DEBUG PhysicsWorld         - Clearing physics world
15:17:36.519 [FXGL Background Thread 1 ] DEBUG FXGLApplication      - Initializing game
15:17:36.521 [FXGL Background Thread 1 ] DEBUG FXGLAssetLoaderServi - Loading from file system: file:/G:/code%20file/2022/2022.12/java/TankWar/target/classes/assets/textures/tankR.gif
15:17:36.528 [FXGL Background Thread 1 ] DEBUG FXGLAssetLoaderServi - Loading from file system: file:/G:/code%20file/2022/2022.12/java/TankWar/target/classes/assets/textures/tankD.gif
15:17:36.535 [FXGL Background Thread 1 ] INFO  FXGLApplication      - Game initialization took: 0.016 sec
15:17:36.544 [JavaFX Application Thread] DEBUG Input                - Clearing active input actions
15:17:36.548 [JavaFX Application Thread] DEBUG GameApplicationServi - Removing overlay from FXGLLoadingScene and adding to GameScene
15:17:36.549 [JavaFX Application Thread] DEBUG PrimaryStageWindow   - FXGLLoadingScene -> GameScene
15:17:36.598 [FXGL Background Thread 4 ] DEBUG FXGLAssetLoaderServi - Loading from file system: jar:file:///C:/Users/lenovo/.m2/repository/com/github/almasb/fxgl/17.1/fxgl-17.1.jar!/fxglassets/ui/fonts/Abel-Regular.ttf
15:17:36.604 [FXGL Background Thread 4 ] DEBUG FXGLAssetLoaderServi - Loading from file system: jar:file:///C:/Users/lenovo/.m2/repository/com/github/almasb/fxgl/17.1/fxgl-17.1.jar!/fxglassets/ui/fonts/TerminalLandMono-Regular.otf
15:17:36.611 [FXGL Background Thread 4 ] DEBUG FXGLAssetLoaderServi - Loading from file system: jar:file:///C:/Users/lenovo/.m2/repository/com/github/almasb/fxgl/17.1/fxgl-17.1.jar!/fxglassets/ui/fonts/Courier-Prime.ttf
15:17:36.619 [JavaFX Application Thread] DEBUG FXGLApplication      - Registering font factories with UI factory
15:17:36.917 [FXGL Background Thread 2 ] INFO  UpdaterService       - Your current version:  17.1
15:17:36.917 [FXGL Background Thread 2 ] INFO  UpdaterService       - Latest stable version: 17.2
15:17:38.968 [JavaFX Application Thread] DEBUG FXGLApplication      - Exiting FXGL
15:17:38.968 [JavaFX Application Thread] DEBUG LoopRunner           - Stopping loop
15:17:38.968 [JavaFX Application Thread] DEBUG SystemBundleService  - Saving FXGL system data
15:17:38.969 [JavaFX Application Thread] DEBUG FileSystemAccess     - Writing to: G:\code file\2022\2022.12\java\TankWar\system\fxgl.bundle
15:17:38.971 [JavaFX Application Thread] DEBUG Async                - Shutting down background threads
15:17:38.971 [JavaFX Application Thread] DEBUG PrimaryStageWindow   - Closing main window
15:17:38.978 [JavaFX Application Thread] DEBUG Logger               - Closing Logger
