17:57:58.705 [main                     ] DEBUG Logger               - Configured Logger
17:57:58.722 [main                     ] DEBUG GameApplication      - Logging settings
Title: TankWar
Version: 1.0
Width: 800
Height: 600
Fullscreen: false
Intro: false
Profiling: false
Single step:false
App Mode: DEVELOPER
Menu Key: ESCAPE
Stage Style: DECORATED
Scene Factory: class henu.soft.tankwar.TankApp$1

17:57:59.067 [JavaFX Application Thread] DEBUG FXGLApplication      - Initializing FXGL
17:57:59.071 [JavaFX Application Thread] INFO  Engine               - FXGL-17.1 (24.03.2022 17.34) on WINDOWS (J:18.0.2.1 FX:18.0.2)
17:57:59.071 [JavaFX Application Thread] DEBUG Engine               - JRE Vendor Name: Oracle Corporation
17:57:59.071 [JavaFX Application Thread] DEBUG Engine               - Running on OS: Windows 10 version 10.0
17:57:59.072 [JavaFX Application Thread] DEBUG Engine               - Architecture: amd64
17:57:59.072 [JavaFX Application Thread] INFO  Engine               - Source code and latest versions at: https://github.com/AlmasB/FXGL
17:57:59.072 [JavaFX Application Thread] INFO  Engine               -       Ask questions and discuss at: https://github.com/AlmasB/FXGL/discussions
17:57:59.072 [JavaFX Application Thread] INFO  Engine               -              Join the FXGL chat at: https://gitter.im/AlmasB/FXGL
17:57:59.132 [JavaFX Application Thread] DEBUG PrimaryStageWindow   - Creating a JavaFX scene
17:57:59.163 [JavaFX Application Thread] DEBUG PrimaryStageWindow   - Target settings size: 800.0 x 600.0
17:57:59.163 [JavaFX Application Thread] DEBUG PrimaryStageWindow   - Scaled scene size:    800.0 x 600.0
17:57:59.163 [JavaFX Application Thread] DEBUG PrimaryStageWindow   - Scaled ratio: (1.0, 1.0)
17:57:59.164 [JavaFX Application Thread] DEBUG PrimaryStageWindow   - Set initial scene to FXGLStartupScene
17:57:59.168 [JavaFX Application Thread] DEBUG PrimaryStageWindow   - Opening main window
17:57:59.228 [JavaFX Application Thread] DEBUG PrimaryStageWindow   - Window border size: (14.4000244140625, 37.5999755859375)
17:57:59.228 [JavaFX Application Thread] DEBUG PrimaryStageWindow   - Scaled size: 800.0 x 600.0
17:57:59.228 [JavaFX Application Thread] DEBUG PrimaryStageWindow   - Scaled ratio: (1.0, 1.0)
17:57:59.228 [JavaFX Application Thread] DEBUG PrimaryStageWindow   - Scene size: 800.0 x 600.0
17:57:59.229 [JavaFX Application Thread] DEBUG PrimaryStageWindow   - Stage size: 814.4000244140625 x 637.5999755859375
17:57:59.233 [FXGL Background Thread 1 ] DEBUG Engine               - Initializing environment variables
17:57:59.262 [FXGL Background Thread 1 ] DEBUG FXGLAssetLoaderServi - User app class for loading assets: class henu.soft.tankwar.TankApp
17:57:59.263 [FXGL Background Thread 1 ] DEBUG GameApplicationServi - Applying CSS: fxgl_dark.css
17:57:59.263 [FXGL Background Thread 1 ] DEBUG FXGLAssetLoaderServi - Loading from file system: jar:file:///C:/Users/lenovo/.m2/repository/com/github/almasb/fxgl/17.1/fxgl-17.1.jar!/fxglassets/ui/css/fxgl_dark.css
17:57:59.293 [FXGL Background Thread 1 ] DEBUG GameApplicationServi - Initializing application scenes
17:57:59.351 [FXGL Background Thread 1 ] DEBUG GameWorld            - Game world initialized
17:57:59.389 [FXGL Background Thread 1 ] DEBUG PhysicsWorld         - Physics world initialized: appHeight=600, physics.ppm=50.0
17:57:59.389 [FXGL Background Thread 1 ] DEBUG PhysicsWorld         - Using strategy: BRUTE_FORCE
17:57:59.391 [FXGL Background Thread 1 ] DEBUG GameScene            - Game scene initialized: 800x600
17:57:59.399 [FXGL Background Thread 1 ] DEBUG FXGL.DefaultMenu     - createMenuBodyMainMenu()
17:57:59.406 [FXGL Background Thread 1 ] DEBUG FXGL.DefaultMenu     - createOptionsMenu()
17:57:59.413 [FXGL Background Thread 1 ] DEBUG FXGLAssetLoaderServi - Loading from file system: jar:file:///C:/Users/lenovo/.m2/repository/com/github/almasb/fxgl/17.1/fxgl-17.1.jar!/fxglassets/textures/particles/smoke.png
17:57:59.470 [FXGL Background Thread 1 ] DEBUG FXGLAssetLoaderServi - Loading from file system: jar:file:///C:/Users/lenovo/.m2/repository/com/github/almasb/fxgl/17.1/fxgl-17.1.jar!/fxglassets/textures/particles/trace_horizontal.png
17:57:59.490 [FXGL Background Thread 1 ] DEBUG FXGL.DefaultMenu     - createMenuBodyGameMenu()
17:57:59.491 [FXGL Background Thread 1 ] DEBUG FXGL.DefaultMenu     - createOptionsMenu()
17:57:59.502 [FXGL Background Thread 1 ] DEBUG GameApplicationServi - Application scenes initialized
17:57:59.510 [FXGL Background Thread 1 ] DEBUG SystemBundleService  - Loading FXGL system data
17:57:59.514 [FXGL Background Thread 1 ] DEBUG FileSystemAccess     - Reading from: G:\code file\2022\2022.12\java\TankWar\system\fxgl.bundle
17:57:59.519 [FXGL Background Thread 1 ] DEBUG SystemBundleService  - Bundle FXGL: {}
17:57:59.519 [FXGL Background Thread 1 ] DEBUG UpdaterService       - Checking for updates
17:57:59.522 [FXGL Background Thread 4 ] DEBUG FXGLApplication      - Loading fonts
17:57:59.522 [FXGL Background Thread 4 ] DEBUG FXGLAssetLoaderServi - Loading from file system: jar:file:///C:/Users/lenovo/.m2/repository/com/github/almasb/fxgl/17.1/fxgl-17.1.jar!/fxglassets/ui/fonts/VarelaRound-Regular.ttf
17:57:59.522 [FXGL Background Thread 1 ] DEBUG FXGLApplication      - Loading default localization
17:57:59.522 [FXGL Background Thread 1 ] DEBUG FXGLAssetLoaderServi - Loading from file system: jar:file:///C:/Users/lenovo/.m2/repository/com/github/almasb/fxgl/17.1/fxgl-17.1.jar!/fxglassets/languages/english.lang
17:57:59.532 [FXGL Background Thread 1 ] INFO  FXGLApplication      - FXGL initialization took: 0.299 sec
17:57:59.538 [JavaFX Application Thread] DEBUG Input                - Registered new binding: action0 - D
17:57:59.538 [JavaFX Application Thread] DEBUG Input                - Registered new binding: action1 - A
17:57:59.538 [JavaFX Application Thread] DEBUG Input                - Registered new binding: action2 - W
17:57:59.539 [JavaFX Application Thread] DEBUG Input                - Registered new binding: action3 - S
17:57:59.539 [JavaFX Application Thread] DEBUG Input                - Registered new binding: action4 - Space
17:57:59.539 [JavaFX Application Thread] WARN  FXGLAssetLoaderServi - Asset "/assets/textures/10.gif" was not found!
17:57:59.539 [JavaFX Application Thread] WARN  FXGLAssetLoaderServi - Failed to load IMAGE
17:57:59.544 [JavaFX Application Thread] DEBUG FXGLAssetLoaderServi - Loading from file system: jar:file:///C:/Users/lenovo/.m2/repository/com/github/almasb/fxgl/17.1/fxgl-17.1.jar!/fxglassets/textures/fxgl_default_cursor.png
17:57:59.546 [JavaFX Application Thread] DEBUG Input                - Registered new binding: Screenshot - CTRL+8
17:57:59.547 [JavaFX Application Thread] DEBUG Input                - Registered new binding: System info dump - CTRL+9
17:57:59.547 [JavaFX Application Thread] DEBUG Input                - Registered new binding: Restart - CTRL+R
17:57:59.547 [JavaFX Application Thread] DEBUG Input                - Registered new binding: Toggle Debug Camera - CTRL+7
17:57:59.548 [JavaFX Application Thread] DEBUG LoopRunner           - Starting loop
17:57:59.549 [JavaFX Application Thread] DEBUG LoopRunner           - Initializing JavaFX AnimationTimerLoop
17:57:59.550 [JavaFX Application Thread] DEBUG Input                - Clearing active input actions
17:57:59.555 [JavaFX Application Thread] DEBUG GameApplicationServi - Removing overlay from FXGLStartupScene and adding to FXGLMainMenuDummyScene
17:57:59.556 [JavaFX Application Thread] DEBUG PrimaryStageWindow   - FXGLStartupScene -> FXGLMainMenuDummyScene
17:57:59.556 [JavaFX Application Thread] DEBUG PrimaryStageWindow   - Push state: FXGLDefaultMenu
17:57:59.561 [JavaFX Application Thread] DEBUG Input                - Clearing active input actions
17:57:59.566 [JavaFX Application Thread] DEBUG GameApplicationServi - Removing overlay from FXGLMainMenuDummyScene and adding to FXGLDefaultMenu
17:57:59.566 [JavaFX Application Thread] DEBUG PrimaryStageWindow   - FXGLMainMenuDummyScene -> FXGLDefaultMenu
17:57:59.609 [FXGL Background Thread 4 ] DEBUG FXGLAssetLoaderServi - Loading from file system: jar:file:///C:/Users/lenovo/.m2/repository/com/github/almasb/fxgl/17.1/fxgl-17.1.jar!/fxglassets/ui/fonts/Abel-Regular.ttf
17:57:59.616 [FXGL Background Thread 4 ] DEBUG FXGLAssetLoaderServi - Loading from file system: jar:file:///C:/Users/lenovo/.m2/repository/com/github/almasb/fxgl/17.1/fxgl-17.1.jar!/fxglassets/ui/fonts/TerminalLandMono-Regular.otf
17:57:59.627 [FXGL Background Thread 4 ] DEBUG FXGLAssetLoaderServi - Loading from file system: jar:file:///C:/Users/lenovo/.m2/repository/com/github/almasb/fxgl/17.1/fxgl-17.1.jar!/fxglassets/ui/fonts/Courier-Prime.ttf
17:57:59.665 [JavaFX Application Thread] DEBUG FXGLApplication      - Registering font factories with UI factory
17:57:59.698 [FXGL Background Thread 2 ] WARN  UpdaterService       - Failed to find updates: javax.net.ssl.SSLHandshakeException: PKIX path building failed: sun.security.provider.certpath.SunCertPathBuilderException: unable to find valid certification path to requested target
17:58:01.488 [JavaFX Application Thread] DEBUG FXGLApplication      - Exiting FXGL
17:58:01.488 [JavaFX Application Thread] DEBUG LoopRunner           - Stopping loop
17:58:01.489 [JavaFX Application Thread] DEBUG SystemBundleService  - Saving FXGL system data
17:58:01.490 [JavaFX Application Thread] DEBUG FileSystemAccess     - Writing to: G:\code file\2022\2022.12\java\TankWar\system\fxgl.bundle
17:58:01.492 [JavaFX Application Thread] DEBUG Async                - Shutting down background threads
17:58:01.492 [JavaFX Application Thread] DEBUG PrimaryStageWindow   - Closing main window
17:58:01.498 [JavaFX Application Thread] DEBUG Logger               - Closing Logger
