15:30:55.543 [main                     ] DEBUG Logger               - Configured Logger
15:30:55.561 [main                     ] DEBUG GameApplication      - Logging settings
Title: TankWar
Version: 1.0
Width: 800
Height: 600
Fullscreen: false
Intro: false
Profiling: false
Single step:false
App Mode: DEVELOPER
Menu Key: ESCAPE
Stage Style: DECORATED
Scene Factory: class com.almasb.fxgl.app.scene.SceneFactory

15:30:55.920 [JavaFX Application Thread] DEBUG FXGLApplication      - Initializing FXGL
15:30:55.924 [JavaFX Application Thread] INFO  Engine               - FXGL-17.1 (24.03.2022 17.34) on WINDOWS (J:18.0.2.1 FX:18.0.2)
15:30:55.924 [JavaFX Application Thread] DEBUG Engine               - JRE Vendor Name: Oracle Corporation
15:30:55.924 [JavaFX Application Thread] DEBUG Engine               - Running on OS: Windows 10 version 10.0
15:30:55.924 [JavaFX Application Thread] DEBUG Engine               - Architecture: amd64
15:30:55.924 [JavaFX Application Thread] INFO  Engine               - Source code and latest versions at: https://github.com/AlmasB/FXGL
15:30:55.924 [JavaFX Application Thread] INFO  Engine               -       Ask questions and discuss at: https://github.com/AlmasB/FXGL/discussions
15:30:55.924 [JavaFX Application Thread] INFO  Engine               -              Join the FXGL chat at: https://gitter.im/AlmasB/FXGL
15:30:55.985 [JavaFX Application Thread] DEBUG PrimaryStageWindow   - Creating a JavaFX scene
15:30:56.016 [JavaFX Application Thread] DEBUG PrimaryStageWindow   - Target settings size: 800.0 x 600.0
15:30:56.016 [JavaFX Application Thread] DEBUG PrimaryStageWindow   - Scaled scene size:    800.0 x 600.0
15:30:56.016 [JavaFX Application Thread] DEBUG PrimaryStageWindow   - Scaled ratio: (1.0, 1.0)
15:30:56.017 [JavaFX Application Thread] DEBUG PrimaryStageWindow   - Set initial scene to FXGLStartupScene
15:30:56.021 [JavaFX Application Thread] DEBUG PrimaryStageWindow   - Opening main window
15:30:56.078 [JavaFX Application Thread] DEBUG PrimaryStageWindow   - Window border size: (14.4000244140625, 37.5999755859375)
15:30:56.078 [JavaFX Application Thread] DEBUG PrimaryStageWindow   - Scaled size: 800.0 x 600.0
15:30:56.078 [JavaFX Application Thread] DEBUG PrimaryStageWindow   - Scaled ratio: (1.0, 1.0)
15:30:56.078 [JavaFX Application Thread] DEBUG PrimaryStageWindow   - Scene size: 800.0 x 600.0
15:30:56.079 [JavaFX Application Thread] DEBUG PrimaryStageWindow   - Stage size: 814.4000244140625 x 637.5999755859375
15:30:56.083 [FXGL Background Thread 1 ] DEBUG Engine               - Initializing environment variables
15:30:56.111 [FXGL Background Thread 1 ] DEBUG FXGLAssetLoaderServi - User app class for loading assets: class henu.soft.tankwar.TankApp
15:30:56.111 [FXGL Background Thread 1 ] DEBUG GameApplicationServi - Applying CSS: fxgl_dark.css
15:30:56.112 [FXGL Background Thread 1 ] DEBUG FXGLAssetLoaderServi - Loading from file system: jar:file:///C:/Users/lenovo/.m2/repository/com/github/almasb/fxgl/17.1/fxgl-17.1.jar!/fxglassets/ui/css/fxgl_dark.css
15:30:56.141 [FXGL Background Thread 1 ] DEBUG GameApplicationServi - Initializing application scenes
15:30:56.200 [FXGL Background Thread 1 ] DEBUG GameWorld            - Game world initialized
15:30:56.234 [FXGL Background Thread 1 ] DEBUG PhysicsWorld         - Physics world initialized: appHeight=600, physics.ppm=50.0
15:30:56.234 [FXGL Background Thread 1 ] DEBUG PhysicsWorld         - Using strategy: BRUTE_FORCE
15:30:56.237 [FXGL Background Thread 1 ] DEBUG GameScene            - Game scene initialized: 800x600
15:30:56.244 [FXGL Background Thread 1 ] DEBUG FXGL.DefaultMenu     - createMenuBodyGameMenu()
15:30:56.253 [FXGL Background Thread 1 ] DEBUG FXGL.DefaultMenu     - createOptionsMenu()
15:30:56.259 [FXGL Background Thread 1 ] DEBUG FXGLAssetLoaderServi - Loading from file system: jar:file:///C:/Users/lenovo/.m2/repository/com/github/almasb/fxgl/17.1/fxgl-17.1.jar!/fxglassets/textures/particles/smoke.png
15:30:56.315 [FXGL Background Thread 1 ] DEBUG FXGLAssetLoaderServi - Loading from file system: jar:file:///C:/Users/lenovo/.m2/repository/com/github/almasb/fxgl/17.1/fxgl-17.1.jar!/fxglassets/textures/particles/trace_horizontal.png
15:30:56.334 [FXGL Background Thread 1 ] DEBUG GameApplicationServi - Application scenes initialized
15:30:56.341 [FXGL Background Thread 1 ] DEBUG SystemBundleService  - Loading FXGL system data
15:30:56.345 [FXGL Background Thread 1 ] DEBUG FileSystemAccess     - Reading from: G:\code file\2022\2022.12\java\TankWar\system\fxgl.bundle
15:30:56.351 [FXGL Background Thread 1 ] DEBUG SystemBundleService  - Bundle FXGL: {}
15:30:56.351 [FXGL Background Thread 1 ] DEBUG UpdaterService       - Checking for updates
15:30:56.353 [FXGL Background Thread 4 ] DEBUG FXGLApplication      - Loading fonts
15:30:56.354 [FXGL Background Thread 1 ] DEBUG FXGLApplication      - Loading default localization
15:30:56.354 [FXGL Background Thread 4 ] DEBUG FXGLAssetLoaderServi - Loading from file system: jar:file:///C:/Users/lenovo/.m2/repository/com/github/almasb/fxgl/17.1/fxgl-17.1.jar!/fxglassets/ui/fonts/VarelaRound-Regular.ttf
15:30:56.354 [FXGL Background Thread 1 ] DEBUG FXGLAssetLoaderServi - Loading from file system: jar:file:///C:/Users/lenovo/.m2/repository/com/github/almasb/fxgl/17.1/fxgl-17.1.jar!/fxglassets/languages/english.lang
15:30:56.363 [FXGL Background Thread 1 ] INFO  FXGLApplication      - FXGL initialization took: 0.280 sec
15:30:56.370 [JavaFX Application Thread] DEBUG Input                - Registered new binding: action0 - D
15:30:56.370 [JavaFX Application Thread] DEBUG Input                - Registered new binding: action1 - A
15:30:56.370 [JavaFX Application Thread] DEBUG Input                - Registered new binding: action2 - W
15:30:56.370 [JavaFX Application Thread] DEBUG Input                - Registered new binding: action3 - S
15:30:56.370 [JavaFX Application Thread] DEBUG Input                - Registered new binding: shoot - Space
15:30:56.371 [JavaFX Application Thread] DEBUG FXGLAssetLoaderServi - Loading from file system: file:/G:/code%20file/2022/2022.12/java/TankWar/target/classes/assets/textures/10.gif
15:30:56.374 [JavaFX Application Thread] DEBUG FXGLAssetLoaderServi - Loading from file system: jar:file:///C:/Users/lenovo/.m2/repository/com/github/almasb/fxgl/17.1/fxgl-17.1.jar!/fxglassets/textures/fxgl_default_cursor.png
15:30:56.376 [JavaFX Application Thread] DEBUG Input                - Registered new binding: Screenshot - CTRL+8
15:30:56.376 [JavaFX Application Thread] DEBUG Input                - Registered new binding: System info dump - CTRL+9
15:30:56.376 [JavaFX Application Thread] DEBUG Input                - Registered new binding: Restart - CTRL+R
15:30:56.377 [JavaFX Application Thread] DEBUG Input                - Registered new binding: Toggle Debug Camera - CTRL+7
15:30:56.378 [JavaFX Application Thread] DEBUG LoopRunner           - Starting loop
15:30:56.378 [JavaFX Application Thread] DEBUG LoopRunner           - Initializing JavaFX AnimationTimerLoop
15:30:56.379 [JavaFX Application Thread] DEBUG GameApplicationServi - Starting new game
15:30:56.379 [JavaFX Application Thread] DEBUG Input                - Clearing active input actions
15:30:56.385 [JavaFX Application Thread] DEBUG GameApplicationServi - Removing overlay from FXGLStartupScene and adding to FXGLLoadingScene
15:30:56.386 [JavaFX Application Thread] DEBUG PrimaryStageWindow   - FXGLStartupScene -> FXGLLoadingScene
15:30:56.386 [JavaFX Application Thread] DEBUG GameApplicationServi - Clearing previous game
15:30:56.386 [JavaFX Application Thread] DEBUG GameScene            - Clearing game scene
15:30:56.386 [JavaFX Application Thread] DEBUG GameWorld            - Clearing game world
15:30:56.386 [JavaFX Application Thread] DEBUG PhysicsWorld         - Clearing physics world
15:30:56.387 [FXGL Background Thread 1 ] DEBUG FXGLApplication      - Initializing game
15:30:56.388 [FXGL Background Thread 1 ] DEBUG FXGLAssetLoaderServi - Loading from file system: file:/G:/code%20file/2022/2022.12/java/TankWar/target/classes/assets/textures/tankR.gif
15:30:56.394 [FXGL Background Thread 1 ] DEBUG FXGLAssetLoaderServi - Loading from file system: file:/G:/code%20file/2022/2022.12/java/TankWar/target/classes/assets/textures/tankD.gif
15:30:56.400 [FXGL Background Thread 1 ] INFO  FXGLApplication      - Game initialization took: 0.014 sec
15:30:56.418 [JavaFX Application Thread] DEBUG Input                - Clearing active input actions
15:30:56.423 [JavaFX Application Thread] DEBUG GameApplicationServi - Removing overlay from FXGLLoadingScene and adding to GameScene
15:30:56.423 [JavaFX Application Thread] DEBUG PrimaryStageWindow   - FXGLLoadingScene -> GameScene
15:30:56.479 [FXGL Background Thread 4 ] DEBUG FXGLAssetLoaderServi - Loading from file system: jar:file:///C:/Users/lenovo/.m2/repository/com/github/almasb/fxgl/17.1/fxgl-17.1.jar!/fxglassets/ui/fonts/Abel-Regular.ttf
15:30:56.486 [FXGL Background Thread 4 ] DEBUG FXGLAssetLoaderServi - Loading from file system: jar:file:///C:/Users/lenovo/.m2/repository/com/github/almasb/fxgl/17.1/fxgl-17.1.jar!/fxglassets/ui/fonts/TerminalLandMono-Regular.otf
15:30:56.493 [FXGL Background Thread 4 ] DEBUG FXGLAssetLoaderServi - Loading from file system: jar:file:///C:/Users/lenovo/.m2/repository/com/github/almasb/fxgl/17.1/fxgl-17.1.jar!/fxglassets/ui/fonts/Courier-Prime.ttf
15:30:56.500 [JavaFX Application Thread] DEBUG FXGLApplication      - Registering font factories with UI factory
15:30:56.798 [FXGL Background Thread 2 ] INFO  UpdaterService       - Your current version:  17.1
15:30:56.798 [FXGL Background Thread 2 ] INFO  UpdaterService       - Latest stable version: 17.2
15:30:58.666 [JavaFX Application Thread] DEBUG FXGLAssetLoaderServi - Loading from file system: file:/G:/code%20file/2022/2022.12/java/TankWar/target/classes/assets/textures/missileR.gif
15:30:59.353 [FXGL Background Thread 3 ] DEBUG Engine               - Logging environment variables
15:30:59.353 [FXGL Background Thread 3 ] DEBUG Engine               - achievements: []
15:30:59.353 [FXGL Background Thread 3 ] DEBUG Engine               - actualHeight: 600.0
15:30:59.353 [FXGL Background Thread 3 ] DEBUG Engine               - actualHeightProperty: ReadOnlyDoubleProperty [value: 600.0]
15:30:59.353 [FXGL Background Thread 3 ] DEBUG Engine               - actualWidth: 800.0
15:30:59.353 [FXGL Background Thread 3 ] DEBUG Engine               - actualWidthProperty: ReadOnlyDoubleProperty [value: 800.0]
15:30:59.353 [FXGL Background Thread 3 ] DEBUG Engine               - appIcon: 10.gif
15:30:59.353 [FXGL Background Thread 3 ] DEBUG Engine               - applicationMode: DEVELOPER
15:30:59.353 [FXGL Background Thread 3 ] DEBUG Engine               - cSSList: [fxgl_dark.css]
15:30:59.354 [FXGL Background Thread 3 ] DEBUG Engine               - collisionDetectionStrategy: BRUTE_FORCE
15:30:59.354 [FXGL Background Thread 3 ] DEBUG Engine               - configClass: Optional.empty
15:30:59.354 [FXGL Background Thread 3 ] DEBUG Engine               - credits: []
15:30:59.354 [FXGL Background Thread 3 ] DEBUG Engine               - defaultCursor: CursorInfo(imageName=fxgl_default_cursor.png, hotspotX=7.0, hotspotY=6.0)
15:30:59.354 [FXGL Background Thread 3 ] DEBUG Engine               - devBBoxColorProperty: ObjectProperty [value: 0xff0000ff]
15:30:59.354 [FXGL Background Thread 3 ] DEBUG Engine               - devEnableDebugCameraProperty: BooleanProperty [value: false]
15:30:59.354 [FXGL Background Thread 3 ] DEBUG Engine               - devSensorColorProperty: ObjectProperty [value: 0xffff00ff]
15:30:59.354 [FXGL Background Thread 3 ] DEBUG Engine               - devShowBBoxProperty: BooleanProperty [value: false]
15:30:59.354 [FXGL Background Thread 3 ] DEBUG Engine               - devShowPositionProperty: BooleanProperty [value: false]
15:30:59.354 [FXGL Background Thread 3 ] DEBUG Engine               - enabledMenuItems: []
15:30:59.354 [FXGL Background Thread 3 ] DEBUG Engine               - engineServices: [class com.almasb.fxgl.app.services.FXGLAssetLoaderService, class com.almasb.fxgl.app.FXGLApplication$GameApplicationService, class com.almasb.fxgl.app.services.FXGLDialogService, class com.almasb.fxgl.app.services.IOTaskExecutorService, class com.almasb.fxgl.io.FileSystemService, class com.almasb.fxgl.localization.LocalizationService, class com.almasb.fxgl.app.services.SystemBundleService, class com.almasb.fxgl.profile.SaveLoadService, class com.almasb.fxgl.ui.FXGLUIFactoryServiceProvider, class com.almasb.fxgl.ui.FXGLDialogFactoryServiceProvider, class com.almasb.fxgl.audio.AudioPlayer, class com.almasb.fxgl.notification.impl.NotificationServiceProvider, class com.almasb.fxgl.achievement.AchievementService, class com.almasb.fxgl.cutscene.CutsceneService, class com.almasb.fxgl.minigames.MiniGameService, class com.almasb.fxgl.net.NetService, class com.almasb.fxgl.app.services.UpdaterService, class com.almasb.fxgl.dev.DevService]
15:30:59.354 [FXGL Background Thread 3 ] DEBUG Engine               - fontGame: Abel-Regular.ttf
15:30:59.354 [FXGL Background Thread 3 ] DEBUG Engine               - fontMono: TerminalLandMono-Regular.otf
15:30:59.354 [FXGL Background Thread 3 ] DEBUG Engine               - fontText: Courier-Prime.ttf
15:30:59.354 [FXGL Background Thread 3 ] DEBUG Engine               - fontUI: VarelaRound-Regular.ttf
15:30:59.354 [FXGL Background Thread 3 ] DEBUG Engine               - fullScreen: BooleanProperty [value: false]
15:30:59.354 [FXGL Background Thread 3 ] DEBUG Engine               - gameDifficulty: MEDIUM
15:30:59.354 [FXGL Background Thread 3 ] DEBUG Engine               - gameDifficultyProperty: ObjectProperty [value: MEDIUM]
15:30:59.355 [FXGL Background Thread 3 ] DEBUG Engine               - globalMusicVolume: 0.5
15:30:59.355 [FXGL Background Thread 3 ] DEBUG Engine               - globalMusicVolumeProperty: DoubleProperty [value: 0.5]
15:30:59.355 [FXGL Background Thread 3 ] DEBUG Engine               - globalSoundVolume: 0.5
15:30:59.355 [FXGL Background Thread 3 ] DEBUG Engine               - globalSoundVolumeProperty: DoubleProperty [value: 0.5]
15:30:59.355 [FXGL Background Thread 3 ] DEBUG Engine               - height: 600
15:30:59.355 [FXGL Background Thread 3 ] DEBUG Engine               - is3D: false
15:30:59.355 [FXGL Background Thread 3 ] DEBUG Engine               - isAndroid: false
15:30:59.355 [FXGL Background Thread 3 ] DEBUG Engine               - isBrowser: false
15:30:59.355 [FXGL Background Thread 3 ] DEBUG Engine               - isClickFeedbackEnabled: false
15:30:59.355 [FXGL Background Thread 3 ] DEBUG Engine               - isCloseConfirmation: false
15:30:59.355 [FXGL Background Thread 3 ] DEBUG Engine               - isDesktop: true
15:30:59.355 [FXGL Background Thread 3 ] DEBUG Engine               - isDeveloperMenuEnabled: false
15:30:59.355 [FXGL Background Thread 3 ] DEBUG Engine               - isEmbedded: false
15:30:59.355 [FXGL Background Thread 3 ] DEBUG Engine               - isEntityPreloadEnabled: true
15:30:59.355 [FXGL Background Thread 3 ] DEBUG Engine               - isExperimentalTiledLargeMap: false
15:30:59.355 [FXGL Background Thread 3 ] DEBUG Engine               - isFileSystemWriteAllowed: true
15:30:59.355 [FXGL Background Thread 3 ] DEBUG Engine               - isFullScreenAllowed: false
15:30:59.355 [FXGL Background Thread 3 ] DEBUG Engine               - isFullScreenFromStart: false
15:30:59.356 [FXGL Background Thread 3 ] DEBUG Engine               - isGameMenuEnabled: true
15:30:59.356 [FXGL Background Thread 3 ] DEBUG Engine               - isIOS: false
15:30:59.356 [FXGL Background Thread 3 ] DEBUG Engine               - isIntroEnabled: false
15:30:59.356 [FXGL Background Thread 3 ] DEBUG Engine               - isLinux: false
15:30:59.356 [FXGL Background Thread 3 ] DEBUG Engine               - isMac: false
15:30:59.356 [FXGL Background Thread 3 ] DEBUG Engine               - isMainMenuEnabled: false
15:30:59.356 [FXGL Background Thread 3 ] DEBUG Engine               - isManualResizeEnabled: false
15:30:59.356 [FXGL Background Thread 3 ] DEBUG Engine               - isMobile: false
15:30:59.356 [FXGL Background Thread 3 ] DEBUG Engine               - isNative: false
15:30:59.356 [FXGL Background Thread 3 ] DEBUG Engine               - isPauseMusicWhenMinimized: true
15:30:59.356 [FXGL Background Thread 3 ] DEBUG Engine               - isPreserveResizeRatio: false
15:30:59.356 [FXGL Background Thread 3 ] DEBUG Engine               - isProfilingEnabled: false
15:30:59.356 [FXGL Background Thread 3 ] DEBUG Engine               - isScaleAffectedOnResize: true
15:30:59.356 [FXGL Background Thread 3 ] DEBUG Engine               - isSingleStep: false
15:30:59.356 [FXGL Background Thread 3 ] DEBUG Engine               - isUserProfileEnabled: false
15:30:59.356 [FXGL Background Thread 3 ] DEBUG Engine               - isWindows: true
15:30:59.356 [FXGL Background Thread 3 ] DEBUG Engine               - language: ObjectProperty [value: ENGLISH]
15:30:59.356 [FXGL Background Thread 3 ] DEBUG Engine               - menuKey: ESCAPE
15:30:59.356 [FXGL Background Thread 3 ] DEBUG Engine               - mouseSensitivity: 0.2
15:30:59.356 [FXGL Background Thread 3 ] DEBUG Engine               - notificationViewClass: class com.almasb.fxgl.notification.view.XboxNotificationView
15:30:59.356 [FXGL Background Thread 3 ] DEBUG Engine               - pixelsPerMeter: 50.0
15:30:59.356 [FXGL Background Thread 3 ] DEBUG Engine               - platform: WINDOWS
15:30:59.356 [FXGL Background Thread 3 ] DEBUG Engine               - prefHeightProperty: ReadOnlyDoubleProperty [value: 600.0]
15:30:59.356 [FXGL Background Thread 3 ] DEBUG Engine               - prefWidthProperty: ReadOnlyDoubleProperty [value: 800.0]
15:30:59.356 [FXGL Background Thread 3 ] DEBUG Engine               - profileDir: profiles/
15:30:59.357 [FXGL Background Thread 3 ] DEBUG Engine               - profileName: StringProperty [value: DEFAULT]
15:30:59.357 [FXGL Background Thread 3 ] DEBUG Engine               - randomSeed: -1
15:30:59.357 [FXGL Background Thread 3 ] DEBUG Engine               - runtimeInfo: RuntimeInfo(platform=WINDOWS, version=17.1, build=24.03.2022 17.34)
15:30:59.357 [FXGL Background Thread 3 ] DEBUG Engine               - saveFileExt: sav
15:30:59.357 [FXGL Background Thread 3 ] DEBUG Engine               - scaledHeightProp$fxgl: DoubleProperty [bound, value: 600.0]
15:30:59.357 [FXGL Background Thread 3 ] DEBUG Engine               - scaledWidthProp$fxgl: DoubleProperty [bound, value: 800.0]
15:30:59.357 [FXGL Background Thread 3 ] DEBUG Engine               - sceneFactory: com.almasb.fxgl.app.scene.SceneFactory@1963ee2e
15:30:59.357 [FXGL Background Thread 3 ] DEBUG Engine               - secondsIn24h: 60
15:30:59.357 [FXGL Background Thread 3 ] DEBUG Engine               - soundMenuBack: menu/back.wav
15:30:59.357 [FXGL Background Thread 3 ] DEBUG Engine               - soundMenuPress: menu/press.wav
15:30:59.357 [FXGL Background Thread 3 ] DEBUG Engine               - soundMenuSelect: menu/select.wav
15:30:59.357 [FXGL Background Thread 3 ] DEBUG Engine               - soundNotification: core/notification.wav
15:30:59.357 [FXGL Background Thread 3 ] DEBUG Engine               - stageStyle: DECORATED
15:30:59.357 [FXGL Background Thread 3 ] DEBUG Engine               - supportedLanguages: [ENGLISH, FRENCH, GERMAN, HUNGARIAN, RUSSIAN]
15:30:59.357 [FXGL Background Thread 3 ] DEBUG Engine               - ticksPerSecond: -1
15:30:59.357 [FXGL Background Thread 3 ] DEBUG Engine               - title: TankWar
15:30:59.357 [FXGL Background Thread 3 ] DEBUG Engine               - urlGithub: https://github.com/AlmasB/FXGL
15:30:59.357 [FXGL Background Thread 3 ] DEBUG Engine               - urlLeaderboard: http://fxgl-top.herokuapp.com/
15:30:59.357 [FXGL Background Thread 3 ] DEBUG Engine               - urlPOM: https://raw.githubusercontent.com/AlmasB/FXGL/release/README.md
15:30:59.357 [FXGL Background Thread 3 ] DEBUG Engine               - userAppClass: class henu.soft.tankwar.TankApp
15:30:59.358 [FXGL Background Thread 3 ] DEBUG Engine               - version: 1.0
15:30:59.358 [FXGL Background Thread 3 ] DEBUG Engine               - versionCheckDays: 7
15:30:59.358 [FXGL Background Thread 3 ] DEBUG Engine               - width: 800
15:30:59.358 [FXGL Background Thread 3 ] DEBUG Engine               - Logging services
15:30:59.358 [FXGL Background Thread 3 ] DEBUG Engine               - class com.almasb.fxgl.app.services.FXGLAssetLoaderService
15:30:59.358 [FXGL Background Thread 3 ] DEBUG Engine               - class com.almasb.fxgl.app.FXGLApplication$GameApplicationService
15:30:59.358 [FXGL Background Thread 3 ] DEBUG Engine               - class com.almasb.fxgl.app.services.FXGLDialogService
15:30:59.358 [FXGL Background Thread 3 ] DEBUG Engine               - class com.almasb.fxgl.app.services.IOTaskExecutorService
15:30:59.358 [FXGL Background Thread 3 ] DEBUG Engine               - class com.almasb.fxgl.io.FileSystemService
15:30:59.358 [FXGL Background Thread 3 ] DEBUG Engine               - class com.almasb.fxgl.localization.LocalizationService
15:30:59.358 [FXGL Background Thread 3 ] DEBUG Engine               - class com.almasb.fxgl.app.services.SystemBundleService
15:30:59.358 [FXGL Background Thread 3 ] DEBUG Engine               - class com.almasb.fxgl.profile.SaveLoadService
15:30:59.358 [FXGL Background Thread 3 ] DEBUG Engine               - class com.almasb.fxgl.ui.FXGLUIFactoryServiceProvider
15:30:59.358 [FXGL Background Thread 3 ] DEBUG Engine               - class com.almasb.fxgl.ui.FXGLDialogFactoryServiceProvider
15:30:59.358 [FXGL Background Thread 3 ] DEBUG Engine               - class com.almasb.fxgl.audio.AudioPlayer
15:30:59.358 [FXGL Background Thread 3 ] DEBUG Engine               - class com.almasb.fxgl.notification.impl.NotificationServiceProvider
15:30:59.358 [FXGL Background Thread 3 ] DEBUG Engine               - class com.almasb.fxgl.achievement.AchievementService
15:30:59.358 [FXGL Background Thread 3 ] DEBUG Engine               - class com.almasb.fxgl.cutscene.CutsceneService
15:30:59.358 [FXGL Background Thread 3 ] DEBUG Engine               - class com.almasb.fxgl.minigames.MiniGameService
15:30:59.358 [FXGL Background Thread 3 ] DEBUG Engine               - class com.almasb.fxgl.net.NetService
15:30:59.358 [FXGL Background Thread 3 ] DEBUG Engine               - class com.almasb.fxgl.app.services.UpdaterService
15:30:59.358 [FXGL Background Thread 3 ] DEBUG Engine               - class com.almasb.fxgl.dev.DevService
15:31:22.961 [JavaFX Application Thread] DEBUG FXGLApplication      - Exiting FXGL
15:31:22.961 [JavaFX Application Thread] DEBUG LoopRunner           - Stopping loop
15:31:22.961 [JavaFX Application Thread] DEBUG SystemBundleService  - Saving FXGL system data
15:31:22.963 [JavaFX Application Thread] DEBUG FileSystemAccess     - Writing to: G:\code file\2022\2022.12\java\TankWar\system\fxgl.bundle
15:31:22.964 [JavaFX Application Thread] DEBUG Async                - Shutting down background threads
15:31:22.964 [JavaFX Application Thread] DEBUG PrimaryStageWindow   - Closing main window
15:31:22.972 [JavaFX Application Thread] DEBUG Logger               - Closing Logger
