14:28:39.663 [main                     ] DEBUG Logger               - Configured Logger
14:28:39.679 [main                     ] DEBUG GameApplication      - Logging settings
Title: TankWar
Version: 1.0
Width: 800
Height: 600
Fullscreen: false
Intro: false
Profiling: false
Single step:false
App Mode: DEVELOPER
Menu Key: ESCAPE
Stage Style: DECORATED
Scene Factory: class com.almasb.fxgl.app.scene.SceneFactory

14:28:40.033 [JavaFX Application Thread] DEBUG FXGLApplication      - Initializing FXGL
14:28:40.036 [JavaFX Application Thread] INFO  Engine               - FXGL-17.1 (24.03.2022 17.34) on WINDOWS (J:18.0.2.1 FX:18.0.2)
14:28:40.036 [JavaFX Application Thread] DEBUG Engine               - JRE Vendor Name: Oracle Corporation
14:28:40.036 [JavaFX Application Thread] DEBUG Engine               - Running on OS: Windows 10 version 10.0
14:28:40.036 [JavaFX Application Thread] DEBUG Engine               - Architecture: amd64
14:28:40.036 [JavaFX Application Thread] INFO  Engine               - Source code and latest versions at: https://github.com/AlmasB/FXGL
14:28:40.036 [JavaFX Application Thread] INFO  Engine               -       Ask questions and discuss at: https://github.com/AlmasB/FXGL/discussions
14:28:40.036 [JavaFX Application Thread] INFO  Engine               -              Join the FXGL chat at: https://gitter.im/AlmasB/FXGL
14:28:40.095 [JavaFX Application Thread] DEBUG PrimaryStageWindow   - Creating a JavaFX scene
14:28:40.126 [JavaFX Application Thread] DEBUG PrimaryStageWindow   - Target settings size: 800.0 x 600.0
14:28:40.126 [JavaFX Application Thread] DEBUG PrimaryStageWindow   - Scaled scene size:    800.0 x 600.0
14:28:40.126 [JavaFX Application Thread] DEBUG PrimaryStageWindow   - Scaled ratio: (1.0, 1.0)
14:28:40.127 [JavaFX Application Thread] DEBUG PrimaryStageWindow   - Set initial scene to FXGLStartupScene
14:28:40.131 [JavaFX Application Thread] DEBUG PrimaryStageWindow   - Opening main window
14:28:40.189 [JavaFX Application Thread] DEBUG PrimaryStageWindow   - Window border size: (14.4000244140625, 37.5999755859375)
14:28:40.189 [JavaFX Application Thread] DEBUG PrimaryStageWindow   - Scaled size: 800.0 x 600.0
14:28:40.190 [JavaFX Application Thread] DEBUG PrimaryStageWindow   - Scaled ratio: (1.0, 1.0)
14:28:40.190 [JavaFX Application Thread] DEBUG PrimaryStageWindow   - Scene size: 800.0 x 600.0
14:28:40.190 [JavaFX Application Thread] DEBUG PrimaryStageWindow   - Stage size: 814.4000244140625 x 637.5999755859375
14:28:40.194 [FXGL Background Thread 1 ] DEBUG Engine               - Initializing environment variables
14:28:40.225 [FXGL Background Thread 1 ] DEBUG FXGLAssetLoaderServi - User app class for loading assets: class henu.soft.tankwar.TankApp
14:28:40.225 [FXGL Background Thread 1 ] DEBUG GameApplicationServi - Applying CSS: fxgl_dark.css
14:28:40.225 [FXGL Background Thread 1 ] DEBUG FXGLAssetLoaderServi - Loading from file system: jar:file:///C:/Users/lenovo/.m2/repository/com/github/almasb/fxgl/17.1/fxgl-17.1.jar!/fxglassets/ui/css/fxgl_dark.css
14:28:40.255 [FXGL Background Thread 1 ] DEBUG GameApplicationServi - Initializing application scenes
14:28:40.316 [FXGL Background Thread 1 ] DEBUG GameWorld            - Game world initialized
14:28:40.350 [FXGL Background Thread 1 ] DEBUG PhysicsWorld         - Physics world initialized: appHeight=600, physics.ppm=50.0
14:28:40.350 [FXGL Background Thread 1 ] DEBUG PhysicsWorld         - Using strategy: BRUTE_FORCE
14:28:40.353 [FXGL Background Thread 1 ] DEBUG GameScene            - Game scene initialized: 800x600
14:28:40.360 [FXGL Background Thread 1 ] DEBUG FXGL.DefaultMenu     - createMenuBodyGameMenu()
14:28:40.367 [FXGL Background Thread 1 ] DEBUG FXGL.DefaultMenu     - createOptionsMenu()
14:28:40.374 [FXGL Background Thread 1 ] DEBUG FXGLAssetLoaderServi - Loading from file system: jar:file:///C:/Users/lenovo/.m2/repository/com/github/almasb/fxgl/17.1/fxgl-17.1.jar!/fxglassets/textures/particles/smoke.png
14:28:40.432 [FXGL Background Thread 1 ] DEBUG FXGLAssetLoaderServi - Loading from file system: jar:file:///C:/Users/lenovo/.m2/repository/com/github/almasb/fxgl/17.1/fxgl-17.1.jar!/fxglassets/textures/particles/trace_horizontal.png
14:28:40.452 [FXGL Background Thread 1 ] DEBUG GameApplicationServi - Application scenes initialized
14:28:40.459 [FXGL Background Thread 1 ] DEBUG SystemBundleService  - Loading FXGL system data
14:28:40.462 [FXGL Background Thread 1 ] DEBUG FileSystemAccess     - Reading from: C:\Users\lenovo\Desktop\TankWar\system\fxgl.bundle
14:28:40.467 [FXGL Background Thread 1 ] DEBUG SystemBundleService  - Bundle FXGL: {}
14:28:40.468 [FXGL Background Thread 1 ] DEBUG UpdaterService       - Checking for updates
14:28:40.470 [FXGL Background Thread 4 ] DEBUG FXGLApplication      - Loading fonts
14:28:40.471 [FXGL Background Thread 1 ] DEBUG FXGLApplication      - Loading default localization
14:28:40.471 [FXGL Background Thread 4 ] DEBUG FXGLAssetLoaderServi - Loading from file system: jar:file:///C:/Users/lenovo/.m2/repository/com/github/almasb/fxgl/17.1/fxgl-17.1.jar!/fxglassets/ui/fonts/VarelaRound-Regular.ttf
14:28:40.471 [FXGL Background Thread 1 ] DEBUG FXGLAssetLoaderServi - Loading from file system: jar:file:///C:/Users/lenovo/.m2/repository/com/github/almasb/fxgl/17.1/fxgl-17.1.jar!/fxglassets/languages/english.lang
14:28:40.483 [FXGL Background Thread 1 ] INFO  FXGLApplication      - FXGL initialization took: 0.289 sec
14:28:40.489 [JavaFX Application Thread] DEBUG Input                - Registered new binding: action0 - D
14:28:40.490 [JavaFX Application Thread] DEBUG Input                - Registered new binding: action1 - A
14:28:40.490 [JavaFX Application Thread] DEBUG Input                - Registered new binding: action2 - W
14:28:40.490 [JavaFX Application Thread] DEBUG Input                - Registered new binding: action3 - S
14:28:40.490 [JavaFX Application Thread] DEBUG Input                - Registered new binding: action4 - Space
14:28:40.491 [JavaFX Application Thread] DEBUG FXGLAssetLoaderServi - Loading from file system: file:/C:/Users/lenovo/Desktop/TankWar/target/classes/assets/textures/10.gif
14:28:40.497 [JavaFX Application Thread] DEBUG FXGLAssetLoaderServi - Loading from file system: jar:file:///C:/Users/lenovo/.m2/repository/com/github/almasb/fxgl/17.1/fxgl-17.1.jar!/fxglassets/textures/fxgl_default_cursor.png
14:28:40.498 [JavaFX Application Thread] DEBUG Input                - Registered new binding: Screenshot - CTRL+8
14:28:40.498 [JavaFX Application Thread] DEBUG Input                - Registered new binding: System info dump - CTRL+9
14:28:40.498 [JavaFX Application Thread] DEBUG Input                - Registered new binding: Restart - CTRL+R
14:28:40.499 [JavaFX Application Thread] DEBUG Input                - Registered new binding: Toggle Debug Camera - CTRL+7
14:28:40.500 [JavaFX Application Thread] DEBUG LoopRunner           - Starting loop
14:28:40.500 [JavaFX Application Thread] DEBUG LoopRunner           - Initializing JavaFX AnimationTimerLoop
14:28:40.501 [JavaFX Application Thread] DEBUG GameApplicationServi - Starting new game
14:28:40.501 [JavaFX Application Thread] DEBUG Input                - Clearing active input actions
14:28:40.507 [JavaFX Application Thread] DEBUG GameApplicationServi - Removing overlay from FXGLStartupScene and adding to FXGLLoadingScene
14:28:40.507 [JavaFX Application Thread] DEBUG PrimaryStageWindow   - FXGLStartupScene -> FXGLLoadingScene
14:28:40.507 [JavaFX Application Thread] DEBUG GameApplicationServi - Clearing previous game
14:28:40.507 [JavaFX Application Thread] DEBUG GameScene            - Clearing game scene
14:28:40.507 [JavaFX Application Thread] DEBUG GameWorld            - Clearing game world
14:28:40.507 [JavaFX Application Thread] DEBUG PhysicsWorld         - Clearing physics world
14:28:40.508 [FXGL Background Thread 1 ] DEBUG FXGLApplication      - Initializing game
14:28:40.513 [FXGL Background Thread 1 ] DEBUG FXGLAssetLoaderServi - Loading from file system: file:/C:/Users/lenovo/Desktop/TankWar/target/classes/assets/textures/TankPlayer.png
14:28:40.526 [FXGL Background Thread 1 ] DEBUG FXGLAssetLoaderServi - Loading from file system: file:/C:/Users/lenovo/Desktop/TankWar/target/classes/assets/textures/bricks.gif
14:28:40.558 [FXGL Background Thread 4 ] DEBUG FXGLAssetLoaderServi - Loading from file system: jar:file:///C:/Users/lenovo/.m2/repository/com/github/almasb/fxgl/17.1/fxgl-17.1.jar!/fxglassets/ui/fonts/Abel-Regular.ttf
14:28:40.562 [FXGL Background Thread 1 ] DEBUG FXGLAssetLoaderServi - Loading from file system: file:/C:/Users/lenovo/Desktop/TankWar/target/classes/assets/textures/tankR.gif
14:28:40.565 [FXGL Background Thread 4 ] DEBUG FXGLAssetLoaderServi - Loading from file system: jar:file:///C:/Users/lenovo/.m2/repository/com/github/almasb/fxgl/17.1/fxgl-17.1.jar!/fxglassets/ui/fonts/TerminalLandMono-Regular.otf
14:28:40.572 [FXGL Background Thread 4 ] DEBUG FXGLAssetLoaderServi - Loading from file system: jar:file:///C:/Users/lenovo/.m2/repository/com/github/almasb/fxgl/17.1/fxgl-17.1.jar!/fxglassets/ui/fonts/Courier-Prime.ttf
14:28:40.572 [FXGL Background Thread 1 ] INFO  FXGLApplication      - Game initialization took: 0.064 sec
14:28:40.573 [JavaFX Application Thread] DEBUG Input                - Clearing active input actions
14:28:40.585 [JavaFX Application Thread] DEBUG GameApplicationServi - Removing overlay from FXGLLoadingScene and adding to GameScene
14:28:40.585 [JavaFX Application Thread] DEBUG PrimaryStageWindow   - FXGLLoadingScene -> GameScene
14:28:40.586 [JavaFX Application Thread] DEBUG FXGLApplication      - Registering font factories with UI factory
14:28:40.663 [FXGL Background Thread 2 ] WARN  UpdaterService       - Failed to find updates: javax.net.ssl.SSLHandshakeException: PKIX path building failed: sun.security.provider.certpath.SunCertPathBuilderException: unable to find valid certification path to requested target
14:28:40.856 [JavaFX Application Thread] DEBUG FXGLAssetLoaderServi - Loading from file system: file:/C:/Users/lenovo/Desktop/TankWar/target/classes/assets/textures/missileR.gif
14:28:40.858 [JavaFX Application Thread] WARN  Entity               - Entity already has component: com.almasb.fxgl.entity.components.CollidableComponent
14:28:40.884 [JavaFX Application Thread] WARN  Entity               - Entity already has component: com.almasb.fxgl.entity.components.CollidableComponent
14:28:40.906 [JavaFX Application Thread] WARN  Entity               - Entity already has component: com.almasb.fxgl.entity.components.CollidableComponent
14:28:40.967 [JavaFX Application Thread] WARN  Entity               - Entity already has component: com.almasb.fxgl.entity.components.CollidableComponent
14:28:40.987 [JavaFX Application Thread] WARN  Entity               - Entity already has component: com.almasb.fxgl.entity.components.CollidableComponent
14:28:41.113 [JavaFX Application Thread] WARN  Entity               - Entity already has component: com.almasb.fxgl.entity.components.CollidableComponent
14:28:41.162 [JavaFX Application Thread] WARN  Entity               - Entity already has component: com.almasb.fxgl.entity.components.CollidableComponent
14:28:41.189 [JavaFX Application Thread] WARN  Entity               - Entity already has component: com.almasb.fxgl.entity.components.CollidableComponent
14:28:41.252 [JavaFX Application Thread] WARN  Entity               - Entity already has component: com.almasb.fxgl.entity.components.CollidableComponent
14:28:41.460 [JavaFX Application Thread] WARN  Entity               - Entity already has component: com.almasb.fxgl.entity.components.CollidableComponent
14:28:41.466 [JavaFX Application Thread] WARN  Entity               - Entity already has component: com.almasb.fxgl.entity.components.CollidableComponent
14:28:41.510 [JavaFX Application Thread] WARN  Entity               - Entity already has component: com.almasb.fxgl.entity.components.CollidableComponent
14:28:41.594 [JavaFX Application Thread] WARN  Entity               - Entity already has component: com.almasb.fxgl.entity.components.CollidableComponent
14:28:41.620 [JavaFX Application Thread] WARN  Entity               - Entity already has component: com.almasb.fxgl.entity.components.CollidableComponent
14:28:41.730 [JavaFX Application Thread] WARN  Entity               - Entity already has component: com.almasb.fxgl.entity.components.CollidableComponent
14:28:41.751 [JavaFX Application Thread] WARN  Entity               - Entity already has component: com.almasb.fxgl.entity.components.CollidableComponent
14:28:41.867 [JavaFX Application Thread] WARN  Entity               - Entity already has component: com.almasb.fxgl.entity.components.CollidableComponent
14:28:41.915 [JavaFX Application Thread] WARN  Entity               - Entity already has component: com.almasb.fxgl.entity.components.CollidableComponent
14:28:42.010 [JavaFX Application Thread] WARN  Entity               - Entity already has component: com.almasb.fxgl.entity.components.CollidableComponent
14:28:42.057 [JavaFX Application Thread] WARN  Entity               - Entity already has component: com.almasb.fxgl.entity.components.CollidableComponent
14:28:42.071 [JavaFX Application Thread] WARN  Entity               - Entity already has component: com.almasb.fxgl.entity.components.CollidableComponent
14:28:42.202 [JavaFX Application Thread] WARN  Entity               - Entity already has component: com.almasb.fxgl.entity.components.CollidableComponent
14:28:42.298 [JavaFX Application Thread] WARN  Entity               - Entity already has component: com.almasb.fxgl.entity.components.CollidableComponent
14:28:42.328 [JavaFX Application Thread] WARN  Entity               - Entity already has component: com.almasb.fxgl.entity.components.CollidableComponent
14:28:42.425 [JavaFX Application Thread] WARN  Entity               - Entity already has component: com.almasb.fxgl.entity.components.CollidableComponent
14:28:42.600 [JavaFX Application Thread] WARN  Entity               - Entity already has component: com.almasb.fxgl.entity.components.CollidableComponent
14:28:42.666 [JavaFX Application Thread] WARN  Entity               - Entity already has component: com.almasb.fxgl.entity.components.CollidableComponent
14:28:42.667 [JavaFX Application Thread] WARN  Entity               - Entity already has component: com.almasb.fxgl.entity.components.CollidableComponent
14:28:42.724 [JavaFX Application Thread] WARN  Entity               - Entity already has component: com.almasb.fxgl.entity.components.CollidableComponent
14:28:42.869 [JavaFX Application Thread] WARN  Entity               - Entity already has component: com.almasb.fxgl.entity.components.CollidableComponent
14:28:43.140 [JavaFX Application Thread] WARN  Entity               - Entity already has component: com.almasb.fxgl.entity.components.CollidableComponent
14:28:43.273 [JavaFX Application Thread] WARN  Entity               - Entity already has component: com.almasb.fxgl.entity.components.CollidableComponent
14:28:43.354 [JavaFX Application Thread] WARN  Entity               - Entity already has component: com.almasb.fxgl.entity.components.CollidableComponent
14:28:43.355 [JavaFX Application Thread] WARN  Entity               - Entity already has component: com.almasb.fxgl.entity.components.CollidableComponent
14:28:43.471 [FXGL Background Thread 3 ] DEBUG Engine               - Logging environment variables
14:28:43.471 [FXGL Background Thread 3 ] DEBUG Engine               - achievements: []
14:28:43.471 [FXGL Background Thread 3 ] DEBUG Engine               - actualHeight: 600.0
14:28:43.471 [FXGL Background Thread 3 ] DEBUG Engine               - actualHeightProperty: ReadOnlyDoubleProperty [value: 600.0]
14:28:43.471 [FXGL Background Thread 3 ] DEBUG Engine               - actualWidth: 800.0
14:28:43.471 [FXGL Background Thread 3 ] DEBUG Engine               - actualWidthProperty: ReadOnlyDoubleProperty [value: 800.0]
14:28:43.471 [FXGL Background Thread 3 ] DEBUG Engine               - appIcon: 10.gif
14:28:43.471 [FXGL Background Thread 3 ] DEBUG Engine               - applicationMode: DEVELOPER
14:28:43.471 [FXGL Background Thread 3 ] DEBUG Engine               - cSSList: [fxgl_dark.css]
14:28:43.471 [FXGL Background Thread 3 ] DEBUG Engine               - collisionDetectionStrategy: BRUTE_FORCE
14:28:43.471 [FXGL Background Thread 3 ] DEBUG Engine               - configClass: Optional.empty
14:28:43.472 [FXGL Background Thread 3 ] DEBUG Engine               - credits: []
14:28:43.472 [FXGL Background Thread 3 ] DEBUG Engine               - defaultCursor: CursorInfo(imageName=fxgl_default_cursor.png, hotspotX=7.0, hotspotY=6.0)
14:28:43.472 [FXGL Background Thread 3 ] DEBUG Engine               - devBBoxColorProperty: ObjectProperty [value: 0xff0000ff]
14:28:43.472 [FXGL Background Thread 3 ] DEBUG Engine               - devEnableDebugCameraProperty: BooleanProperty [value: false]
14:28:43.472 [FXGL Background Thread 3 ] DEBUG Engine               - devSensorColorProperty: ObjectProperty [value: 0xffff00ff]
14:28:43.472 [FXGL Background Thread 3 ] DEBUG Engine               - devShowBBoxProperty: BooleanProperty [value: false]
14:28:43.472 [FXGL Background Thread 3 ] DEBUG Engine               - devShowPositionProperty: BooleanProperty [value: false]
14:28:43.472 [FXGL Background Thread 3 ] DEBUG Engine               - enabledMenuItems: []
14:28:43.472 [FXGL Background Thread 3 ] DEBUG Engine               - engineServices: [class com.almasb.fxgl.app.services.FXGLAssetLoaderService, class com.almasb.fxgl.app.FXGLApplication$GameApplicationService, class com.almasb.fxgl.app.services.FXGLDialogService, class com.almasb.fxgl.app.services.IOTaskExecutorService, class com.almasb.fxgl.io.FileSystemService, class com.almasb.fxgl.localization.LocalizationService, class com.almasb.fxgl.app.services.SystemBundleService, class com.almasb.fxgl.profile.SaveLoadService, class com.almasb.fxgl.ui.FXGLUIFactoryServiceProvider, class com.almasb.fxgl.ui.FXGLDialogFactoryServiceProvider, class com.almasb.fxgl.audio.AudioPlayer, class com.almasb.fxgl.notification.impl.NotificationServiceProvider, class com.almasb.fxgl.achievement.AchievementService, class com.almasb.fxgl.cutscene.CutsceneService, class com.almasb.fxgl.minigames.MiniGameService, class com.almasb.fxgl.net.NetService, class com.almasb.fxgl.app.services.UpdaterService, class com.almasb.fxgl.dev.DevService]
14:28:43.472 [FXGL Background Thread 3 ] DEBUG Engine               - fontGame: Abel-Regular.ttf
14:28:43.472 [FXGL Background Thread 3 ] DEBUG Engine               - fontMono: TerminalLandMono-Regular.otf
14:28:43.472 [FXGL Background Thread 3 ] DEBUG Engine               - fontText: Courier-Prime.ttf
14:28:43.472 [FXGL Background Thread 3 ] DEBUG Engine               - fontUI: VarelaRound-Regular.ttf
14:28:43.472 [FXGL Background Thread 3 ] DEBUG Engine               - fullScreen: BooleanProperty [value: false]
14:28:43.473 [FXGL Background Thread 3 ] DEBUG Engine               - gameDifficulty: MEDIUM
14:28:43.473 [FXGL Background Thread 3 ] DEBUG Engine               - gameDifficultyProperty: ObjectProperty [value: MEDIUM]
14:28:43.473 [FXGL Background Thread 3 ] DEBUG Engine               - globalMusicVolume: 0.5
14:28:43.473 [FXGL Background Thread 3 ] DEBUG Engine               - globalMusicVolumeProperty: DoubleProperty [value: 0.5]
14:28:43.473 [FXGL Background Thread 3 ] DEBUG Engine               - globalSoundVolume: 0.5
14:28:43.473 [FXGL Background Thread 3 ] DEBUG Engine               - globalSoundVolumeProperty: DoubleProperty [value: 0.5]
14:28:43.473 [FXGL Background Thread 3 ] DEBUG Engine               - height: 600
14:28:43.473 [FXGL Background Thread 3 ] DEBUG Engine               - is3D: false
14:28:43.473 [FXGL Background Thread 3 ] DEBUG Engine               - isAndroid: false
14:28:43.473 [FXGL Background Thread 3 ] DEBUG Engine               - isBrowser: false
14:28:43.473 [FXGL Background Thread 3 ] DEBUG Engine               - isClickFeedbackEnabled: false
14:28:43.473 [FXGL Background Thread 3 ] DEBUG Engine               - isCloseConfirmation: false
14:28:43.473 [FXGL Background Thread 3 ] DEBUG Engine               - isDesktop: true
14:28:43.473 [FXGL Background Thread 3 ] DEBUG Engine               - isDeveloperMenuEnabled: false
14:28:43.473 [FXGL Background Thread 3 ] DEBUG Engine               - isEmbedded: false
14:28:43.473 [FXGL Background Thread 3 ] DEBUG Engine               - isEntityPreloadEnabled: true
14:28:43.473 [FXGL Background Thread 3 ] DEBUG Engine               - isExperimentalTiledLargeMap: false
14:28:43.473 [FXGL Background Thread 3 ] DEBUG Engine               - isFileSystemWriteAllowed: true
14:28:43.473 [FXGL Background Thread 3 ] DEBUG Engine               - isFullScreenAllowed: false
14:28:43.473 [FXGL Background Thread 3 ] DEBUG Engine               - isFullScreenFromStart: false
14:28:43.473 [FXGL Background Thread 3 ] DEBUG Engine               - isGameMenuEnabled: true
14:28:43.474 [FXGL Background Thread 3 ] DEBUG Engine               - isIOS: false
14:28:43.474 [FXGL Background Thread 3 ] DEBUG Engine               - isIntroEnabled: false
14:28:43.474 [FXGL Background Thread 3 ] DEBUG Engine               - isLinux: false
14:28:43.474 [FXGL Background Thread 3 ] DEBUG Engine               - isMac: false
14:28:43.474 [FXGL Background Thread 3 ] DEBUG Engine               - isMainMenuEnabled: false
14:28:43.474 [FXGL Background Thread 3 ] DEBUG Engine               - isManualResizeEnabled: false
14:28:43.474 [FXGL Background Thread 3 ] DEBUG Engine               - isMobile: false
14:28:43.474 [FXGL Background Thread 3 ] DEBUG Engine               - isNative: false
14:28:43.474 [FXGL Background Thread 3 ] DEBUG Engine               - isPauseMusicWhenMinimized: true
14:28:43.474 [FXGL Background Thread 3 ] DEBUG Engine               - isPreserveResizeRatio: false
14:28:43.474 [FXGL Background Thread 3 ] DEBUG Engine               - isProfilingEnabled: false
14:28:43.474 [FXGL Background Thread 3 ] DEBUG Engine               - isScaleAffectedOnResize: true
14:28:43.474 [FXGL Background Thread 3 ] DEBUG Engine               - isSingleStep: false
14:28:43.474 [FXGL Background Thread 3 ] DEBUG Engine               - isUserProfileEnabled: false
14:28:43.474 [FXGL Background Thread 3 ] DEBUG Engine               - isWindows: true
14:28:43.474 [FXGL Background Thread 3 ] DEBUG Engine               - language: ObjectProperty [value: ENGLISH]
14:28:43.475 [FXGL Background Thread 3 ] DEBUG Engine               - menuKey: ESCAPE
14:28:43.475 [FXGL Background Thread 3 ] DEBUG Engine               - mouseSensitivity: 0.2
14:28:43.475 [FXGL Background Thread 3 ] DEBUG Engine               - notificationViewClass: class com.almasb.fxgl.notification.view.XboxNotificationView
14:28:43.475 [FXGL Background Thread 3 ] DEBUG Engine               - pixelsPerMeter: 50.0
14:28:43.475 [FXGL Background Thread 3 ] DEBUG Engine               - platform: WINDOWS
14:28:43.475 [FXGL Background Thread 3 ] DEBUG Engine               - prefHeightProperty: ReadOnlyDoubleProperty [value: 600.0]
14:28:43.475 [FXGL Background Thread 3 ] DEBUG Engine               - prefWidthProperty: ReadOnlyDoubleProperty [value: 800.0]
14:28:43.475 [FXGL Background Thread 3 ] DEBUG Engine               - profileDir: profiles/
14:28:43.475 [FXGL Background Thread 3 ] DEBUG Engine               - profileName: StringProperty [value: DEFAULT]
14:28:43.475 [FXGL Background Thread 3 ] DEBUG Engine               - randomSeed: -1
14:28:43.475 [FXGL Background Thread 3 ] DEBUG Engine               - runtimeInfo: RuntimeInfo(platform=WINDOWS, version=17.1, build=24.03.2022 17.34)
14:28:43.475 [FXGL Background Thread 3 ] DEBUG Engine               - saveFileExt: sav
14:28:43.475 [FXGL Background Thread 3 ] DEBUG Engine               - scaledHeightProp$fxgl: DoubleProperty [bound, value: 600.0]
14:28:43.475 [FXGL Background Thread 3 ] DEBUG Engine               - scaledWidthProp$fxgl: DoubleProperty [bound, value: 800.0]
14:28:43.476 [FXGL Background Thread 3 ] DEBUG Engine               - sceneFactory: com.almasb.fxgl.app.scene.SceneFactory@57d27700
14:28:43.476 [FXGL Background Thread 3 ] DEBUG Engine               - secondsIn24h: 60
14:28:43.476 [FXGL Background Thread 3 ] DEBUG Engine               - soundMenuBack: menu/back.wav
14:28:43.476 [FXGL Background Thread 3 ] DEBUG Engine               - soundMenuPress: menu/press.wav
14:28:43.476 [FXGL Background Thread 3 ] DEBUG Engine               - soundMenuSelect: menu/select.wav
14:28:43.476 [FXGL Background Thread 3 ] DEBUG Engine               - soundNotification: core/notification.wav
14:28:43.476 [FXGL Background Thread 3 ] DEBUG Engine               - stageStyle: DECORATED
14:28:43.476 [FXGL Background Thread 3 ] DEBUG Engine               - supportedLanguages: [ENGLISH, FRENCH, GERMAN, HUNGARIAN, RUSSIAN]
14:28:43.476 [FXGL Background Thread 3 ] DEBUG Engine               - ticksPerSecond: -1
14:28:43.476 [FXGL Background Thread 3 ] DEBUG Engine               - title: TankWar
14:28:43.476 [FXGL Background Thread 3 ] DEBUG Engine               - urlGithub: https://github.com/AlmasB/FXGL
14:28:43.476 [FXGL Background Thread 3 ] DEBUG Engine               - urlLeaderboard: http://fxgl-top.herokuapp.com/
14:28:43.476 [FXGL Background Thread 3 ] DEBUG Engine               - urlPOM: https://raw.githubusercontent.com/AlmasB/FXGL/release/README.md
14:28:43.476 [FXGL Background Thread 3 ] DEBUG Engine               - userAppClass: class henu.soft.tankwar.TankApp
14:28:43.476 [FXGL Background Thread 3 ] DEBUG Engine               - version: 1.0
14:28:43.476 [FXGL Background Thread 3 ] DEBUG Engine               - versionCheckDays: 7
14:28:43.476 [FXGL Background Thread 3 ] DEBUG Engine               - width: 800
14:28:43.476 [FXGL Background Thread 3 ] DEBUG Engine               - Logging services
14:28:43.476 [FXGL Background Thread 3 ] DEBUG Engine               - class com.almasb.fxgl.app.services.FXGLAssetLoaderService
14:28:43.476 [FXGL Background Thread 3 ] DEBUG Engine               - class com.almasb.fxgl.app.FXGLApplication$GameApplicationService
14:28:43.476 [FXGL Background Thread 3 ] DEBUG Engine               - class com.almasb.fxgl.app.services.FXGLDialogService
14:28:43.476 [FXGL Background Thread 3 ] DEBUG Engine               - class com.almasb.fxgl.app.services.IOTaskExecutorService
14:28:43.476 [FXGL Background Thread 3 ] DEBUG Engine               - class com.almasb.fxgl.io.FileSystemService
14:28:43.476 [FXGL Background Thread 3 ] DEBUG Engine               - class com.almasb.fxgl.localization.LocalizationService
14:28:43.476 [FXGL Background Thread 3 ] DEBUG Engine               - class com.almasb.fxgl.app.services.SystemBundleService
14:28:43.476 [FXGL Background Thread 3 ] DEBUG Engine               - class com.almasb.fxgl.profile.SaveLoadService
14:28:43.476 [FXGL Background Thread 3 ] DEBUG Engine               - class com.almasb.fxgl.ui.FXGLUIFactoryServiceProvider
14:28:43.476 [FXGL Background Thread 3 ] DEBUG Engine               - class com.almasb.fxgl.ui.FXGLDialogFactoryServiceProvider
14:28:43.476 [FXGL Background Thread 3 ] DEBUG Engine               - class com.almasb.fxgl.audio.AudioPlayer
14:28:43.476 [FXGL Background Thread 3 ] DEBUG Engine               - class com.almasb.fxgl.notification.impl.NotificationServiceProvider
14:28:43.476 [FXGL Background Thread 3 ] DEBUG Engine               - class com.almasb.fxgl.achievement.AchievementService
14:28:43.476 [FXGL Background Thread 3 ] DEBUG Engine               - class com.almasb.fxgl.cutscene.CutsceneService
14:28:43.476 [FXGL Background Thread 3 ] DEBUG Engine               - class com.almasb.fxgl.minigames.MiniGameService
14:28:43.476 [FXGL Background Thread 3 ] DEBUG Engine               - class com.almasb.fxgl.net.NetService
14:28:43.477 [FXGL Background Thread 3 ] DEBUG Engine               - class com.almasb.fxgl.app.services.UpdaterService
14:28:43.477 [FXGL Background Thread 3 ] DEBUG Engine               - class com.almasb.fxgl.dev.DevService
14:28:43.592 [JavaFX Application Thread] WARN  Entity               - Entity already has component: com.almasb.fxgl.entity.components.CollidableComponent
14:28:43.668 [JavaFX Application Thread] WARN  Entity               - Entity already has component: com.almasb.fxgl.entity.components.CollidableComponent
14:28:43.850 [JavaFX Application Thread] WARN  Entity               - Entity already has component: com.almasb.fxgl.entity.components.CollidableComponent
14:28:44.023 [JavaFX Application Thread] WARN  Entity               - Entity already has component: com.almasb.fxgl.entity.components.CollidableComponent
14:28:44.043 [JavaFX Application Thread] WARN  Entity               - Entity already has component: com.almasb.fxgl.entity.components.CollidableComponent
14:28:44.148 [JavaFX Application Thread] WARN  Entity               - Entity already has component: com.almasb.fxgl.entity.components.CollidableComponent
14:28:44.186 [JavaFX Application Thread] WARN  Entity               - Entity already has component: com.almasb.fxgl.entity.components.CollidableComponent
14:28:44.418 [JavaFX Application Thread] WARN  Entity               - Entity already has component: com.almasb.fxgl.entity.components.CollidableComponent
14:28:44.682 [JavaFX Application Thread] WARN  Entity               - Entity already has component: com.almasb.fxgl.entity.components.CollidableComponent
14:28:44.922 [JavaFX Application Thread] WARN  Entity               - Entity already has component: com.almasb.fxgl.entity.components.CollidableComponent
14:28:44.981 [JavaFX Application Thread] WARN  Entity               - Entity already has component: com.almasb.fxgl.entity.components.CollidableComponent
14:28:45.015 [JavaFX Application Thread] WARN  Entity               - Entity already has component: com.almasb.fxgl.entity.components.CollidableComponent
14:28:45.034 [JavaFX Application Thread] WARN  Entity               - Entity already has component: com.almasb.fxgl.entity.components.CollidableComponent
14:28:45.210 [JavaFX Application Thread] WARN  Entity               - Entity already has component: com.almasb.fxgl.entity.components.CollidableComponent
14:28:45.466 [JavaFX Application Thread] WARN  Entity               - Entity already has component: com.almasb.fxgl.entity.components.CollidableComponent
14:28:45.529 [JavaFX Application Thread] WARN  Entity               - Entity already has component: com.almasb.fxgl.entity.components.CollidableComponent
14:28:45.546 [JavaFX Application Thread] WARN  Entity               - Entity already has component: com.almasb.fxgl.entity.components.CollidableComponent
14:28:45.557 [JavaFX Application Thread] WARN  Entity               - Entity already has component: com.almasb.fxgl.entity.components.CollidableComponent
14:28:45.717 [JavaFX Application Thread] WARN  Entity               - Entity already has component: com.almasb.fxgl.entity.components.CollidableComponent
14:28:46.091 [JavaFX Application Thread] WARN  Entity               - Entity already has component: com.almasb.fxgl.entity.components.CollidableComponent
14:28:46.138 [JavaFX Application Thread] WARN  Entity               - Entity already has component: com.almasb.fxgl.entity.components.CollidableComponent
14:28:46.139 [JavaFX Application Thread] WARN  Entity               - Entity already has component: com.almasb.fxgl.entity.components.CollidableComponent
14:28:46.230 [JavaFX Application Thread] WARN  Entity               - Entity already has component: com.almasb.fxgl.entity.components.CollidableComponent
14:28:46.258 [JavaFX Application Thread] WARN  Entity               - Entity already has component: com.almasb.fxgl.entity.components.CollidableComponent
14:28:46.698 [JavaFX Application Thread] WARN  Entity               - Entity already has component: com.almasb.fxgl.entity.components.CollidableComponent
14:28:46.730 [JavaFX Application Thread] WARN  Entity               - Entity already has component: com.almasb.fxgl.entity.components.CollidableComponent
14:28:46.778 [JavaFX Application Thread] WARN  Entity               - Entity already has component: com.almasb.fxgl.entity.components.CollidableComponent
14:28:46.806 [JavaFX Application Thread] WARN  Entity               - Entity already has component: com.almasb.fxgl.entity.components.CollidableComponent
14:28:46.874 [JavaFX Application Thread] WARN  Entity               - Entity already has component: com.almasb.fxgl.entity.components.CollidableComponent
14:28:47.258 [JavaFX Application Thread] WARN  Entity               - Entity already has component: com.almasb.fxgl.entity.components.CollidableComponent
14:28:47.335 [JavaFX Application Thread] WARN  Entity               - Entity already has component: com.almasb.fxgl.entity.components.CollidableComponent
14:28:47.338 [JavaFX Application Thread] WARN  Entity               - Entity already has component: com.almasb.fxgl.entity.components.CollidableComponent
14:28:47.432 [JavaFX Application Thread] WARN  Entity               - Entity already has component: com.almasb.fxgl.entity.components.CollidableComponent
14:28:47.610 [JavaFX Application Thread] WARN  Entity               - Entity already has component: com.almasb.fxgl.entity.components.CollidableComponent
14:28:47.765 [JavaFX Application Thread] WARN  Entity               - Entity already has component: com.almasb.fxgl.entity.components.CollidableComponent
14:28:47.946 [JavaFX Application Thread] WARN  Entity               - Entity already has component: com.almasb.fxgl.entity.components.CollidableComponent
14:28:48.099 [JavaFX Application Thread] WARN  Entity               - Entity already has component: com.almasb.fxgl.entity.components.CollidableComponent
14:28:48.122 [JavaFX Application Thread] WARN  Entity               - Entity already has component: com.almasb.fxgl.entity.components.CollidableComponent
14:28:48.314 [JavaFX Application Thread] WARN  Entity               - Entity already has component: com.almasb.fxgl.entity.components.CollidableComponent
14:28:48.322 [JavaFX Application Thread] WARN  Entity               - Entity already has component: com.almasb.fxgl.entity.components.CollidableComponent
14:28:48.453 [JavaFX Application Thread] WARN  Entity               - Entity already has component: com.almasb.fxgl.entity.components.CollidableComponent
14:28:48.666 [JavaFX Application Thread] WARN  Entity               - Entity already has component: com.almasb.fxgl.entity.components.CollidableComponent
14:28:48.698 [JavaFX Application Thread] WARN  Entity               - Entity already has component: com.almasb.fxgl.entity.components.CollidableComponent
14:28:48.906 [JavaFX Application Thread] WARN  Entity               - Entity already has component: com.almasb.fxgl.entity.components.CollidableComponent
14:28:48.953 [JavaFX Application Thread] WARN  Entity               - Entity already has component: com.almasb.fxgl.entity.components.CollidableComponent
14:28:48.970 [JavaFX Application Thread] WARN  Entity               - Entity already has component: com.almasb.fxgl.entity.components.CollidableComponent
14:28:49.202 [JavaFX Application Thread] WARN  Entity               - Entity already has component: com.almasb.fxgl.entity.components.CollidableComponent
14:28:49.446 [JavaFX Application Thread] WARN  Entity               - Entity already has component: com.almasb.fxgl.entity.components.CollidableComponent
14:28:49.466 [JavaFX Application Thread] WARN  Entity               - Entity already has component: com.almasb.fxgl.entity.components.CollidableComponent
14:28:49.570 [JavaFX Application Thread] WARN  Entity               - Entity already has component: com.almasb.fxgl.entity.components.CollidableComponent
14:28:49.842 [JavaFX Application Thread] WARN  Entity               - Entity already has component: com.almasb.fxgl.entity.components.CollidableComponent
14:28:49.863 [JavaFX Application Thread] WARN  Entity               - Entity already has component: com.almasb.fxgl.entity.components.CollidableComponent
14:28:50.001 [JavaFX Application Thread] WARN  Entity               - Entity already has component: com.almasb.fxgl.entity.components.CollidableComponent
14:28:50.098 [JavaFX Application Thread] WARN  Entity               - Entity already has component: com.almasb.fxgl.entity.components.CollidableComponent
14:28:50.119 [JavaFX Application Thread] WARN  Entity               - Entity already has component: com.almasb.fxgl.entity.components.CollidableComponent
14:28:50.120 [JavaFX Application Thread] WARN  Entity               - Entity already has component: com.almasb.fxgl.entity.components.CollidableComponent
14:28:50.362 [JavaFX Application Thread] WARN  Entity               - Entity already has component: com.almasb.fxgl.entity.components.CollidableComponent
14:28:50.390 [JavaFX Application Thread] WARN  Entity               - Entity already has component: com.almasb.fxgl.entity.components.CollidableComponent
14:28:50.599 [JavaFX Application Thread] WARN  Entity               - Entity already has component: com.almasb.fxgl.entity.components.CollidableComponent
14:28:50.626 [JavaFX Application Thread] WARN  Entity               - Entity already has component: com.almasb.fxgl.entity.components.CollidableComponent
14:28:50.633 [JavaFX Application Thread] WARN  Entity               - Entity already has component: com.almasb.fxgl.entity.components.CollidableComponent
14:28:50.904 [JavaFX Application Thread] WARN  Entity               - Entity already has component: com.almasb.fxgl.entity.components.CollidableComponent
14:28:50.938 [JavaFX Application Thread] WARN  Entity               - Entity already has component: com.almasb.fxgl.entity.components.CollidableComponent
14:28:51.348 [JavaFX Application Thread] WARN  Entity               - Entity already has component: com.almasb.fxgl.entity.components.CollidableComponent
14:28:51.460 [JavaFX Application Thread] WARN  Entity               - Entity already has component: com.almasb.fxgl.entity.components.CollidableComponent
14:28:51.591 [JavaFX Application Thread] WARN  Entity               - Entity already has component: com.almasb.fxgl.entity.components.CollidableComponent
14:28:51.960 [JavaFX Application Thread] WARN  Entity               - Entity already has component: com.almasb.fxgl.entity.components.CollidableComponent
14:28:52.119 [JavaFX Application Thread] WARN  Entity               - Entity already has component: com.almasb.fxgl.entity.components.CollidableComponent
14:28:52.379 [JavaFX Application Thread] WARN  Entity               - Entity already has component: com.almasb.fxgl.entity.components.CollidableComponent
14:28:52.488 [JavaFX Application Thread] WARN  Entity               - Entity already has component: com.almasb.fxgl.entity.components.CollidableComponent
14:28:52.762 [JavaFX Application Thread] WARN  Entity               - Entity already has component: com.almasb.fxgl.entity.components.CollidableComponent
14:28:52.986 [JavaFX Application Thread] WARN  Entity               - Entity already has component: com.almasb.fxgl.entity.components.CollidableComponent
14:28:53.050 [JavaFX Application Thread] WARN  Entity               - Entity already has component: com.almasb.fxgl.entity.components.CollidableComponent
14:28:53.334 [JavaFX Application Thread] WARN  Entity               - Entity already has component: com.almasb.fxgl.entity.components.CollidableComponent
14:28:53.557 [JavaFX Application Thread] WARN  Entity               - Entity already has component: com.almasb.fxgl.entity.components.CollidableComponent
14:28:53.702 [JavaFX Application Thread] WARN  Entity               - Entity already has component: com.almasb.fxgl.entity.components.CollidableComponent
14:28:53.898 [JavaFX Application Thread] WARN  Entity               - Entity already has component: com.almasb.fxgl.entity.components.CollidableComponent
14:28:54.218 [JavaFX Application Thread] WARN  Entity               - Entity already has component: com.almasb.fxgl.entity.components.CollidableComponent
14:28:54.424 [JavaFX Application Thread] WARN  Entity               - Entity already has component: com.almasb.fxgl.entity.components.CollidableComponent
14:28:54.442 [JavaFX Application Thread] WARN  Entity               - Entity already has component: com.almasb.fxgl.entity.components.CollidableComponent
14:28:54.922 [JavaFX Application Thread] WARN  Entity               - Entity already has component: com.almasb.fxgl.entity.components.CollidableComponent
14:28:55.018 [JavaFX Application Thread] WARN  Entity               - Entity already has component: com.almasb.fxgl.entity.components.CollidableComponent
14:28:55.029 [JavaFX Application Thread] WARN  Entity               - Entity already has component: com.almasb.fxgl.entity.components.CollidableComponent
14:28:55.106 [JavaFX Application Thread] WARN  Entity               - Entity already has component: com.almasb.fxgl.entity.components.CollidableComponent
14:28:55.730 [JavaFX Application Thread] WARN  Entity               - Entity already has component: com.almasb.fxgl.entity.components.CollidableComponent
14:28:55.834 [JavaFX Application Thread] WARN  Entity               - Entity already has component: com.almasb.fxgl.entity.components.CollidableComponent
14:28:56.578 [JavaFX Application Thread] WARN  Entity               - Entity already has component: com.almasb.fxgl.entity.components.CollidableComponent
14:28:56.746 [JavaFX Application Thread] WARN  Entity               - Entity already has component: com.almasb.fxgl.entity.components.CollidableComponent
14:28:57.224 [JavaFX Application Thread] WARN  Entity               - Entity already has component: com.almasb.fxgl.entity.components.CollidableComponent
14:28:57.272 [JavaFX Application Thread] WARN  Entity               - Entity already has component: com.almasb.fxgl.entity.components.CollidableComponent
14:28:57.737 [JavaFX Application Thread] WARN  Entity               - Entity already has component: com.almasb.fxgl.entity.components.CollidableComponent
14:28:57.898 [JavaFX Application Thread] WARN  Entity               - Entity already has component: com.almasb.fxgl.entity.components.CollidableComponent
14:28:58.453 [JavaFX Application Thread] WARN  Entity               - Entity already has component: com.almasb.fxgl.entity.components.CollidableComponent
14:28:58.730 [JavaFX Application Thread] WARN  Entity               - Entity already has component: com.almasb.fxgl.entity.components.CollidableComponent
14:28:58.994 [JavaFX Application Thread] WARN  Entity               - Entity already has component: com.almasb.fxgl.entity.components.CollidableComponent
14:28:59.514 [JavaFX Application Thread] WARN  Entity               - Entity already has component: com.almasb.fxgl.entity.components.CollidableComponent
14:28:59.522 [JavaFX Application Thread] WARN  Entity               - Entity already has component: com.almasb.fxgl.entity.components.CollidableComponent
14:29:00.015 [JavaFX Application Thread] DEBUG FXGLApplication      - Exiting FXGL
14:29:00.015 [JavaFX Application Thread] DEBUG LoopRunner           - Stopping loop
14:29:00.015 [JavaFX Application Thread] DEBUG SystemBundleService  - Saving FXGL system data
14:29:00.017 [JavaFX Application Thread] DEBUG FileSystemAccess     - Writing to: C:\Users\lenovo\Desktop\TankWar\system\fxgl.bundle
14:29:00.018 [JavaFX Application Thread] DEBUG Async                - Shutting down background threads
14:29:00.018 [JavaFX Application Thread] DEBUG PrimaryStageWindow   - Closing main window
14:29:00.028 [JavaFX Application Thread] DEBUG Logger               - Closing Logger
