12:36:49.214 [main                     ] DEBUG Logger               - Configured Logger
12:36:49.243 [main                     ] DEBUG GameApplication      - Logging settings
Title: TankWar
Version: 1.0
Width: 800
Height: 600
Fullscreen: false
Intro: false
Profiling: false
Single step:false
App Mode: DEVELOPER
Menu Key: ESCAPE
Stage Style: DECORATED
Scene Factory: class com.almasb.fxgl.app.scene.SceneFactory

12:36:49.657 [JavaFX Application Thread] DEBUG FXGLApplication      - Initializing FXGL
12:36:49.662 [JavaFX Application Thread] INFO  Engine               - FXGL-17.1 (24.03.2022 17.34) on WINDOWS (J:18.0.2.1 FX:18.0.2)
12:36:49.662 [JavaFX Application Thread] DEBUG Engine               - JRE Vendor Name: Oracle Corporation
12:36:49.662 [JavaFX Application Thread] DEBUG Engine               - Running on OS: Windows 10 version 10.0
12:36:49.662 [JavaFX Application Thread] DEBUG Engine               - Architecture: amd64
12:36:49.662 [JavaFX Application Thread] INFO  Engine               - Source code and latest versions at: https://github.com/AlmasB/FXGL
12:36:49.662 [JavaFX Application Thread] INFO  Engine               -       Ask questions and discuss at: https://github.com/AlmasB/FXGL/discussions
12:36:49.662 [JavaFX Application Thread] INFO  Engine               -              Join the FXGL chat at: https://gitter.im/AlmasB/FXGL
12:36:49.723 [JavaFX Application Thread] DEBUG PrimaryStageWindow   - Creating a JavaFX scene
12:36:49.769 [JavaFX Application Thread] DEBUG PrimaryStageWindow   - Target settings size: 800.0 x 600.0
12:36:49.769 [JavaFX Application Thread] DEBUG PrimaryStageWindow   - Scaled scene size:    800.0 x 600.0
12:36:49.769 [JavaFX Application Thread] DEBUG PrimaryStageWindow   - Scaled ratio: (1.0, 1.0)
12:36:49.770 [JavaFX Application Thread] DEBUG PrimaryStageWindow   - Set initial scene to FXGLStartupScene
12:36:49.774 [JavaFX Application Thread] DEBUG PrimaryStageWindow   - Opening main window
12:36:49.848 [JavaFX Application Thread] DEBUG PrimaryStageWindow   - Window border size: (14.4000244140625, 37.5999755859375)
12:36:49.849 [JavaFX Application Thread] DEBUG PrimaryStageWindow   - Scaled size: 800.0 x 600.0
12:36:49.849 [JavaFX Application Thread] DEBUG PrimaryStageWindow   - Scaled ratio: (1.0, 1.0)
12:36:49.849 [JavaFX Application Thread] DEBUG PrimaryStageWindow   - Scene size: 800.0 x 600.0
12:36:49.849 [JavaFX Application Thread] DEBUG PrimaryStageWindow   - Stage size: 814.4000244140625 x 637.5999755859375
12:36:49.853 [FXGL Background Thread 1 ] DEBUG Engine               - Initializing environment variables
12:36:49.885 [FXGL Background Thread 1 ] DEBUG FXGLAssetLoaderServi - User app class for loading assets: class henu.soft.tankwar.TankApp
12:36:49.885 [FXGL Background Thread 1 ] DEBUG GameApplicationServi - Applying CSS: fxgl_dark.css
12:36:49.886 [FXGL Background Thread 1 ] DEBUG FXGLAssetLoaderServi - Loading from file system: jar:file:///C:/Users/lenovo/.m2/repository/com/github/almasb/fxgl/17.1/fxgl-17.1.jar!/fxglassets/ui/css/fxgl_dark.css
12:36:49.919 [FXGL Background Thread 1 ] DEBUG GameApplicationServi - Initializing application scenes
12:36:49.981 [FXGL Background Thread 1 ] DEBUG GameWorld            - Game world initialized
12:36:50.017 [FXGL Background Thread 1 ] DEBUG PhysicsWorld         - Physics world initialized: appHeight=600, physics.ppm=50.0
12:36:50.017 [FXGL Background Thread 1 ] DEBUG PhysicsWorld         - Using strategy: BRUTE_FORCE
12:36:50.020 [FXGL Background Thread 1 ] DEBUG GameScene            - Game scene initialized: 800x600
12:36:50.028 [FXGL Background Thread 1 ] DEBUG FXGL.DefaultMenu     - createMenuBodyGameMenu()
12:36:50.038 [FXGL Background Thread 1 ] DEBUG FXGL.DefaultMenu     - createOptionsMenu()
12:36:50.044 [FXGL Background Thread 1 ] DEBUG FXGLAssetLoaderServi - Loading from file system: jar:file:///C:/Users/lenovo/.m2/repository/com/github/almasb/fxgl/17.1/fxgl-17.1.jar!/fxglassets/textures/particles/smoke.png
12:36:50.105 [FXGL Background Thread 1 ] DEBUG FXGLAssetLoaderServi - Loading from file system: jar:file:///C:/Users/lenovo/.m2/repository/com/github/almasb/fxgl/17.1/fxgl-17.1.jar!/fxglassets/textures/particles/trace_horizontal.png
12:36:50.124 [FXGL Background Thread 1 ] DEBUG GameApplicationServi - Application scenes initialized
12:36:50.132 [FXGL Background Thread 1 ] DEBUG SystemBundleService  - Loading FXGL system data
12:36:50.135 [FXGL Background Thread 1 ] DEBUG FileSystemAccess     - Reading from: C:\Users\lenovo\Desktop\TankWar\system\fxgl.bundle
12:36:50.142 [FXGL Background Thread 1 ] DEBUG SystemBundleService  - Bundle FXGL: {}
12:36:50.142 [FXGL Background Thread 1 ] DEBUG UpdaterService       - Checking for updates
12:36:50.145 [FXGL Background Thread 1 ] DEBUG FXGLApplication      - Loading default localization
12:36:50.145 [FXGL Background Thread 1 ] DEBUG FXGLAssetLoaderServi - Loading from file system: jar:file:///C:/Users/lenovo/.m2/repository/com/github/almasb/fxgl/17.1/fxgl-17.1.jar!/fxglassets/languages/english.lang
12:36:50.157 [FXGL Background Thread 4 ] DEBUG FXGLApplication      - Loading fonts
12:36:50.157 [FXGL Background Thread 4 ] DEBUG FXGLAssetLoaderServi - Loading from file system: jar:file:///C:/Users/lenovo/.m2/repository/com/github/almasb/fxgl/17.1/fxgl-17.1.jar!/fxglassets/ui/fonts/VarelaRound-Regular.ttf
12:36:50.157 [FXGL Background Thread 1 ] INFO  FXGLApplication      - FXGL initialization took: 0.304 sec
12:36:50.171 [JavaFX Application Thread] DEBUG Input                - Registered new binding: action0 - D
12:36:50.171 [JavaFX Application Thread] DEBUG Input                - Registered new binding: action1 - A
12:36:50.171 [JavaFX Application Thread] DEBUG Input                - Registered new binding: action2 - W
12:36:50.171 [JavaFX Application Thread] DEBUG Input                - Registered new binding: action3 - S
12:36:50.171 [JavaFX Application Thread] DEBUG Input                - Registered new binding: action4 - Space
12:36:50.172 [JavaFX Application Thread] DEBUG FXGLAssetLoaderServi - Loading from file system: file:/C:/Users/lenovo/Desktop/TankWar/target/classes/assets/textures/10.gif
12:36:50.178 [JavaFX Application Thread] DEBUG FXGLAssetLoaderServi - Loading from file system: jar:file:///C:/Users/lenovo/.m2/repository/com/github/almasb/fxgl/17.1/fxgl-17.1.jar!/fxglassets/textures/fxgl_default_cursor.png
12:36:50.179 [JavaFX Application Thread] DEBUG Input                - Registered new binding: Screenshot - CTRL+8
12:36:50.180 [JavaFX Application Thread] DEBUG Input                - Registered new binding: System info dump - CTRL+9
12:36:50.180 [JavaFX Application Thread] DEBUG Input                - Registered new binding: Restart - CTRL+R
12:36:50.181 [JavaFX Application Thread] DEBUG Input                - Registered new binding: Toggle Debug Camera - CTRL+7
12:36:50.182 [JavaFX Application Thread] DEBUG LoopRunner           - Starting loop
12:36:50.182 [JavaFX Application Thread] DEBUG LoopRunner           - Initializing JavaFX AnimationTimerLoop
12:36:50.183 [JavaFX Application Thread] DEBUG GameApplicationServi - Starting new game
12:36:50.183 [JavaFX Application Thread] DEBUG Input                - Clearing active input actions
12:36:50.196 [JavaFX Application Thread] DEBUG GameApplicationServi - Removing overlay from FXGLStartupScene and adding to FXGLLoadingScene
12:36:50.197 [JavaFX Application Thread] DEBUG PrimaryStageWindow   - FXGLStartupScene -> FXGLLoadingScene
12:36:50.197 [JavaFX Application Thread] DEBUG GameApplicationServi - Clearing previous game
12:36:50.197 [JavaFX Application Thread] DEBUG GameScene            - Clearing game scene
12:36:50.197 [JavaFX Application Thread] DEBUG GameWorld            - Clearing game world
12:36:50.197 [JavaFX Application Thread] DEBUG PhysicsWorld         - Clearing physics world
12:36:50.198 [FXGL Background Thread 1 ] DEBUG FXGLApplication      - Initializing game
12:36:50.213 [FXGL Background Thread 1 ] DEBUG FXGLAssetLoaderServi - Loading from file system: file:/C:/Users/lenovo/Desktop/TankWar/target/classes/assets/textures/tankR.gif
12:36:50.235 [FXGL Background Thread 1 ] DEBUG FXGLAssetLoaderServi - Loading from file system: file:/C:/Users/lenovo/Desktop/TankWar/target/classes/assets/textures/bricks.gif
12:36:50.279 [FXGL Background Thread 1 ] INFO  FXGLApplication      - Game initialization took: 0.080 sec
12:36:50.283 [JavaFX Application Thread] DEBUG Input                - Clearing active input actions
12:36:50.300 [JavaFX Application Thread] DEBUG GameApplicationServi - Removing overlay from FXGLLoadingScene and adding to GameScene
12:36:50.301 [JavaFX Application Thread] DEBUG PrimaryStageWindow   - FXGLLoadingScene -> GameScene
12:36:50.302 [FXGL Background Thread 4 ] DEBUG FXGLAssetLoaderServi - Loading from file system: jar:file:///C:/Users/lenovo/.m2/repository/com/github/almasb/fxgl/17.1/fxgl-17.1.jar!/fxglassets/ui/fonts/Abel-Regular.ttf
12:36:50.310 [FXGL Background Thread 4 ] DEBUG FXGLAssetLoaderServi - Loading from file system: jar:file:///C:/Users/lenovo/.m2/repository/com/github/almasb/fxgl/17.1/fxgl-17.1.jar!/fxglassets/ui/fonts/TerminalLandMono-Regular.otf
12:36:50.316 [FXGL Background Thread 4 ] DEBUG FXGLAssetLoaderServi - Loading from file system: jar:file:///C:/Users/lenovo/.m2/repository/com/github/almasb/fxgl/17.1/fxgl-17.1.jar!/fxglassets/ui/fonts/Courier-Prime.ttf
12:36:50.327 [JavaFX Application Thread] DEBUG FXGLApplication      - Registering font factories with UI factory
12:36:50.425 [FXGL Background Thread 2 ] WARN  UpdaterService       - Failed to find updates: javax.net.ssl.SSLHandshakeException: PKIX path building failed: sun.security.provider.certpath.SunCertPathBuilderException: unable to find valid certification path to requested target
12:36:53.145 [FXGL Background Thread 3 ] DEBUG Engine               - Logging environment variables
12:36:53.145 [FXGL Background Thread 3 ] DEBUG Engine               - achievements: []
12:36:53.145 [FXGL Background Thread 3 ] DEBUG Engine               - actualHeight: 600.0
12:36:53.145 [FXGL Background Thread 3 ] DEBUG Engine               - actualHeightProperty: ReadOnlyDoubleProperty [value: 600.0]
12:36:53.145 [FXGL Background Thread 3 ] DEBUG Engine               - actualWidth: 800.0
12:36:53.145 [FXGL Background Thread 3 ] DEBUG Engine               - actualWidthProperty: ReadOnlyDoubleProperty [value: 800.0]
12:36:53.145 [FXGL Background Thread 3 ] DEBUG Engine               - appIcon: 10.gif
12:36:53.145 [FXGL Background Thread 3 ] DEBUG Engine               - applicationMode: DEVELOPER
12:36:53.146 [FXGL Background Thread 3 ] DEBUG Engine               - cSSList: [fxgl_dark.css]
12:36:53.146 [FXGL Background Thread 3 ] DEBUG Engine               - collisionDetectionStrategy: BRUTE_FORCE
12:36:53.146 [FXGL Background Thread 3 ] DEBUG Engine               - configClass: Optional.empty
12:36:53.146 [FXGL Background Thread 3 ] DEBUG Engine               - credits: []
12:36:53.146 [FXGL Background Thread 3 ] DEBUG Engine               - defaultCursor: CursorInfo(imageName=fxgl_default_cursor.png, hotspotX=7.0, hotspotY=6.0)
12:36:53.146 [FXGL Background Thread 3 ] DEBUG Engine               - devBBoxColorProperty: ObjectProperty [value: 0xff0000ff]
12:36:53.146 [FXGL Background Thread 3 ] DEBUG Engine               - devEnableDebugCameraProperty: BooleanProperty [value: false]
12:36:53.146 [FXGL Background Thread 3 ] DEBUG Engine               - devSensorColorProperty: ObjectProperty [value: 0xffff00ff]
12:36:53.146 [FXGL Background Thread 3 ] DEBUG Engine               - devShowBBoxProperty: BooleanProperty [value: false]
12:36:53.146 [FXGL Background Thread 3 ] DEBUG Engine               - devShowPositionProperty: BooleanProperty [value: false]
12:36:53.146 [FXGL Background Thread 3 ] DEBUG Engine               - enabledMenuItems: []
12:36:53.147 [FXGL Background Thread 3 ] DEBUG Engine               - engineServices: [class com.almasb.fxgl.app.services.FXGLAssetLoaderService, class com.almasb.fxgl.app.FXGLApplication$GameApplicationService, class com.almasb.fxgl.app.services.FXGLDialogService, class com.almasb.fxgl.app.services.IOTaskExecutorService, class com.almasb.fxgl.io.FileSystemService, class com.almasb.fxgl.localization.LocalizationService, class com.almasb.fxgl.app.services.SystemBundleService, class com.almasb.fxgl.profile.SaveLoadService, class com.almasb.fxgl.ui.FXGLUIFactoryServiceProvider, class com.almasb.fxgl.ui.FXGLDialogFactoryServiceProvider, class com.almasb.fxgl.audio.AudioPlayer, class com.almasb.fxgl.notification.impl.NotificationServiceProvider, class com.almasb.fxgl.achievement.AchievementService, class com.almasb.fxgl.cutscene.CutsceneService, class com.almasb.fxgl.minigames.MiniGameService, class com.almasb.fxgl.net.NetService, class com.almasb.fxgl.app.services.UpdaterService, class com.almasb.fxgl.dev.DevService]
12:36:53.147 [FXGL Background Thread 3 ] DEBUG Engine               - fontGame: Abel-Regular.ttf
12:36:53.147 [FXGL Background Thread 3 ] DEBUG Engine               - fontMono: TerminalLandMono-Regular.otf
12:36:53.147 [FXGL Background Thread 3 ] DEBUG Engine               - fontText: Courier-Prime.ttf
12:36:53.147 [FXGL Background Thread 3 ] DEBUG Engine               - fontUI: VarelaRound-Regular.ttf
12:36:53.147 [FXGL Background Thread 3 ] DEBUG Engine               - fullScreen: BooleanProperty [value: false]
12:36:53.147 [FXGL Background Thread 3 ] DEBUG Engine               - gameDifficulty: MEDIUM
12:36:53.147 [FXGL Background Thread 3 ] DEBUG Engine               - gameDifficultyProperty: ObjectProperty [value: MEDIUM]
12:36:53.147 [FXGL Background Thread 3 ] DEBUG Engine               - globalMusicVolume: 0.5
12:36:53.147 [FXGL Background Thread 3 ] DEBUG Engine               - globalMusicVolumeProperty: DoubleProperty [value: 0.5]
12:36:53.147 [FXGL Background Thread 3 ] DEBUG Engine               - globalSoundVolume: 0.5
12:36:53.147 [FXGL Background Thread 3 ] DEBUG Engine               - globalSoundVolumeProperty: DoubleProperty [value: 0.5]
12:36:53.147 [FXGL Background Thread 3 ] DEBUG Engine               - height: 600
12:36:53.147 [FXGL Background Thread 3 ] DEBUG Engine               - is3D: false
12:36:53.147 [FXGL Background Thread 3 ] DEBUG Engine               - isAndroid: false
12:36:53.147 [FXGL Background Thread 3 ] DEBUG Engine               - isBrowser: false
12:36:53.147 [FXGL Background Thread 3 ] DEBUG Engine               - isClickFeedbackEnabled: false
12:36:53.147 [FXGL Background Thread 3 ] DEBUG Engine               - isCloseConfirmation: false
12:36:53.147 [FXGL Background Thread 3 ] DEBUG Engine               - isDesktop: true
12:36:53.148 [FXGL Background Thread 3 ] DEBUG Engine               - isDeveloperMenuEnabled: false
12:36:53.148 [FXGL Background Thread 3 ] DEBUG Engine               - isEmbedded: false
12:36:53.148 [FXGL Background Thread 3 ] DEBUG Engine               - isEntityPreloadEnabled: true
12:36:53.148 [FXGL Background Thread 3 ] DEBUG Engine               - isExperimentalTiledLargeMap: false
12:36:53.148 [FXGL Background Thread 3 ] DEBUG Engine               - isFileSystemWriteAllowed: true
12:36:53.148 [FXGL Background Thread 3 ] DEBUG Engine               - isFullScreenAllowed: false
12:36:53.148 [FXGL Background Thread 3 ] DEBUG Engine               - isFullScreenFromStart: false
12:36:53.148 [FXGL Background Thread 3 ] DEBUG Engine               - isGameMenuEnabled: true
12:36:53.148 [FXGL Background Thread 3 ] DEBUG Engine               - isIOS: false
12:36:53.148 [FXGL Background Thread 3 ] DEBUG Engine               - isIntroEnabled: false
12:36:53.148 [FXGL Background Thread 3 ] DEBUG Engine               - isLinux: false
12:36:53.148 [FXGL Background Thread 3 ] DEBUG Engine               - isMac: false
12:36:53.148 [FXGL Background Thread 3 ] DEBUG Engine               - isMainMenuEnabled: false
12:36:53.148 [FXGL Background Thread 3 ] DEBUG Engine               - isManualResizeEnabled: false
12:36:53.148 [FXGL Background Thread 3 ] DEBUG Engine               - isMobile: false
12:36:53.148 [FXGL Background Thread 3 ] DEBUG Engine               - isNative: false
12:36:53.148 [FXGL Background Thread 3 ] DEBUG Engine               - isPauseMusicWhenMinimized: true
12:36:53.148 [FXGL Background Thread 3 ] DEBUG Engine               - isPreserveResizeRatio: false
12:36:53.148 [FXGL Background Thread 3 ] DEBUG Engine               - isProfilingEnabled: false
12:36:53.149 [FXGL Background Thread 3 ] DEBUG Engine               - isScaleAffectedOnResize: true
12:36:53.149 [FXGL Background Thread 3 ] DEBUG Engine               - isSingleStep: false
12:36:53.149 [FXGL Background Thread 3 ] DEBUG Engine               - isUserProfileEnabled: false
12:36:53.149 [FXGL Background Thread 3 ] DEBUG Engine               - isWindows: true
12:36:53.149 [FXGL Background Thread 3 ] DEBUG Engine               - language: ObjectProperty [value: ENGLISH]
12:36:53.149 [FXGL Background Thread 3 ] DEBUG Engine               - menuKey: ESCAPE
12:36:53.149 [FXGL Background Thread 3 ] DEBUG Engine               - mouseSensitivity: 0.2
12:36:53.149 [FXGL Background Thread 3 ] DEBUG Engine               - notificationViewClass: class com.almasb.fxgl.notification.view.XboxNotificationView
12:36:53.149 [FXGL Background Thread 3 ] DEBUG Engine               - pixelsPerMeter: 50.0
12:36:53.149 [FXGL Background Thread 3 ] DEBUG Engine               - platform: WINDOWS
12:36:53.149 [FXGL Background Thread 3 ] DEBUG Engine               - prefHeightProperty: ReadOnlyDoubleProperty [value: 600.0]
12:36:53.149 [FXGL Background Thread 3 ] DEBUG Engine               - prefWidthProperty: ReadOnlyDoubleProperty [value: 800.0]
12:36:53.149 [FXGL Background Thread 3 ] DEBUG Engine               - profileDir: profiles/
12:36:53.149 [FXGL Background Thread 3 ] DEBUG Engine               - profileName: StringProperty [value: DEFAULT]
12:36:53.149 [FXGL Background Thread 3 ] DEBUG Engine               - randomSeed: -1
12:36:53.149 [FXGL Background Thread 3 ] DEBUG Engine               - runtimeInfo: RuntimeInfo(platform=WINDOWS, version=17.1, build=24.03.2022 17.34)
12:36:53.149 [FXGL Background Thread 3 ] DEBUG Engine               - saveFileExt: sav
12:36:53.150 [FXGL Background Thread 3 ] DEBUG Engine               - scaledHeightProp$fxgl: DoubleProperty [bound, value: 600.0]
12:36:53.150 [FXGL Background Thread 3 ] DEBUG Engine               - scaledWidthProp$fxgl: DoubleProperty [bound, value: 800.0]
12:36:53.150 [FXGL Background Thread 3 ] DEBUG Engine               - sceneFactory: com.almasb.fxgl.app.scene.SceneFactory@fe91ab3
12:36:53.150 [FXGL Background Thread 3 ] DEBUG Engine               - secondsIn24h: 60
12:36:53.150 [FXGL Background Thread 3 ] DEBUG Engine               - soundMenuBack: menu/back.wav
12:36:53.150 [FXGL Background Thread 3 ] DEBUG Engine               - soundMenuPress: menu/press.wav
12:36:53.150 [FXGL Background Thread 3 ] DEBUG Engine               - soundMenuSelect: menu/select.wav
12:36:53.150 [FXGL Background Thread 3 ] DEBUG Engine               - soundNotification: core/notification.wav
12:36:53.150 [FXGL Background Thread 3 ] DEBUG Engine               - stageStyle: DECORATED
12:36:53.150 [FXGL Background Thread 3 ] DEBUG Engine               - supportedLanguages: [ENGLISH, FRENCH, GERMAN, HUNGARIAN, RUSSIAN]
12:36:53.150 [FXGL Background Thread 3 ] DEBUG Engine               - ticksPerSecond: -1
12:36:53.150 [FXGL Background Thread 3 ] DEBUG Engine               - title: TankWar
12:36:53.150 [FXGL Background Thread 3 ] DEBUG Engine               - urlGithub: https://github.com/AlmasB/FXGL
12:36:53.150 [FXGL Background Thread 3 ] DEBUG Engine               - urlLeaderboard: http://fxgl-top.herokuapp.com/
12:36:53.150 [FXGL Background Thread 3 ] DEBUG Engine               - urlPOM: https://raw.githubusercontent.com/AlmasB/FXGL/release/README.md
12:36:53.150 [FXGL Background Thread 3 ] DEBUG Engine               - userAppClass: class henu.soft.tankwar.TankApp
12:36:53.150 [FXGL Background Thread 3 ] DEBUG Engine               - version: 1.0
12:36:53.150 [FXGL Background Thread 3 ] DEBUG Engine               - versionCheckDays: 7
12:36:53.150 [FXGL Background Thread 3 ] DEBUG Engine               - width: 800
12:36:53.150 [FXGL Background Thread 3 ] DEBUG Engine               - Logging services
12:36:53.150 [FXGL Background Thread 3 ] DEBUG Engine               - class com.almasb.fxgl.app.services.FXGLAssetLoaderService
12:36:53.150 [FXGL Background Thread 3 ] DEBUG Engine               - class com.almasb.fxgl.app.FXGLApplication$GameApplicationService
12:36:53.150 [FXGL Background Thread 3 ] DEBUG Engine               - class com.almasb.fxgl.app.services.FXGLDialogService
12:36:53.150 [FXGL Background Thread 3 ] DEBUG Engine               - class com.almasb.fxgl.app.services.IOTaskExecutorService
12:36:53.150 [FXGL Background Thread 3 ] DEBUG Engine               - class com.almasb.fxgl.io.FileSystemService
12:36:53.151 [FXGL Background Thread 3 ] DEBUG Engine               - class com.almasb.fxgl.localization.LocalizationService
12:36:53.151 [FXGL Background Thread 3 ] DEBUG Engine               - class com.almasb.fxgl.app.services.SystemBundleService
12:36:53.151 [FXGL Background Thread 3 ] DEBUG Engine               - class com.almasb.fxgl.profile.SaveLoadService
12:36:53.151 [FXGL Background Thread 3 ] DEBUG Engine               - class com.almasb.fxgl.ui.FXGLUIFactoryServiceProvider
12:36:53.151 [FXGL Background Thread 3 ] DEBUG Engine               - class com.almasb.fxgl.ui.FXGLDialogFactoryServiceProvider
12:36:53.151 [FXGL Background Thread 3 ] DEBUG Engine               - class com.almasb.fxgl.audio.AudioPlayer
12:36:53.151 [FXGL Background Thread 3 ] DEBUG Engine               - class com.almasb.fxgl.notification.impl.NotificationServiceProvider
12:36:53.151 [FXGL Background Thread 3 ] DEBUG Engine               - class com.almasb.fxgl.achievement.AchievementService
12:36:53.151 [FXGL Background Thread 3 ] DEBUG Engine               - class com.almasb.fxgl.cutscene.CutsceneService
12:36:53.151 [FXGL Background Thread 3 ] DEBUG Engine               - class com.almasb.fxgl.minigames.MiniGameService
12:36:53.151 [FXGL Background Thread 3 ] DEBUG Engine               - class com.almasb.fxgl.net.NetService
12:36:53.151 [FXGL Background Thread 3 ] DEBUG Engine               - class com.almasb.fxgl.app.services.UpdaterService
12:36:53.151 [FXGL Background Thread 3 ] DEBUG Engine               - class com.almasb.fxgl.dev.DevService
12:36:54.451 [JavaFX Application Thread] DEBUG FXGLAssetLoaderServi - Loading from file system: file:/C:/Users/lenovo/Desktop/TankWar/target/classes/assets/textures/missileR.gif
12:37:28.328 [JavaFX Application Thread] DEBUG FXGLApplication      - Exiting FXGL
12:37:28.328 [JavaFX Application Thread] DEBUG LoopRunner           - Stopping loop
12:37:28.328 [JavaFX Application Thread] DEBUG SystemBundleService  - Saving FXGL system data
12:37:28.330 [JavaFX Application Thread] DEBUG FileSystemAccess     - Writing to: C:\Users\lenovo\Desktop\TankWar\system\fxgl.bundle
12:37:28.331 [JavaFX Application Thread] DEBUG Async                - Shutting down background threads
12:37:28.331 [JavaFX Application Thread] DEBUG PrimaryStageWindow   - Closing main window
12:37:28.339 [JavaFX Application Thread] DEBUG Logger               - Closing Logger
