18:00:08.643 [main                     ] DEBUG Logger               - Configured Logger
18:00:08.661 [main                     ] DEBUG GameApplication      - Logging settings
Title: TankWar
Version: 1.0
Width: 800
Height: 600
Fullscreen: false
Intro: false
Profiling: false
Single step:false
App Mode: DEVELOPER
Menu Key: ESCAPE
Stage Style: DECORATED
Scene Factory: class henu.soft.tankwar.TankApp$1

18:00:09.013 [JavaFX Application Thread] DEBUG FXGLApplication      - Initializing FXGL
18:00:09.017 [JavaFX Application Thread] INFO  Engine               - FXGL-17.1 (24.03.2022 17.34) on WINDOWS (J:18.0.2.1 FX:18.0.2)
18:00:09.017 [JavaFX Application Thread] DEBUG Engine               - JRE Vendor Name: Oracle Corporation
18:00:09.017 [JavaFX Application Thread] DEBUG Engine               - Running on OS: Windows 10 version 10.0
18:00:09.018 [JavaFX Application Thread] DEBUG Engine               - Architecture: amd64
18:00:09.018 [JavaFX Application Thread] INFO  Engine               - Source code and latest versions at: https://github.com/AlmasB/FXGL
18:00:09.018 [JavaFX Application Thread] INFO  Engine               -       Ask questions and discuss at: https://github.com/AlmasB/FXGL/discussions
18:00:09.018 [JavaFX Application Thread] INFO  Engine               -              Join the FXGL chat at: https://gitter.im/AlmasB/FXGL
18:00:09.079 [JavaFX Application Thread] DEBUG PrimaryStageWindow   - Creating a JavaFX scene
18:00:09.110 [JavaFX Application Thread] DEBUG PrimaryStageWindow   - Target settings size: 800.0 x 600.0
18:00:09.110 [JavaFX Application Thread] DEBUG PrimaryStageWindow   - Scaled scene size:    800.0 x 600.0
18:00:09.110 [JavaFX Application Thread] DEBUG PrimaryStageWindow   - Scaled ratio: (1.0, 1.0)
18:00:09.111 [JavaFX Application Thread] DEBUG PrimaryStageWindow   - Set initial scene to FXGLStartupScene
18:00:09.115 [JavaFX Application Thread] DEBUG PrimaryStageWindow   - Opening main window
18:00:09.177 [JavaFX Application Thread] DEBUG PrimaryStageWindow   - Window border size: (14.4000244140625, 37.5999755859375)
18:00:09.177 [JavaFX Application Thread] DEBUG PrimaryStageWindow   - Scaled size: 800.0 x 600.0
18:00:09.177 [JavaFX Application Thread] DEBUG PrimaryStageWindow   - Scaled ratio: (1.0, 1.0)
18:00:09.177 [JavaFX Application Thread] DEBUG PrimaryStageWindow   - Scene size: 800.0 x 600.0
18:00:09.177 [JavaFX Application Thread] DEBUG PrimaryStageWindow   - Stage size: 814.4000244140625 x 637.5999755859375
18:00:09.182 [FXGL Background Thread 1 ] DEBUG Engine               - Initializing environment variables
18:00:09.212 [FXGL Background Thread 1 ] DEBUG FXGLAssetLoaderServi - User app class for loading assets: class henu.soft.tankwar.TankApp
18:00:09.212 [FXGL Background Thread 1 ] DEBUG GameApplicationServi - Applying CSS: fxgl_dark.css
18:00:09.212 [FXGL Background Thread 1 ] DEBUG FXGLAssetLoaderServi - Loading from file system: jar:file:///C:/Users/lenovo/.m2/repository/com/github/almasb/fxgl/17.1/fxgl-17.1.jar!/fxglassets/ui/css/fxgl_dark.css
18:00:09.241 [FXGL Background Thread 1 ] DEBUG GameApplicationServi - Initializing application scenes
18:00:09.296 [FXGL Background Thread 1 ] DEBUG GameWorld            - Game world initialized
18:00:09.333 [FXGL Background Thread 1 ] DEBUG PhysicsWorld         - Physics world initialized: appHeight=600, physics.ppm=50.0
18:00:09.333 [FXGL Background Thread 1 ] DEBUG PhysicsWorld         - Using strategy: BRUTE_FORCE
18:00:09.336 [FXGL Background Thread 1 ] DEBUG GameScene            - Game scene initialized: 800x600
18:00:09.343 [FXGL Background Thread 1 ] DEBUG FXGL.DefaultMenu     - createMenuBodyMainMenu()
18:00:09.351 [FXGL Background Thread 1 ] DEBUG FXGL.DefaultMenu     - createOptionsMenu()
18:00:09.356 [FXGL Background Thread 1 ] DEBUG FXGLAssetLoaderServi - Loading from file system: jar:file:///C:/Users/lenovo/.m2/repository/com/github/almasb/fxgl/17.1/fxgl-17.1.jar!/fxglassets/textures/particles/smoke.png
18:00:09.416 [FXGL Background Thread 1 ] DEBUG FXGLAssetLoaderServi - Loading from file system: jar:file:///C:/Users/lenovo/.m2/repository/com/github/almasb/fxgl/17.1/fxgl-17.1.jar!/fxglassets/textures/particles/trace_horizontal.png
18:00:09.435 [FXGL Background Thread 1 ] DEBUG FXGL.DefaultMenu     - createMenuBodyGameMenu()
18:00:09.436 [FXGL Background Thread 1 ] DEBUG FXGL.DefaultMenu     - createOptionsMenu()
18:00:09.446 [FXGL Background Thread 1 ] DEBUG GameApplicationServi - Application scenes initialized
18:00:09.453 [FXGL Background Thread 1 ] DEBUG SystemBundleService  - Loading FXGL system data
18:00:09.456 [FXGL Background Thread 1 ] DEBUG FileSystemAccess     - Reading from: G:\code file\2022\2022.12\java\TankWar\system\fxgl.bundle
18:00:09.462 [FXGL Background Thread 1 ] DEBUG SystemBundleService  - Bundle FXGL: {}
18:00:09.462 [FXGL Background Thread 1 ] DEBUG UpdaterService       - Checking for updates
18:00:09.465 [FXGL Background Thread 4 ] DEBUG FXGLApplication      - Loading fonts
18:00:09.465 [FXGL Background Thread 1 ] DEBUG FXGLApplication      - Loading default localization
18:00:09.465 [FXGL Background Thread 4 ] DEBUG FXGLAssetLoaderServi - Loading from file system: jar:file:///C:/Users/lenovo/.m2/repository/com/github/almasb/fxgl/17.1/fxgl-17.1.jar!/fxglassets/ui/fonts/VarelaRound-Regular.ttf
18:00:09.465 [FXGL Background Thread 1 ] DEBUG FXGLAssetLoaderServi - Loading from file system: jar:file:///C:/Users/lenovo/.m2/repository/com/github/almasb/fxgl/17.1/fxgl-17.1.jar!/fxglassets/languages/english.lang
18:00:09.474 [FXGL Background Thread 1 ] INFO  FXGLApplication      - FXGL initialization took: 0.293 sec
18:00:09.481 [JavaFX Application Thread] DEBUG Input                - Registered new binding: action0 - D
18:00:09.481 [JavaFX Application Thread] DEBUG Input                - Registered new binding: action1 - A
18:00:09.481 [JavaFX Application Thread] DEBUG Input                - Registered new binding: action2 - W
18:00:09.482 [JavaFX Application Thread] DEBUG Input                - Registered new binding: action3 - S
18:00:09.482 [JavaFX Application Thread] DEBUG Input                - Registered new binding: action4 - Space
18:00:09.482 [JavaFX Application Thread] WARN  FXGLAssetLoaderServi - Asset "/assets/textures/10.gif" was not found!
18:00:09.482 [JavaFX Application Thread] WARN  FXGLAssetLoaderServi - Failed to load IMAGE
18:00:09.487 [JavaFX Application Thread] DEBUG FXGLAssetLoaderServi - Loading from file system: jar:file:///C:/Users/lenovo/.m2/repository/com/github/almasb/fxgl/17.1/fxgl-17.1.jar!/fxglassets/textures/fxgl_default_cursor.png
18:00:09.488 [JavaFX Application Thread] DEBUG Input                - Registered new binding: Screenshot - CTRL+8
18:00:09.489 [JavaFX Application Thread] DEBUG Input                - Registered new binding: System info dump - CTRL+9
18:00:09.489 [JavaFX Application Thread] DEBUG Input                - Registered new binding: Restart - CTRL+R
18:00:09.489 [JavaFX Application Thread] DEBUG Input                - Registered new binding: Toggle Debug Camera - CTRL+7
18:00:09.490 [JavaFX Application Thread] DEBUG LoopRunner           - Starting loop
18:00:09.490 [JavaFX Application Thread] DEBUG LoopRunner           - Initializing JavaFX AnimationTimerLoop
18:00:09.492 [JavaFX Application Thread] DEBUG Input                - Clearing active input actions
18:00:09.496 [JavaFX Application Thread] DEBUG GameApplicationServi - Removing overlay from FXGLStartupScene and adding to FXGLMainMenuDummyScene
18:00:09.497 [JavaFX Application Thread] DEBUG PrimaryStageWindow   - FXGLStartupScene -> FXGLMainMenuDummyScene
18:00:09.497 [JavaFX Application Thread] DEBUG PrimaryStageWindow   - Push state: FXGLDefaultMenu
18:00:09.500 [JavaFX Application Thread] DEBUG Input                - Clearing active input actions
18:00:09.505 [JavaFX Application Thread] DEBUG GameApplicationServi - Removing overlay from FXGLMainMenuDummyScene and adding to FXGLDefaultMenu
18:00:09.505 [JavaFX Application Thread] DEBUG PrimaryStageWindow   - FXGLMainMenuDummyScene -> FXGLDefaultMenu
18:00:09.548 [FXGL Background Thread 4 ] DEBUG FXGLAssetLoaderServi - Loading from file system: jar:file:///C:/Users/lenovo/.m2/repository/com/github/almasb/fxgl/17.1/fxgl-17.1.jar!/fxglassets/ui/fonts/Abel-Regular.ttf
18:00:09.554 [FXGL Background Thread 4 ] DEBUG FXGLAssetLoaderServi - Loading from file system: jar:file:///C:/Users/lenovo/.m2/repository/com/github/almasb/fxgl/17.1/fxgl-17.1.jar!/fxglassets/ui/fonts/TerminalLandMono-Regular.otf
18:00:09.566 [FXGL Background Thread 4 ] DEBUG FXGLAssetLoaderServi - Loading from file system: jar:file:///C:/Users/lenovo/.m2/repository/com/github/almasb/fxgl/17.1/fxgl-17.1.jar!/fxglassets/ui/fonts/Courier-Prime.ttf
18:00:09.601 [JavaFX Application Thread] DEBUG FXGLApplication      - Registering font factories with UI factory
18:00:09.635 [FXGL Background Thread 2 ] WARN  UpdaterService       - Failed to find updates: javax.net.ssl.SSLHandshakeException: PKIX path building failed: sun.security.provider.certpath.SunCertPathBuilderException: unable to find valid certification path to requested target
18:00:12.465 [FXGL Background Thread 3 ] DEBUG Engine               - Logging environment variables
18:00:12.465 [FXGL Background Thread 3 ] DEBUG Engine               - achievements: []
18:00:12.465 [FXGL Background Thread 3 ] DEBUG Engine               - actualHeight: 600.0
18:00:12.465 [FXGL Background Thread 3 ] DEBUG Engine               - actualHeightProperty: ReadOnlyDoubleProperty [value: 600.0]
18:00:12.465 [FXGL Background Thread 3 ] DEBUG Engine               - actualWidth: 800.0
18:00:12.465 [FXGL Background Thread 3 ] DEBUG Engine               - actualWidthProperty: ReadOnlyDoubleProperty [value: 800.0]
18:00:12.465 [FXGL Background Thread 3 ] DEBUG Engine               - appIcon: 10.gif
18:00:12.465 [FXGL Background Thread 3 ] DEBUG Engine               - applicationMode: DEVELOPER
18:00:12.465 [FXGL Background Thread 3 ] DEBUG Engine               - cSSList: [fxgl_dark.css]
18:00:12.465 [FXGL Background Thread 3 ] DEBUG Engine               - collisionDetectionStrategy: BRUTE_FORCE
18:00:12.465 [FXGL Background Thread 3 ] DEBUG Engine               - configClass: Optional.empty
18:00:12.466 [FXGL Background Thread 3 ] DEBUG Engine               - credits: []
18:00:12.466 [FXGL Background Thread 3 ] DEBUG Engine               - defaultCursor: CursorInfo(imageName=fxgl_default_cursor.png, hotspotX=7.0, hotspotY=6.0)
18:00:12.466 [FXGL Background Thread 3 ] DEBUG Engine               - devBBoxColorProperty: ObjectProperty [value: 0xff0000ff]
18:00:12.466 [FXGL Background Thread 3 ] DEBUG Engine               - devEnableDebugCameraProperty: BooleanProperty [value: false]
18:00:12.466 [FXGL Background Thread 3 ] DEBUG Engine               - devSensorColorProperty: ObjectProperty [value: 0xffff00ff]
18:00:12.466 [FXGL Background Thread 3 ] DEBUG Engine               - devShowBBoxProperty: BooleanProperty [value: false]
18:00:12.466 [FXGL Background Thread 3 ] DEBUG Engine               - devShowPositionProperty: BooleanProperty [value: false]
18:00:12.466 [FXGL Background Thread 3 ] DEBUG Engine               - enabledMenuItems: []
18:00:12.466 [FXGL Background Thread 3 ] DEBUG Engine               - engineServices: [class com.almasb.fxgl.app.services.FXGLAssetLoaderService, class com.almasb.fxgl.app.FXGLApplication$GameApplicationService, class com.almasb.fxgl.app.services.FXGLDialogService, class com.almasb.fxgl.app.services.IOTaskExecutorService, class com.almasb.fxgl.io.FileSystemService, class com.almasb.fxgl.localization.LocalizationService, class com.almasb.fxgl.app.services.SystemBundleService, class com.almasb.fxgl.profile.SaveLoadService, class com.almasb.fxgl.ui.FXGLUIFactoryServiceProvider, class com.almasb.fxgl.ui.FXGLDialogFactoryServiceProvider, class com.almasb.fxgl.audio.AudioPlayer, class com.almasb.fxgl.notification.impl.NotificationServiceProvider, class com.almasb.fxgl.achievement.AchievementService, class com.almasb.fxgl.cutscene.CutsceneService, class com.almasb.fxgl.minigames.MiniGameService, class com.almasb.fxgl.net.NetService, class com.almasb.fxgl.app.services.UpdaterService, class com.almasb.fxgl.dev.DevService]
18:00:12.466 [FXGL Background Thread 3 ] DEBUG Engine               - fontGame: Abel-Regular.ttf
18:00:12.467 [FXGL Background Thread 3 ] DEBUG Engine               - fontMono: TerminalLandMono-Regular.otf
18:00:12.467 [FXGL Background Thread 3 ] DEBUG Engine               - fontText: Courier-Prime.ttf
18:00:12.467 [FXGL Background Thread 3 ] DEBUG Engine               - fontUI: VarelaRound-Regular.ttf
18:00:12.467 [FXGL Background Thread 3 ] DEBUG Engine               - fullScreen: BooleanProperty [value: false]
18:00:12.467 [FXGL Background Thread 3 ] DEBUG Engine               - gameDifficulty: MEDIUM
18:00:12.467 [FXGL Background Thread 3 ] DEBUG Engine               - gameDifficultyProperty: ObjectProperty [value: MEDIUM]
18:00:12.467 [FXGL Background Thread 3 ] DEBUG Engine               - globalMusicVolume: 0.5
18:00:12.467 [FXGL Background Thread 3 ] DEBUG Engine               - globalMusicVolumeProperty: DoubleProperty [value: 0.5]
18:00:12.467 [FXGL Background Thread 3 ] DEBUG Engine               - globalSoundVolume: 0.5
18:00:12.467 [FXGL Background Thread 3 ] DEBUG Engine               - globalSoundVolumeProperty: DoubleProperty [value: 0.5]
18:00:12.467 [FXGL Background Thread 3 ] DEBUG Engine               - height: 600
18:00:12.467 [FXGL Background Thread 3 ] DEBUG Engine               - is3D: false
18:00:12.467 [FXGL Background Thread 3 ] DEBUG Engine               - isAndroid: false
18:00:12.467 [FXGL Background Thread 3 ] DEBUG Engine               - isBrowser: false
18:00:12.467 [FXGL Background Thread 3 ] DEBUG Engine               - isClickFeedbackEnabled: false
18:00:12.467 [FXGL Background Thread 3 ] DEBUG Engine               - isCloseConfirmation: false
18:00:12.467 [FXGL Background Thread 3 ] DEBUG Engine               - isDesktop: true
18:00:12.467 [FXGL Background Thread 3 ] DEBUG Engine               - isDeveloperMenuEnabled: false
18:00:12.468 [FXGL Background Thread 3 ] DEBUG Engine               - isEmbedded: false
18:00:12.468 [FXGL Background Thread 3 ] DEBUG Engine               - isEntityPreloadEnabled: true
18:00:12.468 [FXGL Background Thread 3 ] DEBUG Engine               - isExperimentalTiledLargeMap: false
18:00:12.468 [FXGL Background Thread 3 ] DEBUG Engine               - isFileSystemWriteAllowed: true
18:00:12.468 [FXGL Background Thread 3 ] DEBUG Engine               - isFullScreenAllowed: false
18:00:12.468 [FXGL Background Thread 3 ] DEBUG Engine               - isFullScreenFromStart: false
18:00:12.468 [FXGL Background Thread 3 ] DEBUG Engine               - isGameMenuEnabled: true
18:00:12.468 [FXGL Background Thread 3 ] DEBUG Engine               - isIOS: false
18:00:12.468 [FXGL Background Thread 3 ] DEBUG Engine               - isIntroEnabled: false
18:00:12.468 [FXGL Background Thread 3 ] DEBUG Engine               - isLinux: false
18:00:12.468 [FXGL Background Thread 3 ] DEBUG Engine               - isMac: false
18:00:12.468 [FXGL Background Thread 3 ] DEBUG Engine               - isMainMenuEnabled: true
18:00:12.468 [FXGL Background Thread 3 ] DEBUG Engine               - isManualResizeEnabled: false
18:00:12.468 [FXGL Background Thread 3 ] DEBUG Engine               - isMobile: false
18:00:12.468 [FXGL Background Thread 3 ] DEBUG Engine               - isNative: false
18:00:12.468 [FXGL Background Thread 3 ] DEBUG Engine               - isPauseMusicWhenMinimized: true
18:00:12.468 [FXGL Background Thread 3 ] DEBUG Engine               - isPreserveResizeRatio: false
18:00:12.468 [FXGL Background Thread 3 ] DEBUG Engine               - isProfilingEnabled: false
18:00:12.468 [FXGL Background Thread 3 ] DEBUG Engine               - isScaleAffectedOnResize: true
18:00:12.468 [FXGL Background Thread 3 ] DEBUG Engine               - isSingleStep: false
18:00:12.468 [FXGL Background Thread 3 ] DEBUG Engine               - isUserProfileEnabled: false
18:00:12.468 [FXGL Background Thread 3 ] DEBUG Engine               - isWindows: true
18:00:12.468 [FXGL Background Thread 3 ] DEBUG Engine               - language: ObjectProperty [value: ENGLISH]
18:00:12.468 [FXGL Background Thread 3 ] DEBUG Engine               - menuKey: ESCAPE
18:00:12.469 [FXGL Background Thread 3 ] DEBUG Engine               - mouseSensitivity: 0.2
18:00:12.469 [FXGL Background Thread 3 ] DEBUG Engine               - notificationViewClass: class com.almasb.fxgl.notification.view.XboxNotificationView
18:00:12.469 [FXGL Background Thread 3 ] DEBUG Engine               - pixelsPerMeter: 50.0
18:00:12.469 [FXGL Background Thread 3 ] DEBUG Engine               - platform: WINDOWS
18:00:12.469 [FXGL Background Thread 3 ] DEBUG Engine               - prefHeightProperty: ReadOnlyDoubleProperty [value: 600.0]
18:00:12.469 [FXGL Background Thread 3 ] DEBUG Engine               - prefWidthProperty: ReadOnlyDoubleProperty [value: 800.0]
18:00:12.469 [FXGL Background Thread 3 ] DEBUG Engine               - profileDir: profiles/
18:00:12.469 [FXGL Background Thread 3 ] DEBUG Engine               - profileName: StringProperty [value: DEFAULT]
18:00:12.469 [FXGL Background Thread 3 ] DEBUG Engine               - randomSeed: -1
18:00:12.469 [FXGL Background Thread 3 ] DEBUG Engine               - runtimeInfo: RuntimeInfo(platform=WINDOWS, version=17.1, build=24.03.2022 17.34)
18:00:12.469 [FXGL Background Thread 3 ] DEBUG Engine               - saveFileExt: sav
18:00:12.469 [FXGL Background Thread 3 ] DEBUG Engine               - scaledHeightProp$fxgl: DoubleProperty [bound, value: 600.0]
18:00:12.469 [FXGL Background Thread 3 ] DEBUG Engine               - scaledWidthProp$fxgl: DoubleProperty [bound, value: 800.0]
18:00:12.469 [FXGL Background Thread 3 ] DEBUG Engine               - sceneFactory: henu.soft.tankwar.TankApp$1@7647dbd3
18:00:12.469 [FXGL Background Thread 3 ] DEBUG Engine               - secondsIn24h: 60
18:00:12.469 [FXGL Background Thread 3 ] DEBUG Engine               - soundMenuBack: menu/back.wav
18:00:12.469 [FXGL Background Thread 3 ] DEBUG Engine               - soundMenuPress: menu/press.wav
18:00:12.469 [FXGL Background Thread 3 ] DEBUG Engine               - soundMenuSelect: menu/select.wav
18:00:12.469 [FXGL Background Thread 3 ] DEBUG Engine               - soundNotification: core/notification.wav
18:00:12.469 [FXGL Background Thread 3 ] DEBUG Engine               - stageStyle: DECORATED
18:00:12.469 [FXGL Background Thread 3 ] DEBUG Engine               - supportedLanguages: [ENGLISH, FRENCH, GERMAN, HUNGARIAN, RUSSIAN]
18:00:12.469 [FXGL Background Thread 3 ] DEBUG Engine               - ticksPerSecond: -1
18:00:12.470 [FXGL Background Thread 3 ] DEBUG Engine               - title: TankWar
18:00:12.470 [FXGL Background Thread 3 ] DEBUG Engine               - urlGithub: https://github.com/AlmasB/FXGL
18:00:12.470 [FXGL Background Thread 3 ] DEBUG Engine               - urlLeaderboard: http://fxgl-top.herokuapp.com/
18:00:12.470 [FXGL Background Thread 3 ] DEBUG Engine               - urlPOM: https://raw.githubusercontent.com/AlmasB/FXGL/release/README.md
18:00:12.470 [FXGL Background Thread 3 ] DEBUG Engine               - userAppClass: class henu.soft.tankwar.TankApp
18:00:12.470 [FXGL Background Thread 3 ] DEBUG Engine               - version: 1.0
18:00:12.470 [FXGL Background Thread 3 ] DEBUG Engine               - versionCheckDays: 7
18:00:12.470 [FXGL Background Thread 3 ] DEBUG Engine               - width: 800
18:00:12.470 [FXGL Background Thread 3 ] DEBUG Engine               - Logging services
18:00:12.470 [FXGL Background Thread 3 ] DEBUG Engine               - class com.almasb.fxgl.app.services.FXGLAssetLoaderService
18:00:12.470 [FXGL Background Thread 3 ] DEBUG Engine               - class com.almasb.fxgl.app.FXGLApplication$GameApplicationService
18:00:12.470 [FXGL Background Thread 3 ] DEBUG Engine               - class com.almasb.fxgl.app.services.FXGLDialogService
18:00:12.470 [FXGL Background Thread 3 ] DEBUG Engine               - class com.almasb.fxgl.app.services.IOTaskExecutorService
18:00:12.470 [FXGL Background Thread 3 ] DEBUG Engine               - class com.almasb.fxgl.io.FileSystemService
18:00:12.470 [FXGL Background Thread 3 ] DEBUG Engine               - class com.almasb.fxgl.localization.LocalizationService
18:00:12.470 [FXGL Background Thread 3 ] DEBUG Engine               - class com.almasb.fxgl.app.services.SystemBundleService
18:00:12.470 [FXGL Background Thread 3 ] DEBUG Engine               - class com.almasb.fxgl.profile.SaveLoadService
18:00:12.470 [FXGL Background Thread 3 ] DEBUG Engine               - class com.almasb.fxgl.ui.FXGLUIFactoryServiceProvider
18:00:12.470 [FXGL Background Thread 3 ] DEBUG Engine               - class com.almasb.fxgl.ui.FXGLDialogFactoryServiceProvider
18:00:12.470 [FXGL Background Thread 3 ] DEBUG Engine               - class com.almasb.fxgl.audio.AudioPlayer
18:00:12.470 [FXGL Background Thread 3 ] DEBUG Engine               - class com.almasb.fxgl.notification.impl.NotificationServiceProvider
18:00:12.470 [FXGL Background Thread 3 ] DEBUG Engine               - class com.almasb.fxgl.achievement.AchievementService
18:00:12.470 [FXGL Background Thread 3 ] DEBUG Engine               - class com.almasb.fxgl.cutscene.CutsceneService
18:00:12.470 [FXGL Background Thread 3 ] DEBUG Engine               - class com.almasb.fxgl.minigames.MiniGameService
18:00:12.470 [FXGL Background Thread 3 ] DEBUG Engine               - class com.almasb.fxgl.net.NetService
18:00:12.470 [FXGL Background Thread 3 ] DEBUG Engine               - class com.almasb.fxgl.app.services.UpdaterService
18:00:12.470 [FXGL Background Thread 3 ] DEBUG Engine               - class com.almasb.fxgl.dev.DevService
18:00:21.088 [JavaFX Application Thread] DEBUG FXGLApplication      - Exiting FXGL
18:00:21.088 [JavaFX Application Thread] DEBUG LoopRunner           - Stopping loop
18:00:21.088 [JavaFX Application Thread] DEBUG SystemBundleService  - Saving FXGL system data
18:00:21.089 [JavaFX Application Thread] DEBUG FileSystemAccess     - Writing to: G:\code file\2022\2022.12\java\TankWar\system\fxgl.bundle
18:00:21.091 [JavaFX Application Thread] DEBUG Async                - Shutting down background threads
18:00:21.091 [JavaFX Application Thread] DEBUG PrimaryStageWindow   - Closing main window
18:00:21.099 [JavaFX Application Thread] DEBUG Logger               - Closing Logger
