10:39:31.730 [main                     ] DEBUG Logger               - Configured Logger
10:39:31.747 [main                     ] DEBUG GameApplication      - Logging settings
Title: TankWar
Version: 1.0
Width: 800
Height: 600
Fullscreen: false
Intro: false
Profiling: false
Single step:false
App Mode: DEVELOPER
Menu Key: ESCAPE
Stage Style: DECORATED
Scene Factory: class com.almasb.fxgl.app.scene.SceneFactory

10:39:32.097 [JavaFX Application Thread] DEBUG FXGLApplication      - Initializing FXGL
10:39:32.101 [JavaFX Application Thread] INFO  Engine               - FXGL-17.1 (24.03.2022 17.34) on WINDOWS (J:18.0.2.1 FX:18.0.2)
10:39:32.102 [JavaFX Application Thread] DEBUG Engine               - JRE Vendor Name: Oracle Corporation
10:39:32.102 [JavaFX Application Thread] DEBUG Engine               - Running on OS: Windows 10 version 10.0
10:39:32.102 [JavaFX Application Thread] DEBUG Engine               - Architecture: amd64
10:39:32.102 [JavaFX Application Thread] INFO  Engine               - Source code and latest versions at: https://github.com/AlmasB/FXGL
10:39:32.102 [JavaFX Application Thread] INFO  Engine               -       Ask questions and discuss at: https://github.com/AlmasB/FXGL/discussions
10:39:32.102 [JavaFX Application Thread] INFO  Engine               -              Join the FXGL chat at: https://gitter.im/AlmasB/FXGL
10:39:32.162 [JavaFX Application Thread] DEBUG PrimaryStageWindow   - Creating a JavaFX scene
10:39:32.193 [JavaFX Application Thread] DEBUG PrimaryStageWindow   - Target settings size: 800.0 x 600.0
10:39:32.193 [JavaFX Application Thread] DEBUG PrimaryStageWindow   - Scaled scene size:    800.0 x 600.0
10:39:32.193 [JavaFX Application Thread] DEBUG PrimaryStageWindow   - Scaled ratio: (1.0, 1.0)
10:39:32.194 [JavaFX Application Thread] DEBUG PrimaryStageWindow   - Set initial scene to FXGLStartupScene
10:39:32.198 [JavaFX Application Thread] DEBUG PrimaryStageWindow   - Opening main window
10:39:32.254 [JavaFX Application Thread] DEBUG PrimaryStageWindow   - Window border size: (14.4000244140625, 37.5999755859375)
10:39:32.254 [JavaFX Application Thread] DEBUG PrimaryStageWindow   - Scaled size: 800.0 x 600.0
10:39:32.255 [JavaFX Application Thread] DEBUG PrimaryStageWindow   - Scaled ratio: (1.0, 1.0)
10:39:32.255 [JavaFX Application Thread] DEBUG PrimaryStageWindow   - Scene size: 800.0 x 600.0
10:39:32.255 [JavaFX Application Thread] DEBUG PrimaryStageWindow   - Stage size: 814.4000244140625 x 637.5999755859375
10:39:32.259 [FXGL Background Thread 1 ] DEBUG Engine               - Initializing environment variables
10:39:32.290 [FXGL Background Thread 1 ] DEBUG FXGLAssetLoaderServi - User app class for loading assets: class henu.soft.tankwar.TankApp
10:39:32.290 [FXGL Background Thread 1 ] DEBUG GameApplicationServi - Applying CSS: fxgl_dark.css
10:39:32.291 [FXGL Background Thread 1 ] DEBUG FXGLAssetLoaderServi - Loading from file system: jar:file:///C:/Users/lenovo/.m2/repository/com/github/almasb/fxgl/17.1/fxgl-17.1.jar!/fxglassets/ui/css/fxgl_dark.css
10:39:32.321 [FXGL Background Thread 1 ] DEBUG GameApplicationServi - Initializing application scenes
10:39:32.378 [FXGL Background Thread 1 ] DEBUG GameWorld            - Game world initialized
10:39:32.418 [FXGL Background Thread 1 ] DEBUG PhysicsWorld         - Physics world initialized: appHeight=600, physics.ppm=50.0
10:39:32.418 [FXGL Background Thread 1 ] DEBUG PhysicsWorld         - Using strategy: BRUTE_FORCE
10:39:32.420 [FXGL Background Thread 1 ] DEBUG GameScene            - Game scene initialized: 800x600
10:39:32.426 [FXGL Background Thread 1 ] DEBUG FXGL.DefaultMenu     - createMenuBodyGameMenu()
10:39:32.434 [FXGL Background Thread 1 ] DEBUG FXGL.DefaultMenu     - createOptionsMenu()
10:39:32.439 [FXGL Background Thread 1 ] DEBUG FXGLAssetLoaderServi - Loading from file system: jar:file:///C:/Users/lenovo/.m2/repository/com/github/almasb/fxgl/17.1/fxgl-17.1.jar!/fxglassets/textures/particles/smoke.png
10:39:32.497 [FXGL Background Thread 1 ] DEBUG FXGLAssetLoaderServi - Loading from file system: jar:file:///C:/Users/lenovo/.m2/repository/com/github/almasb/fxgl/17.1/fxgl-17.1.jar!/fxglassets/textures/particles/trace_horizontal.png
10:39:32.515 [FXGL Background Thread 1 ] DEBUG GameApplicationServi - Application scenes initialized
10:39:32.522 [FXGL Background Thread 1 ] DEBUG SystemBundleService  - Loading FXGL system data
10:39:32.525 [FXGL Background Thread 1 ] DEBUG FileSystemAccess     - Reading from: G:\code file\2022\2022.12\java\TankWar\system\fxgl.bundle
10:39:32.530 [FXGL Background Thread 1 ] DEBUG SystemBundleService  - Bundle FXGL: {}
10:39:32.530 [FXGL Background Thread 1 ] DEBUG UpdaterService       - Checking for updates
10:39:32.533 [FXGL Background Thread 4 ] DEBUG FXGLApplication      - Loading fonts
10:39:32.533 [FXGL Background Thread 1 ] DEBUG FXGLApplication      - Loading default localization
10:39:32.533 [FXGL Background Thread 4 ] DEBUG FXGLAssetLoaderServi - Loading from file system: jar:file:///C:/Users/lenovo/.m2/repository/com/github/almasb/fxgl/17.1/fxgl-17.1.jar!/fxglassets/ui/fonts/VarelaRound-Regular.ttf
10:39:32.533 [FXGL Background Thread 1 ] DEBUG FXGLAssetLoaderServi - Loading from file system: jar:file:///C:/Users/lenovo/.m2/repository/com/github/almasb/fxgl/17.1/fxgl-17.1.jar!/fxglassets/languages/english.lang
10:39:32.545 [FXGL Background Thread 1 ] INFO  FXGLApplication      - FXGL initialization took: 0.285 sec
10:39:32.552 [JavaFX Application Thread] DEBUG Input                - Registered new binding: action0 - D
10:39:32.552 [JavaFX Application Thread] DEBUG Input                - Registered new binding: action1 - A
10:39:32.552 [JavaFX Application Thread] DEBUG Input                - Registered new binding: action2 - W
10:39:32.552 [JavaFX Application Thread] DEBUG Input                - Registered new binding: action3 - S
10:39:32.553 [JavaFX Application Thread] DEBUG Input                - Registered new binding: action4 - Space
10:39:32.553 [JavaFX Application Thread] DEBUG FXGLAssetLoaderServi - Loading from file system: file:/G:/code%20file/2022/2022.12/java/TankWar/target/classes/assets/textures/10.gif
10:39:32.558 [JavaFX Application Thread] DEBUG FXGLAssetLoaderServi - Loading from file system: jar:file:///C:/Users/lenovo/.m2/repository/com/github/almasb/fxgl/17.1/fxgl-17.1.jar!/fxglassets/textures/fxgl_default_cursor.png
10:39:32.559 [JavaFX Application Thread] DEBUG Input                - Registered new binding: Screenshot - CTRL+8
10:39:32.560 [JavaFX Application Thread] DEBUG Input                - Registered new binding: System info dump - CTRL+9
10:39:32.560 [JavaFX Application Thread] DEBUG Input                - Registered new binding: Restart - CTRL+R
10:39:32.560 [JavaFX Application Thread] DEBUG Input                - Registered new binding: Toggle Debug Camera - CTRL+7
10:39:32.561 [JavaFX Application Thread] DEBUG LoopRunner           - Starting loop
10:39:32.561 [JavaFX Application Thread] DEBUG LoopRunner           - Initializing JavaFX AnimationTimerLoop
10:39:32.562 [JavaFX Application Thread] DEBUG GameApplicationServi - Starting new game
10:39:32.562 [JavaFX Application Thread] DEBUG Input                - Clearing active input actions
10:39:32.569 [JavaFX Application Thread] DEBUG GameApplicationServi - Removing overlay from FXGLStartupScene and adding to FXGLLoadingScene
10:39:32.569 [JavaFX Application Thread] DEBUG PrimaryStageWindow   - FXGLStartupScene -> FXGLLoadingScene
10:39:32.569 [JavaFX Application Thread] DEBUG GameApplicationServi - Clearing previous game
10:39:32.569 [JavaFX Application Thread] DEBUG GameScene            - Clearing game scene
10:39:32.569 [JavaFX Application Thread] DEBUG GameWorld            - Clearing game world
10:39:32.569 [JavaFX Application Thread] DEBUG PhysicsWorld         - Clearing physics world
10:39:32.570 [FXGL Background Thread 1 ] DEBUG FXGLApplication      - Initializing game
10:39:32.575 [FXGL Background Thread 1 ] DEBUG FXGLAssetLoaderServi - Loading from file system: file:/G:/code%20file/2022/2022.12/java/TankWar/target/classes/assets/textures/tankR.gif
10:39:32.591 [FXGL Background Thread 1 ] DEBUG FXGLAssetLoaderServi - Loading from file system: file:/G:/code%20file/2022/2022.12/java/TankWar/target/classes/assets/textures/bricks.gif
10:39:32.621 [FXGL Background Thread 1 ] INFO  FXGLApplication      - Game initialization took: 0.051 sec
10:39:32.654 [JavaFX Application Thread] DEBUG Input                - Clearing active input actions
10:39:32.662 [JavaFX Application Thread] DEBUG GameApplicationServi - Removing overlay from FXGLLoadingScene and adding to GameScene
10:39:32.662 [JavaFX Application Thread] DEBUG PrimaryStageWindow   - FXGLLoadingScene -> GameScene
10:39:32.671 [FXGL Background Thread 4 ] DEBUG FXGLAssetLoaderServi - Loading from file system: jar:file:///C:/Users/lenovo/.m2/repository/com/github/almasb/fxgl/17.1/fxgl-17.1.jar!/fxglassets/ui/fonts/Abel-Regular.ttf
10:39:32.678 [FXGL Background Thread 4 ] DEBUG FXGLAssetLoaderServi - Loading from file system: jar:file:///C:/Users/lenovo/.m2/repository/com/github/almasb/fxgl/17.1/fxgl-17.1.jar!/fxglassets/ui/fonts/TerminalLandMono-Regular.otf
10:39:32.684 [FXGL Background Thread 4 ] DEBUG FXGLAssetLoaderServi - Loading from file system: jar:file:///C:/Users/lenovo/.m2/repository/com/github/almasb/fxgl/17.1/fxgl-17.1.jar!/fxglassets/ui/fonts/Courier-Prime.ttf
10:39:32.693 [JavaFX Application Thread] DEBUG FXGLApplication      - Registering font factories with UI factory
10:39:32.759 [FXGL Background Thread 2 ] WARN  UpdaterService       - Failed to find updates: javax.net.ssl.SSLHandshakeException: PKIX path building failed: sun.security.provider.certpath.SunCertPathBuilderException: unable to find valid certification path to requested target
10:39:34.419 [JavaFX Application Thread] DEBUG FXGLApplication      - Exiting FXGL
10:39:34.419 [JavaFX Application Thread] DEBUG LoopRunner           - Stopping loop
10:39:34.419 [JavaFX Application Thread] DEBUG SystemBundleService  - Saving FXGL system data
10:39:34.420 [JavaFX Application Thread] DEBUG FileSystemAccess     - Writing to: G:\code file\2022\2022.12\java\TankWar\system\fxgl.bundle
10:39:34.422 [JavaFX Application Thread] DEBUG Async                - Shutting down background threads
10:39:34.422 [JavaFX Application Thread] DEBUG PrimaryStageWindow   - Closing main window
10:39:34.430 [JavaFX Application Thread] DEBUG Logger               - Closing Logger
